<?xml version="1.0" encoding="UTF-8"?>
<testsuites name="jest tests" tests="43" failures="42" errors="0" time="76.082">
  <testsuite name="ListaCancha Component" errors="0" failures="9" skipped="0" timestamp="2025-04-01T16:55:43" time="50.697" tests="9">
    <testcase classname="ListaCancha Component renders list of canchas" name="ListaCancha Component renders list of canchas" time="0.023">
      <failure>ReferenceError: AuthProvider is not defined
    at AuthProvider (C:\Users\nicol\OneDrive\Documentos\GitHub\metricas\cliente\src\components\__tests__\ListaCancha.test.jsx:37:6)
    at Object.renderListaCancha (C:\Users\nicol\OneDrive\Documentos\GitHub\metricas\cliente\src\components\__tests__\ListaCancha.test.jsx:52:5)
    at Promise.then.completed (C:\Users\nicol\OneDrive\Documentos\GitHub\metricas\cliente\node_modules\jest-circus\build\utils.js:298:28)
    at new Promise (&lt;anonymous&gt;)
    at callAsyncCircusFn (C:\Users\nicol\OneDrive\Documentos\GitHub\metricas\cliente\node_modules\jest-circus\build\utils.js:231:10)
    at _callCircusTest (C:\Users\nicol\OneDrive\Documentos\GitHub\metricas\cliente\node_modules\jest-circus\build\run.js:316:40)
    at processTicksAndRejections (node:internal/process/task_queues:105:5)
    at _runTest (C:\Users\nicol\OneDrive\Documentos\GitHub\metricas\cliente\node_modules\jest-circus\build\run.js:252:3)
    at _runTestsForDescribeBlock (C:\Users\nicol\OneDrive\Documentos\GitHub\metricas\cliente\node_modules\jest-circus\build\run.js:126:9)
    at _runTestsForDescribeBlock (C:\Users\nicol\OneDrive\Documentos\GitHub\metricas\cliente\node_modules\jest-circus\build\run.js:121:9)
    at run (C:\Users\nicol\OneDrive\Documentos\GitHub\metricas\cliente\node_modules\jest-circus\build\run.js:71:3)
    at runAndTransformResultsToJestFormat (C:\Users\nicol\OneDrive\Documentos\GitHub\metricas\cliente\node_modules\jest-circus\build\legacy-code-todo-rewrite\jestAdapterInit.js:122:21)
    at jestAdapter (C:\Users\nicol\OneDrive\Documentos\GitHub\metricas\cliente\node_modules\jest-circus\build\legacy-code-todo-rewrite\jestAdapter.js:79:19)
    at runTestInternal (C:\Users\nicol\OneDrive\Documentos\GitHub\metricas\cliente\node_modules\jest-runner\build\runTest.js:367:16)
    at runTest (C:\Users\nicol\OneDrive\Documentos\GitHub\metricas\cliente\node_modules\jest-runner\build\runTest.js:444:34)
    at Object.worker (C:\Users\nicol\OneDrive\Documentos\GitHub\metricas\cliente\node_modules\jest-runner\build\testWorker.js:106:12)</failure>
    </testcase>
    <testcase classname="ListaCancha Component renders empty state when no canchas available" name="ListaCancha Component renders empty state when no canchas available" time="0.005">
      <failure>ReferenceError: AuthProvider is not defined
    at AuthProvider (C:\Users\nicol\OneDrive\Documentos\GitHub\metricas\cliente\src\components\__tests__\ListaCancha.test.jsx:37:6)
    at Object.renderListaCancha (C:\Users\nicol\OneDrive\Documentos\GitHub\metricas\cliente\src\components\__tests__\ListaCancha.test.jsx:69:5)
    at Promise.then.completed (C:\Users\nicol\OneDrive\Documentos\GitHub\metricas\cliente\node_modules\jest-circus\build\utils.js:298:28)
    at new Promise (&lt;anonymous&gt;)
    at callAsyncCircusFn (C:\Users\nicol\OneDrive\Documentos\GitHub\metricas\cliente\node_modules\jest-circus\build\utils.js:231:10)
    at _callCircusTest (C:\Users\nicol\OneDrive\Documentos\GitHub\metricas\cliente\node_modules\jest-circus\build\run.js:316:40)
    at processTicksAndRejections (node:internal/process/task_queues:105:5)
    at _runTest (C:\Users\nicol\OneDrive\Documentos\GitHub\metricas\cliente\node_modules\jest-circus\build\run.js:252:3)
    at _runTestsForDescribeBlock (C:\Users\nicol\OneDrive\Documentos\GitHub\metricas\cliente\node_modules\jest-circus\build\run.js:126:9)
    at _runTestsForDescribeBlock (C:\Users\nicol\OneDrive\Documentos\GitHub\metricas\cliente\node_modules\jest-circus\build\run.js:121:9)
    at run (C:\Users\nicol\OneDrive\Documentos\GitHub\metricas\cliente\node_modules\jest-circus\build\run.js:71:3)
    at runAndTransformResultsToJestFormat (C:\Users\nicol\OneDrive\Documentos\GitHub\metricas\cliente\node_modules\jest-circus\build\legacy-code-todo-rewrite\jestAdapterInit.js:122:21)
    at jestAdapter (C:\Users\nicol\OneDrive\Documentos\GitHub\metricas\cliente\node_modules\jest-circus\build\legacy-code-todo-rewrite\jestAdapter.js:79:19)
    at runTestInternal (C:\Users\nicol\OneDrive\Documentos\GitHub\metricas\cliente\node_modules\jest-runner\build\runTest.js:367:16)
    at runTest (C:\Users\nicol\OneDrive\Documentos\GitHub\metricas\cliente\node_modules\jest-runner\build\runTest.js:444:34)
    at Object.worker (C:\Users\nicol\OneDrive\Documentos\GitHub\metricas\cliente\node_modules\jest-runner\build\testWorker.js:106:12)</failure>
    </testcase>
    <testcase classname="ListaCancha Component handles load error with network timeout" name="ListaCancha Component handles load error with network timeout" time="0.045">
      <failure>ReferenceError: AuthProvider is not defined
    at AuthProvider (C:\Users\nicol\OneDrive\Documentos\GitHub\metricas\cliente\src\components\__tests__\ListaCancha.test.jsx:37:6)
    at renderListaCancha (C:\Users\nicol\OneDrive\Documentos\GitHub\metricas\cliente\src\components\__tests__\ListaCancha.test.jsx:77:5)
    at call (C:\Users\nicol\OneDrive\Documentos\GitHub\metricas\cliente\src\components\__tests__\ListaCancha.test.jsx:2:1)
    at Generator.tryCatch (C:\Users\nicol\OneDrive\Documentos\GitHub\metricas\cliente\src\components\__tests__\ListaCancha.test.jsx:2:1)
    at Generator._invoke [as next] (C:\Users\nicol\OneDrive\Documentos\GitHub\metricas\cliente\src\components\__tests__\ListaCancha.test.jsx:2:1)
    at asyncGeneratorStep (C:\Users\nicol\OneDrive\Documentos\GitHub\metricas\cliente\src\components\__tests__\ListaCancha.test.jsx:2:1)
    at asyncGeneratorStep (C:\Users\nicol\OneDrive\Documentos\GitHub\metricas\cliente\src\components\__tests__\ListaCancha.test.jsx:2:1)
    at _next (C:\Users\nicol\OneDrive\Documentos\GitHub\metricas\cliente\src\components\__tests__\ListaCancha.test.jsx:2:1)
    at new Promise (&lt;anonymous&gt;)
    at Object.&lt;anonymous&gt; (C:\Users\nicol\OneDrive\Documentos\GitHub\metricas\cliente\src\components\__tests__\ListaCancha.test.jsx:2:1)
    at Promise.then.completed (C:\Users\nicol\OneDrive\Documentos\GitHub\metricas\cliente\node_modules\jest-circus\build\utils.js:298:28)
    at new Promise (&lt;anonymous&gt;)
    at callAsyncCircusFn (C:\Users\nicol\OneDrive\Documentos\GitHub\metricas\cliente\node_modules\jest-circus\build\utils.js:231:10)
    at _callCircusTest (C:\Users\nicol\OneDrive\Documentos\GitHub\metricas\cliente\node_modules\jest-circus\build\run.js:316:40)
    at processTicksAndRejections (node:internal/process/task_queues:105:5)
    at _runTest (C:\Users\nicol\OneDrive\Documentos\GitHub\metricas\cliente\node_modules\jest-circus\build\run.js:252:3)
    at _runTestsForDescribeBlock (C:\Users\nicol\OneDrive\Documentos\GitHub\metricas\cliente\node_modules\jest-circus\build\run.js:126:9)
    at _runTestsForDescribeBlock (C:\Users\nicol\OneDrive\Documentos\GitHub\metricas\cliente\node_modules\jest-circus\build\run.js:121:9)
    at run (C:\Users\nicol\OneDrive\Documentos\GitHub\metricas\cliente\node_modules\jest-circus\build\run.js:71:3)
    at runAndTransformResultsToJestFormat (C:\Users\nicol\OneDrive\Documentos\GitHub\metricas\cliente\node_modules\jest-circus\build\legacy-code-todo-rewrite\jestAdapterInit.js:122:21)
    at jestAdapter (C:\Users\nicol\OneDrive\Documentos\GitHub\metricas\cliente\node_modules\jest-circus\build\legacy-code-todo-rewrite\jestAdapter.js:79:19)
    at runTestInternal (C:\Users\nicol\OneDrive\Documentos\GitHub\metricas\cliente\node_modules\jest-runner\build\runTest.js:367:16)
    at runTest (C:\Users\nicol\OneDrive\Documentos\GitHub\metricas\cliente\node_modules\jest-runner\build\runTest.js:444:34)
    at Object.worker (C:\Users\nicol\OneDrive\Documentos\GitHub\metricas\cliente\node_modules\jest-runner\build\testWorker.js:106:12)</failure>
    </testcase>
    <testcase classname="ListaCancha Component handles cancha deletion" name="ListaCancha Component handles cancha deletion" time="0.007">
      <failure>ReferenceError: AuthProvider is not defined
    at AuthProvider (C:\Users\nicol\OneDrive\Documentos\GitHub\metricas\cliente\src\components\__tests__\ListaCancha.test.jsx:37:6)
    at renderListaCancha (C:\Users\nicol\OneDrive\Documentos\GitHub\metricas\cliente\src\components\__tests__\ListaCancha.test.jsx:88:5)
    at call (C:\Users\nicol\OneDrive\Documentos\GitHub\metricas\cliente\src\components\__tests__\ListaCancha.test.jsx:2:1)
    at Generator.tryCatch (C:\Users\nicol\OneDrive\Documentos\GitHub\metricas\cliente\src\components\__tests__\ListaCancha.test.jsx:2:1)
    at Generator._invoke [as next] (C:\Users\nicol\OneDrive\Documentos\GitHub\metricas\cliente\src\components\__tests__\ListaCancha.test.jsx:2:1)
    at asyncGeneratorStep (C:\Users\nicol\OneDrive\Documentos\GitHub\metricas\cliente\src\components\__tests__\ListaCancha.test.jsx:2:1)
    at asyncGeneratorStep (C:\Users\nicol\OneDrive\Documentos\GitHub\metricas\cliente\src\components\__tests__\ListaCancha.test.jsx:2:1)
    at _next (C:\Users\nicol\OneDrive\Documentos\GitHub\metricas\cliente\src\components\__tests__\ListaCancha.test.jsx:2:1)
    at new Promise (&lt;anonymous&gt;)
    at Object.&lt;anonymous&gt; (C:\Users\nicol\OneDrive\Documentos\GitHub\metricas\cliente\src\components\__tests__\ListaCancha.test.jsx:2:1)
    at Promise.then.completed (C:\Users\nicol\OneDrive\Documentos\GitHub\metricas\cliente\node_modules\jest-circus\build\utils.js:298:28)
    at new Promise (&lt;anonymous&gt;)
    at callAsyncCircusFn (C:\Users\nicol\OneDrive\Documentos\GitHub\metricas\cliente\node_modules\jest-circus\build\utils.js:231:10)
    at _callCircusTest (C:\Users\nicol\OneDrive\Documentos\GitHub\metricas\cliente\node_modules\jest-circus\build\run.js:316:40)
    at processTicksAndRejections (node:internal/process/task_queues:105:5)
    at _runTest (C:\Users\nicol\OneDrive\Documentos\GitHub\metricas\cliente\node_modules\jest-circus\build\run.js:252:3)
    at _runTestsForDescribeBlock (C:\Users\nicol\OneDrive\Documentos\GitHub\metricas\cliente\node_modules\jest-circus\build\run.js:126:9)
    at _runTestsForDescribeBlock (C:\Users\nicol\OneDrive\Documentos\GitHub\metricas\cliente\node_modules\jest-circus\build\run.js:121:9)
    at run (C:\Users\nicol\OneDrive\Documentos\GitHub\metricas\cliente\node_modules\jest-circus\build\run.js:71:3)
    at runAndTransformResultsToJestFormat (C:\Users\nicol\OneDrive\Documentos\GitHub\metricas\cliente\node_modules\jest-circus\build\legacy-code-todo-rewrite\jestAdapterInit.js:122:21)
    at jestAdapter (C:\Users\nicol\OneDrive\Documentos\GitHub\metricas\cliente\node_modules\jest-circus\build\legacy-code-todo-rewrite\jestAdapter.js:79:19)
    at runTestInternal (C:\Users\nicol\OneDrive\Documentos\GitHub\metricas\cliente\node_modules\jest-runner\build\runTest.js:367:16)
    at runTest (C:\Users\nicol\OneDrive\Documentos\GitHub\metricas\cliente\node_modules\jest-runner\build\runTest.js:444:34)
    at Object.worker (C:\Users\nicol\OneDrive\Documentos\GitHub\metricas\cliente\node_modules\jest-runner\build\testWorker.js:106:12)</failure>
    </testcase>
    <testcase classname="ListaCancha Component handles deletion error with network failure" name="ListaCancha Component handles deletion error with network failure" time="0.002">
      <failure>ReferenceError: AuthProvider is not defined
    at AuthProvider (C:\Users\nicol\OneDrive\Documentos\GitHub\metricas\cliente\src\components\__tests__\ListaCancha.test.jsx:37:6)
    at renderListaCancha (C:\Users\nicol\OneDrive\Documentos\GitHub\metricas\cliente\src\components\__tests__\ListaCancha.test.jsx:107:5)
    at call (C:\Users\nicol\OneDrive\Documentos\GitHub\metricas\cliente\src\components\__tests__\ListaCancha.test.jsx:2:1)
    at Generator.tryCatch (C:\Users\nicol\OneDrive\Documentos\GitHub\metricas\cliente\src\components\__tests__\ListaCancha.test.jsx:2:1)
    at Generator._invoke [as next] (C:\Users\nicol\OneDrive\Documentos\GitHub\metricas\cliente\src\components\__tests__\ListaCancha.test.jsx:2:1)
    at asyncGeneratorStep (C:\Users\nicol\OneDrive\Documentos\GitHub\metricas\cliente\src\components\__tests__\ListaCancha.test.jsx:2:1)
    at asyncGeneratorStep (C:\Users\nicol\OneDrive\Documentos\GitHub\metricas\cliente\src\components\__tests__\ListaCancha.test.jsx:2:1)
    at _next (C:\Users\nicol\OneDrive\Documentos\GitHub\metricas\cliente\src\components\__tests__\ListaCancha.test.jsx:2:1)
    at new Promise (&lt;anonymous&gt;)
    at Object.&lt;anonymous&gt; (C:\Users\nicol\OneDrive\Documentos\GitHub\metricas\cliente\src\components\__tests__\ListaCancha.test.jsx:2:1)
    at Promise.then.completed (C:\Users\nicol\OneDrive\Documentos\GitHub\metricas\cliente\node_modules\jest-circus\build\utils.js:298:28)
    at new Promise (&lt;anonymous&gt;)
    at callAsyncCircusFn (C:\Users\nicol\OneDrive\Documentos\GitHub\metricas\cliente\node_modules\jest-circus\build\utils.js:231:10)
    at _callCircusTest (C:\Users\nicol\OneDrive\Documentos\GitHub\metricas\cliente\node_modules\jest-circus\build\run.js:316:40)
    at processTicksAndRejections (node:internal/process/task_queues:105:5)
    at _runTest (C:\Users\nicol\OneDrive\Documentos\GitHub\metricas\cliente\node_modules\jest-circus\build\run.js:252:3)
    at _runTestsForDescribeBlock (C:\Users\nicol\OneDrive\Documentos\GitHub\metricas\cliente\node_modules\jest-circus\build\run.js:126:9)
    at _runTestsForDescribeBlock (C:\Users\nicol\OneDrive\Documentos\GitHub\metricas\cliente\node_modules\jest-circus\build\run.js:121:9)
    at run (C:\Users\nicol\OneDrive\Documentos\GitHub\metricas\cliente\node_modules\jest-circus\build\run.js:71:3)
    at runAndTransformResultsToJestFormat (C:\Users\nicol\OneDrive\Documentos\GitHub\metricas\cliente\node_modules\jest-circus\build\legacy-code-todo-rewrite\jestAdapterInit.js:122:21)
    at jestAdapter (C:\Users\nicol\OneDrive\Documentos\GitHub\metricas\cliente\node_modules\jest-circus\build\legacy-code-todo-rewrite\jestAdapter.js:79:19)
    at runTestInternal (C:\Users\nicol\OneDrive\Documentos\GitHub\metricas\cliente\node_modules\jest-runner\build\runTest.js:367:16)
    at runTest (C:\Users\nicol\OneDrive\Documentos\GitHub\metricas\cliente\node_modules\jest-runner\build\runTest.js:444:34)
    at Object.worker (C:\Users\nicol\OneDrive\Documentos\GitHub\metricas\cliente\node_modules\jest-runner\build\testWorker.js:106:12)</failure>
    </testcase>
    <testcase classname="ListaCancha Component navigates to update page when edit button is clicked" name="ListaCancha Component navigates to update page when edit button is clicked" time="0.001">
      <failure>ReferenceError: AuthProvider is not defined
    at AuthProvider (C:\Users\nicol\OneDrive\Documentos\GitHub\metricas\cliente\src\components\__tests__\ListaCancha.test.jsx:37:6)
    at Object.renderListaCancha (C:\Users\nicol\OneDrive\Documentos\GitHub\metricas\cliente\src\components\__tests__\ListaCancha.test.jsx:121:5)
    at Promise.then.completed (C:\Users\nicol\OneDrive\Documentos\GitHub\metricas\cliente\node_modules\jest-circus\build\utils.js:298:28)
    at new Promise (&lt;anonymous&gt;)
    at callAsyncCircusFn (C:\Users\nicol\OneDrive\Documentos\GitHub\metricas\cliente\node_modules\jest-circus\build\utils.js:231:10)
    at _callCircusTest (C:\Users\nicol\OneDrive\Documentos\GitHub\metricas\cliente\node_modules\jest-circus\build\run.js:316:40)
    at processTicksAndRejections (node:internal/process/task_queues:105:5)
    at _runTest (C:\Users\nicol\OneDrive\Documentos\GitHub\metricas\cliente\node_modules\jest-circus\build\run.js:252:3)
    at _runTestsForDescribeBlock (C:\Users\nicol\OneDrive\Documentos\GitHub\metricas\cliente\node_modules\jest-circus\build\run.js:126:9)
    at _runTestsForDescribeBlock (C:\Users\nicol\OneDrive\Documentos\GitHub\metricas\cliente\node_modules\jest-circus\build\run.js:121:9)
    at run (C:\Users\nicol\OneDrive\Documentos\GitHub\metricas\cliente\node_modules\jest-circus\build\run.js:71:3)
    at runAndTransformResultsToJestFormat (C:\Users\nicol\OneDrive\Documentos\GitHub\metricas\cliente\node_modules\jest-circus\build\legacy-code-todo-rewrite\jestAdapterInit.js:122:21)
    at jestAdapter (C:\Users\nicol\OneDrive\Documentos\GitHub\metricas\cliente\node_modules\jest-circus\build\legacy-code-todo-rewrite\jestAdapter.js:79:19)
    at runTestInternal (C:\Users\nicol\OneDrive\Documentos\GitHub\metricas\cliente\node_modules\jest-runner\build\runTest.js:367:16)
    at runTest (C:\Users\nicol\OneDrive\Documentos\GitHub\metricas\cliente\node_modules\jest-runner\build\runTest.js:444:34)
    at Object.worker (C:\Users\nicol\OneDrive\Documentos\GitHub\metricas\cliente\node_modules\jest-runner\build\testWorker.js:106:12)</failure>
    </testcase>
    <testcase classname="ListaCancha Component displays cancha details correctly" name="ListaCancha Component displays cancha details correctly" time="0.001">
      <failure>ReferenceError: AuthProvider is not defined
    at AuthProvider (C:\Users\nicol\OneDrive\Documentos\GitHub\metricas\cliente\src\components\__tests__\ListaCancha.test.jsx:37:6)
    at Object.renderListaCancha (C:\Users\nicol\OneDrive\Documentos\GitHub\metricas\cliente\src\components\__tests__\ListaCancha.test.jsx:130:5)
    at Promise.then.completed (C:\Users\nicol\OneDrive\Documentos\GitHub\metricas\cliente\node_modules\jest-circus\build\utils.js:298:28)
    at new Promise (&lt;anonymous&gt;)
    at callAsyncCircusFn (C:\Users\nicol\OneDrive\Documentos\GitHub\metricas\cliente\node_modules\jest-circus\build\utils.js:231:10)
    at _callCircusTest (C:\Users\nicol\OneDrive\Documentos\GitHub\metricas\cliente\node_modules\jest-circus\build\run.js:316:40)
    at processTicksAndRejections (node:internal/process/task_queues:105:5)
    at _runTest (C:\Users\nicol\OneDrive\Documentos\GitHub\metricas\cliente\node_modules\jest-circus\build\run.js:252:3)
    at _runTestsForDescribeBlock (C:\Users\nicol\OneDrive\Documentos\GitHub\metricas\cliente\node_modules\jest-circus\build\run.js:126:9)
    at _runTestsForDescribeBlock (C:\Users\nicol\OneDrive\Documentos\GitHub\metricas\cliente\node_modules\jest-circus\build\run.js:121:9)
    at run (C:\Users\nicol\OneDrive\Documentos\GitHub\metricas\cliente\node_modules\jest-circus\build\run.js:71:3)
    at runAndTransformResultsToJestFormat (C:\Users\nicol\OneDrive\Documentos\GitHub\metricas\cliente\node_modules\jest-circus\build\legacy-code-todo-rewrite\jestAdapterInit.js:122:21)
    at jestAdapter (C:\Users\nicol\OneDrive\Documentos\GitHub\metricas\cliente\node_modules\jest-circus\build\legacy-code-todo-rewrite\jestAdapter.js:79:19)
    at runTestInternal (C:\Users\nicol\OneDrive\Documentos\GitHub\metricas\cliente\node_modules\jest-runner\build\runTest.js:367:16)
    at runTest (C:\Users\nicol\OneDrive\Documentos\GitHub\metricas\cliente\node_modules\jest-runner\build\runTest.js:444:34)
    at Object.worker (C:\Users\nicol\OneDrive\Documentos\GitHub\metricas\cliente\node_modules\jest-runner\build\testWorker.js:106:12)</failure>
    </testcase>
    <testcase classname="ListaCancha Component filters canchas by search term" name="ListaCancha Component filters canchas by search term" time="0.001">
      <failure>ReferenceError: AuthProvider is not defined
    at AuthProvider (C:\Users\nicol\OneDrive\Documentos\GitHub\metricas\cliente\src\components\__tests__\ListaCancha.test.jsx:37:6)
    at Object.renderListaCancha (C:\Users\nicol\OneDrive\Documentos\GitHub\metricas\cliente\src\components\__tests__\ListaCancha.test.jsx:140:5)
    at Promise.then.completed (C:\Users\nicol\OneDrive\Documentos\GitHub\metricas\cliente\node_modules\jest-circus\build\utils.js:298:28)
    at new Promise (&lt;anonymous&gt;)
    at callAsyncCircusFn (C:\Users\nicol\OneDrive\Documentos\GitHub\metricas\cliente\node_modules\jest-circus\build\utils.js:231:10)
    at _callCircusTest (C:\Users\nicol\OneDrive\Documentos\GitHub\metricas\cliente\node_modules\jest-circus\build\run.js:316:40)
    at processTicksAndRejections (node:internal/process/task_queues:105:5)
    at _runTest (C:\Users\nicol\OneDrive\Documentos\GitHub\metricas\cliente\node_modules\jest-circus\build\run.js:252:3)
    at _runTestsForDescribeBlock (C:\Users\nicol\OneDrive\Documentos\GitHub\metricas\cliente\node_modules\jest-circus\build\run.js:126:9)
    at _runTestsForDescribeBlock (C:\Users\nicol\OneDrive\Documentos\GitHub\metricas\cliente\node_modules\jest-circus\build\run.js:121:9)
    at run (C:\Users\nicol\OneDrive\Documentos\GitHub\metricas\cliente\node_modules\jest-circus\build\run.js:71:3)
    at runAndTransformResultsToJestFormat (C:\Users\nicol\OneDrive\Documentos\GitHub\metricas\cliente\node_modules\jest-circus\build\legacy-code-todo-rewrite\jestAdapterInit.js:122:21)
    at jestAdapter (C:\Users\nicol\OneDrive\Documentos\GitHub\metricas\cliente\node_modules\jest-circus\build\legacy-code-todo-rewrite\jestAdapter.js:79:19)
    at runTestInternal (C:\Users\nicol\OneDrive\Documentos\GitHub\metricas\cliente\node_modules\jest-runner\build\runTest.js:367:16)
    at runTest (C:\Users\nicol\OneDrive\Documentos\GitHub\metricas\cliente\node_modules\jest-runner\build\runTest.js:444:34)
    at Object.worker (C:\Users\nicol\OneDrive\Documentos\GitHub\metricas\cliente\node_modules\jest-runner\build\testWorker.js:106:12)</failure>
    </testcase>
    <testcase classname="ListaCancha Component sorts canchas by price" name="ListaCancha Component sorts canchas by price" time="0.001">
      <failure>ReferenceError: AuthProvider is not defined
    at AuthProvider (C:\Users\nicol\OneDrive\Documentos\GitHub\metricas\cliente\src\components\__tests__\ListaCancha.test.jsx:37:6)
    at Object.renderListaCancha (C:\Users\nicol\OneDrive\Documentos\GitHub\metricas\cliente\src\components\__tests__\ListaCancha.test.jsx:150:5)
    at Promise.then.completed (C:\Users\nicol\OneDrive\Documentos\GitHub\metricas\cliente\node_modules\jest-circus\build\utils.js:298:28)
    at new Promise (&lt;anonymous&gt;)
    at callAsyncCircusFn (C:\Users\nicol\OneDrive\Documentos\GitHub\metricas\cliente\node_modules\jest-circus\build\utils.js:231:10)
    at _callCircusTest (C:\Users\nicol\OneDrive\Documentos\GitHub\metricas\cliente\node_modules\jest-circus\build\run.js:316:40)
    at processTicksAndRejections (node:internal/process/task_queues:105:5)
    at _runTest (C:\Users\nicol\OneDrive\Documentos\GitHub\metricas\cliente\node_modules\jest-circus\build\run.js:252:3)
    at _runTestsForDescribeBlock (C:\Users\nicol\OneDrive\Documentos\GitHub\metricas\cliente\node_modules\jest-circus\build\run.js:126:9)
    at _runTestsForDescribeBlock (C:\Users\nicol\OneDrive\Documentos\GitHub\metricas\cliente\node_modules\jest-circus\build\run.js:121:9)
    at run (C:\Users\nicol\OneDrive\Documentos\GitHub\metricas\cliente\node_modules\jest-circus\build\run.js:71:3)
    at runAndTransformResultsToJestFormat (C:\Users\nicol\OneDrive\Documentos\GitHub\metricas\cliente\node_modules\jest-circus\build\legacy-code-todo-rewrite\jestAdapterInit.js:122:21)
    at jestAdapter (C:\Users\nicol\OneDrive\Documentos\GitHub\metricas\cliente\node_modules\jest-circus\build\legacy-code-todo-rewrite\jestAdapter.js:79:19)
    at runTestInternal (C:\Users\nicol\OneDrive\Documentos\GitHub\metricas\cliente\node_modules\jest-runner\build\runTest.js:367:16)
    at runTest (C:\Users\nicol\OneDrive\Documentos\GitHub\metricas\cliente\node_modules\jest-runner\build\runTest.js:444:34)
    at Object.worker (C:\Users\nicol\OneDrive\Documentos\GitHub\metricas\cliente\node_modules\jest-runner\build\testWorker.js:106:12)</failure>
    </testcase>
  </testsuite>
  <testsuite name="Reviews Component" errors="0" failures="8" skipped="0" timestamp="2025-04-01T16:55:43" time="56.58" tests="8">
    <testcase classname="Reviews Component renders reviews list" name="Reviews Component renders reviews list" time="1.719">
      <failure>Error: Unable to find an element with the text: Excelente cancha. This could be because the text is broken up by multiple elements. In this case, you can provide a function for your text matcher to make your matcher more flexible.

Ignored nodes: comments, script, style
&lt;body&gt;
  &lt;div&gt;
    &lt;div
      class=&quot;MuiPaper-root MuiPaper-elevation MuiPaper-rounded MuiPaper-elevation1 css-1aaowik-MuiPaper-root&quot;
    &gt;
      &lt;p
        class=&quot;MuiTypography-root MuiTypography-body1 MuiTypography-alignCenter css-12wjmzy-MuiTypography-root&quot;
      &gt;
        No hay reseñas disponibles. Por favor, agrega una reseña.
      &lt;/p&gt;
    &lt;/div&gt;
  &lt;/div&gt;
&lt;/body&gt;
    at waitForWrapper (C:\Users\nicol\OneDrive\Documentos\GitHub\metricas\cliente\node_modules\@testing-library\dom\dist\wait-for.js:166:27)
    at _callee$ (C:\Users\nicol\OneDrive\Documentos\GitHub\metricas\cliente\src\components\__tests__\Reviews.test.jsx:58:18)
    at call (C:\Users\nicol\OneDrive\Documentos\GitHub\metricas\cliente\src\components\__tests__\Reviews.test.jsx:2:1)
    at Generator.tryCatch (C:\Users\nicol\OneDrive\Documentos\GitHub\metricas\cliente\src\components\__tests__\Reviews.test.jsx:2:1)
    at Generator._invoke [as next] (C:\Users\nicol\OneDrive\Documentos\GitHub\metricas\cliente\src\components\__tests__\Reviews.test.jsx:2:1)
    at asyncGeneratorStep (C:\Users\nicol\OneDrive\Documentos\GitHub\metricas\cliente\src\components\__tests__\Reviews.test.jsx:2:1)
    at asyncGeneratorStep (C:\Users\nicol\OneDrive\Documentos\GitHub\metricas\cliente\src\components\__tests__\Reviews.test.jsx:2:1)
    at _next (C:\Users\nicol\OneDrive\Documentos\GitHub\metricas\cliente\src\components\__tests__\Reviews.test.jsx:2:1)
    at new Promise (&lt;anonymous&gt;)
    at Object.&lt;anonymous&gt; (C:\Users\nicol\OneDrive\Documentos\GitHub\metricas\cliente\src\components\__tests__\Reviews.test.jsx:2:1)
    at Promise.then.completed (C:\Users\nicol\OneDrive\Documentos\GitHub\metricas\cliente\node_modules\jest-circus\build\utils.js:298:28)
    at new Promise (&lt;anonymous&gt;)
    at callAsyncCircusFn (C:\Users\nicol\OneDrive\Documentos\GitHub\metricas\cliente\node_modules\jest-circus\build\utils.js:231:10)
    at _callCircusTest (C:\Users\nicol\OneDrive\Documentos\GitHub\metricas\cliente\node_modules\jest-circus\build\run.js:316:40)
    at processTicksAndRejections (node:internal/process/task_queues:105:5)
    at _runTest (C:\Users\nicol\OneDrive\Documentos\GitHub\metricas\cliente\node_modules\jest-circus\build\run.js:252:3)
    at _runTestsForDescribeBlock (C:\Users\nicol\OneDrive\Documentos\GitHub\metricas\cliente\node_modules\jest-circus\build\run.js:126:9)
    at _runTestsForDescribeBlock (C:\Users\nicol\OneDrive\Documentos\GitHub\metricas\cliente\node_modules\jest-circus\build\run.js:121:9)
    at run (C:\Users\nicol\OneDrive\Documentos\GitHub\metricas\cliente\node_modules\jest-circus\build\run.js:71:3)
    at runAndTransformResultsToJestFormat (C:\Users\nicol\OneDrive\Documentos\GitHub\metricas\cliente\node_modules\jest-circus\build\legacy-code-todo-rewrite\jestAdapterInit.js:122:21)
    at jestAdapter (C:\Users\nicol\OneDrive\Documentos\GitHub\metricas\cliente\node_modules\jest-circus\build\legacy-code-todo-rewrite\jestAdapter.js:79:19)
    at runTestInternal (C:\Users\nicol\OneDrive\Documentos\GitHub\metricas\cliente\node_modules\jest-runner\build\runTest.js:367:16)
    at runTest (C:\Users\nicol\OneDrive\Documentos\GitHub\metricas\cliente\node_modules\jest-runner\build\runTest.js:444:34)
    at Object.worker (C:\Users\nicol\OneDrive\Documentos\GitHub\metricas\cliente\node_modules\jest-runner\build\testWorker.js:106:12)</failure>
    </testcase>
    <testcase classname="Reviews Component displays star ratings correctly" name="Reviews Component displays star ratings correctly" time="1.029">
      <failure>Error: Unable to find an element by: [data-testid=&quot;star-rating-1&quot;]

Ignored nodes: comments, script, style
&lt;body&gt;
  &lt;div&gt;
    &lt;div
      class=&quot;MuiPaper-root MuiPaper-elevation MuiPaper-rounded MuiPaper-elevation1 css-1aaowik-MuiPaper-root&quot;
    &gt;
      &lt;p
        class=&quot;MuiTypography-root MuiTypography-body1 MuiTypography-alignCenter css-12wjmzy-MuiTypography-root&quot;
      &gt;
        No hay reseñas disponibles. Por favor, agrega una reseña.
      &lt;/p&gt;
    &lt;/div&gt;
  &lt;/div&gt;
&lt;/body&gt;
    at waitForWrapper (C:\Users\nicol\OneDrive\Documentos\GitHub\metricas\cliente\node_modules\@testing-library\dom\dist\wait-for.js:166:27)
    at _callee2$ (C:\Users\nicol\OneDrive\Documentos\GitHub\metricas\cliente\src\components\__tests__\Reviews.test.jsx:70:18)
    at call (C:\Users\nicol\OneDrive\Documentos\GitHub\metricas\cliente\src\components\__tests__\Reviews.test.jsx:2:1)
    at Generator.tryCatch (C:\Users\nicol\OneDrive\Documentos\GitHub\metricas\cliente\src\components\__tests__\Reviews.test.jsx:2:1)
    at Generator._invoke [as next] (C:\Users\nicol\OneDrive\Documentos\GitHub\metricas\cliente\src\components\__tests__\Reviews.test.jsx:2:1)
    at asyncGeneratorStep (C:\Users\nicol\OneDrive\Documentos\GitHub\metricas\cliente\src\components\__tests__\Reviews.test.jsx:2:1)
    at asyncGeneratorStep (C:\Users\nicol\OneDrive\Documentos\GitHub\metricas\cliente\src\components\__tests__\Reviews.test.jsx:2:1)
    at _next (C:\Users\nicol\OneDrive\Documentos\GitHub\metricas\cliente\src\components\__tests__\Reviews.test.jsx:2:1)
    at new Promise (&lt;anonymous&gt;)
    at Object.&lt;anonymous&gt; (C:\Users\nicol\OneDrive\Documentos\GitHub\metricas\cliente\src\components\__tests__\Reviews.test.jsx:2:1)
    at Promise.then.completed (C:\Users\nicol\OneDrive\Documentos\GitHub\metricas\cliente\node_modules\jest-circus\build\utils.js:298:28)
    at new Promise (&lt;anonymous&gt;)
    at callAsyncCircusFn (C:\Users\nicol\OneDrive\Documentos\GitHub\metricas\cliente\node_modules\jest-circus\build\utils.js:231:10)
    at _callCircusTest (C:\Users\nicol\OneDrive\Documentos\GitHub\metricas\cliente\node_modules\jest-circus\build\run.js:316:40)
    at _runTest (C:\Users\nicol\OneDrive\Documentos\GitHub\metricas\cliente\node_modules\jest-circus\build\run.js:252:3)
    at _runTestsForDescribeBlock (C:\Users\nicol\OneDrive\Documentos\GitHub\metricas\cliente\node_modules\jest-circus\build\run.js:126:9)
    at _runTestsForDescribeBlock (C:\Users\nicol\OneDrive\Documentos\GitHub\metricas\cliente\node_modules\jest-circus\build\run.js:121:9)
    at run (C:\Users\nicol\OneDrive\Documentos\GitHub\metricas\cliente\node_modules\jest-circus\build\run.js:71:3)
    at runAndTransformResultsToJestFormat (C:\Users\nicol\OneDrive\Documentos\GitHub\metricas\cliente\node_modules\jest-circus\build\legacy-code-todo-rewrite\jestAdapterInit.js:122:21)
    at jestAdapter (C:\Users\nicol\OneDrive\Documentos\GitHub\metricas\cliente\node_modules\jest-circus\build\legacy-code-todo-rewrite\jestAdapter.js:79:19)
    at runTestInternal (C:\Users\nicol\OneDrive\Documentos\GitHub\metricas\cliente\node_modules\jest-runner\build\runTest.js:367:16)
    at runTest (C:\Users\nicol\OneDrive\Documentos\GitHub\metricas\cliente\node_modules\jest-runner\build\runTest.js:444:34)
    at Object.worker (C:\Users\nicol\OneDrive\Documentos\GitHub\metricas\cliente\node_modules\jest-runner\build\testWorker.js:106:12)</failure>
    </testcase>
    <testcase classname="Reviews Component handles adding new review" name="Reviews Component handles adding new review" time="0.022">
      <failure>TestingLibraryElementError: Unable to find an element with the text: /escribir reseña/i. This could be because the text is broken up by multiple elements. In this case, you can provide a function for your text matcher to make your matcher more flexible.

Ignored nodes: comments, script, style
&lt;body&gt;
  &lt;div&gt;
    &lt;div
      class=&quot;MuiPaper-root MuiPaper-elevation MuiPaper-rounded MuiPaper-elevation1 css-1aaowik-MuiPaper-root&quot;
    &gt;
      &lt;p
        class=&quot;MuiTypography-root MuiTypography-body1 MuiTypography-alignCenter css-12wjmzy-MuiTypography-root&quot;
      &gt;
        No hay reseñas disponibles. Por favor, agrega una reseña.
      &lt;/p&gt;
    &lt;/div&gt;
  &lt;/div&gt;
&lt;/body&gt;
    at Object.getElementError (C:\Users\nicol\OneDrive\Documentos\GitHub\metricas\cliente\node_modules\@testing-library\dom\dist\config.js:37:19)
    at C:\Users\nicol\OneDrive\Documentos\GitHub\metricas\cliente\node_modules\@testing-library\dom\dist\query-helpers.js:76:38
    at C:\Users\nicol\OneDrive\Documentos\GitHub\metricas\cliente\node_modules\@testing-library\dom\dist\query-helpers.js:52:17
    at C:\Users\nicol\OneDrive\Documentos\GitHub\metricas\cliente\node_modules\@testing-library\dom\dist\query-helpers.js:95:19
    at getByText (C:\Users\nicol\OneDrive\Documentos\GitHub\metricas\cliente\src\components\__tests__\Reviews.test.jsx:97:28)
    at call (C:\Users\nicol\OneDrive\Documentos\GitHub\metricas\cliente\src\components\__tests__\Reviews.test.jsx:2:1)
    at Generator.tryCatch (C:\Users\nicol\OneDrive\Documentos\GitHub\metricas\cliente\src\components\__tests__\Reviews.test.jsx:2:1)
    at Generator._invoke [as next] (C:\Users\nicol\OneDrive\Documentos\GitHub\metricas\cliente\src\components\__tests__\Reviews.test.jsx:2:1)
    at asyncGeneratorStep (C:\Users\nicol\OneDrive\Documentos\GitHub\metricas\cliente\src\components\__tests__\Reviews.test.jsx:2:1)
    at asyncGeneratorStep (C:\Users\nicol\OneDrive\Documentos\GitHub\metricas\cliente\src\components\__tests__\Reviews.test.jsx:2:1)
    at _next (C:\Users\nicol\OneDrive\Documentos\GitHub\metricas\cliente\src\components\__tests__\Reviews.test.jsx:2:1)
    at new Promise (&lt;anonymous&gt;)
    at Object.&lt;anonymous&gt; (C:\Users\nicol\OneDrive\Documentos\GitHub\metricas\cliente\src\components\__tests__\Reviews.test.jsx:2:1)
    at Promise.then.completed (C:\Users\nicol\OneDrive\Documentos\GitHub\metricas\cliente\node_modules\jest-circus\build\utils.js:298:28)
    at new Promise (&lt;anonymous&gt;)
    at callAsyncCircusFn (C:\Users\nicol\OneDrive\Documentos\GitHub\metricas\cliente\node_modules\jest-circus\build\utils.js:231:10)
    at _callCircusTest (C:\Users\nicol\OneDrive\Documentos\GitHub\metricas\cliente\node_modules\jest-circus\build\run.js:316:40)
    at _runTest (C:\Users\nicol\OneDrive\Documentos\GitHub\metricas\cliente\node_modules\jest-circus\build\run.js:252:3)
    at _runTestsForDescribeBlock (C:\Users\nicol\OneDrive\Documentos\GitHub\metricas\cliente\node_modules\jest-circus\build\run.js:126:9)
    at _runTestsForDescribeBlock (C:\Users\nicol\OneDrive\Documentos\GitHub\metricas\cliente\node_modules\jest-circus\build\run.js:121:9)
    at run (C:\Users\nicol\OneDrive\Documentos\GitHub\metricas\cliente\node_modules\jest-circus\build\run.js:71:3)
    at runAndTransformResultsToJestFormat (C:\Users\nicol\OneDrive\Documentos\GitHub\metricas\cliente\node_modules\jest-circus\build\legacy-code-todo-rewrite\jestAdapterInit.js:122:21)
    at jestAdapter (C:\Users\nicol\OneDrive\Documentos\GitHub\metricas\cliente\node_modules\jest-circus\build\legacy-code-todo-rewrite\jestAdapter.js:79:19)
    at runTestInternal (C:\Users\nicol\OneDrive\Documentos\GitHub\metricas\cliente\node_modules\jest-runner\build\runTest.js:367:16)
    at runTest (C:\Users\nicol\OneDrive\Documentos\GitHub\metricas\cliente\node_modules\jest-runner\build\runTest.js:444:34)
    at Object.worker (C:\Users\nicol\OneDrive\Documentos\GitHub\metricas\cliente\node_modules\jest-runner\build\testWorker.js:106:12)</failure>
    </testcase>
    <testcase classname="Reviews Component validates review form submission" name="Reviews Component validates review form submission" time="0.017">
      <failure>TestingLibraryElementError: Unable to find an element with the text: /escribir reseña/i. This could be because the text is broken up by multiple elements. In this case, you can provide a function for your text matcher to make your matcher more flexible.

Ignored nodes: comments, script, style
&lt;body&gt;
  &lt;div&gt;
    &lt;div
      class=&quot;MuiPaper-root MuiPaper-elevation MuiPaper-rounded MuiPaper-elevation1 css-1aaowik-MuiPaper-root&quot;
    &gt;
      &lt;p
        class=&quot;MuiTypography-root MuiTypography-body1 MuiTypography-alignCenter css-12wjmzy-MuiTypography-root&quot;
      &gt;
        No hay reseñas disponibles. Por favor, agrega una reseña.
      &lt;/p&gt;
    &lt;/div&gt;
  &lt;/div&gt;
&lt;/body&gt;
    at Object.getElementError (C:\Users\nicol\OneDrive\Documentos\GitHub\metricas\cliente\node_modules\@testing-library\dom\dist\config.js:37:19)
    at C:\Users\nicol\OneDrive\Documentos\GitHub\metricas\cliente\node_modules\@testing-library\dom\dist\query-helpers.js:76:38
    at C:\Users\nicol\OneDrive\Documentos\GitHub\metricas\cliente\node_modules\@testing-library\dom\dist\query-helpers.js:52:17
    at C:\Users\nicol\OneDrive\Documentos\GitHub\metricas\cliente\node_modules\@testing-library\dom\dist\query-helpers.js:95:19
    at getByText (C:\Users\nicol\OneDrive\Documentos\GitHub\metricas\cliente\src\components\__tests__\Reviews.test.jsx:120:28)
    at call (C:\Users\nicol\OneDrive\Documentos\GitHub\metricas\cliente\src\components\__tests__\Reviews.test.jsx:2:1)
    at Generator.tryCatch (C:\Users\nicol\OneDrive\Documentos\GitHub\metricas\cliente\src\components\__tests__\Reviews.test.jsx:2:1)
    at Generator._invoke [as next] (C:\Users\nicol\OneDrive\Documentos\GitHub\metricas\cliente\src\components\__tests__\Reviews.test.jsx:2:1)
    at asyncGeneratorStep (C:\Users\nicol\OneDrive\Documentos\GitHub\metricas\cliente\src\components\__tests__\Reviews.test.jsx:2:1)
    at asyncGeneratorStep (C:\Users\nicol\OneDrive\Documentos\GitHub\metricas\cliente\src\components\__tests__\Reviews.test.jsx:2:1)
    at _next (C:\Users\nicol\OneDrive\Documentos\GitHub\metricas\cliente\src\components\__tests__\Reviews.test.jsx:2:1)
    at new Promise (&lt;anonymous&gt;)
    at Object.&lt;anonymous&gt; (C:\Users\nicol\OneDrive\Documentos\GitHub\metricas\cliente\src\components\__tests__\Reviews.test.jsx:2:1)
    at Promise.then.completed (C:\Users\nicol\OneDrive\Documentos\GitHub\metricas\cliente\node_modules\jest-circus\build\utils.js:298:28)
    at new Promise (&lt;anonymous&gt;)
    at callAsyncCircusFn (C:\Users\nicol\OneDrive\Documentos\GitHub\metricas\cliente\node_modules\jest-circus\build\utils.js:231:10)
    at _callCircusTest (C:\Users\nicol\OneDrive\Documentos\GitHub\metricas\cliente\node_modules\jest-circus\build\run.js:316:40)
    at _runTest (C:\Users\nicol\OneDrive\Documentos\GitHub\metricas\cliente\node_modules\jest-circus\build\run.js:252:3)
    at _runTestsForDescribeBlock (C:\Users\nicol\OneDrive\Documentos\GitHub\metricas\cliente\node_modules\jest-circus\build\run.js:126:9)
    at _runTestsForDescribeBlock (C:\Users\nicol\OneDrive\Documentos\GitHub\metricas\cliente\node_modules\jest-circus\build\run.js:121:9)
    at run (C:\Users\nicol\OneDrive\Documentos\GitHub\metricas\cliente\node_modules\jest-circus\build\run.js:71:3)
    at runAndTransformResultsToJestFormat (C:\Users\nicol\OneDrive\Documentos\GitHub\metricas\cliente\node_modules\jest-circus\build\legacy-code-todo-rewrite\jestAdapterInit.js:122:21)
    at jestAdapter (C:\Users\nicol\OneDrive\Documentos\GitHub\metricas\cliente\node_modules\jest-circus\build\legacy-code-todo-rewrite\jestAdapter.js:79:19)
    at runTestInternal (C:\Users\nicol\OneDrive\Documentos\GitHub\metricas\cliente\node_modules\jest-runner\build\runTest.js:367:16)
    at runTest (C:\Users\nicol\OneDrive\Documentos\GitHub\metricas\cliente\node_modules\jest-runner\build\runTest.js:444:34)
    at Object.worker (C:\Users\nicol\OneDrive\Documentos\GitHub\metricas\cliente\node_modules\jest-runner\build\testWorker.js:106:12)</failure>
    </testcase>
    <testcase classname="Reviews Component handles review deletion" name="Reviews Component handles review deletion" time="1.035">
      <failure>Error: Unable to find role=&quot;button&quot; and name `/eliminar reseña/i`

Ignored nodes: comments, script, style
&lt;body&gt;
  &lt;div&gt;
    &lt;div
      class=&quot;MuiPaper-root MuiPaper-elevation MuiPaper-rounded MuiPaper-elevation1 css-1aaowik-MuiPaper-root&quot;
    &gt;
      &lt;p
        class=&quot;MuiTypography-root MuiTypography-body1 MuiTypography-alignCenter css-12wjmzy-MuiTypography-root&quot;
      &gt;
        No hay reseñas disponibles. Por favor, agrega una reseña.
      &lt;/p&gt;
    &lt;/div&gt;
  &lt;/div&gt;
&lt;/body&gt;
    at waitForWrapper (C:\Users\nicol\OneDrive\Documentos\GitHub\metricas\cliente\node_modules\@testing-library\dom\dist\wait-for.js:166:27)
    at _callee5$ (C:\Users\nicol\OneDrive\Documentos\GitHub\metricas\cliente\src\components\__tests__\Reviews.test.jsx:135:18)
    at call (C:\Users\nicol\OneDrive\Documentos\GitHub\metricas\cliente\src\components\__tests__\Reviews.test.jsx:2:1)
    at Generator.tryCatch (C:\Users\nicol\OneDrive\Documentos\GitHub\metricas\cliente\src\components\__tests__\Reviews.test.jsx:2:1)
    at Generator._invoke [as next] (C:\Users\nicol\OneDrive\Documentos\GitHub\metricas\cliente\src\components\__tests__\Reviews.test.jsx:2:1)
    at asyncGeneratorStep (C:\Users\nicol\OneDrive\Documentos\GitHub\metricas\cliente\src\components\__tests__\Reviews.test.jsx:2:1)
    at asyncGeneratorStep (C:\Users\nicol\OneDrive\Documentos\GitHub\metricas\cliente\src\components\__tests__\Reviews.test.jsx:2:1)
    at _next (C:\Users\nicol\OneDrive\Documentos\GitHub\metricas\cliente\src\components\__tests__\Reviews.test.jsx:2:1)
    at new Promise (&lt;anonymous&gt;)
    at Object.&lt;anonymous&gt; (C:\Users\nicol\OneDrive\Documentos\GitHub\metricas\cliente\src\components\__tests__\Reviews.test.jsx:2:1)
    at Promise.then.completed (C:\Users\nicol\OneDrive\Documentos\GitHub\metricas\cliente\node_modules\jest-circus\build\utils.js:298:28)
    at new Promise (&lt;anonymous&gt;)
    at callAsyncCircusFn (C:\Users\nicol\OneDrive\Documentos\GitHub\metricas\cliente\node_modules\jest-circus\build\utils.js:231:10)
    at _callCircusTest (C:\Users\nicol\OneDrive\Documentos\GitHub\metricas\cliente\node_modules\jest-circus\build\run.js:316:40)
    at _runTest (C:\Users\nicol\OneDrive\Documentos\GitHub\metricas\cliente\node_modules\jest-circus\build\run.js:252:3)
    at _runTestsForDescribeBlock (C:\Users\nicol\OneDrive\Documentos\GitHub\metricas\cliente\node_modules\jest-circus\build\run.js:126:9)
    at _runTestsForDescribeBlock (C:\Users\nicol\OneDrive\Documentos\GitHub\metricas\cliente\node_modules\jest-circus\build\run.js:121:9)
    at run (C:\Users\nicol\OneDrive\Documentos\GitHub\metricas\cliente\node_modules\jest-circus\build\run.js:71:3)
    at runAndTransformResultsToJestFormat (C:\Users\nicol\OneDrive\Documentos\GitHub\metricas\cliente\node_modules\jest-circus\build\legacy-code-todo-rewrite\jestAdapterInit.js:122:21)
    at jestAdapter (C:\Users\nicol\OneDrive\Documentos\GitHub\metricas\cliente\node_modules\jest-circus\build\legacy-code-todo-rewrite\jestAdapter.js:79:19)
    at runTestInternal (C:\Users\nicol\OneDrive\Documentos\GitHub\metricas\cliente\node_modules\jest-runner\build\runTest.js:367:16)
    at runTest (C:\Users\nicol\OneDrive\Documentos\GitHub\metricas\cliente\node_modules\jest-runner\build\runTest.js:444:34)
    at Object.worker (C:\Users\nicol\OneDrive\Documentos\GitHub\metricas\cliente\node_modules\jest-runner\build\testWorker.js:106:12)</failure>
    </testcase>
    <testcase classname="Reviews Component handles error when fetching reviews" name="Reviews Component handles error when fetching reviews" time="1.021">
      <failure>Error: Unable to find an element with the text: /error al cargar las reseñas/i. This could be because the text is broken up by multiple elements. In this case, you can provide a function for your text matcher to make your matcher more flexible.

Ignored nodes: comments, script, style
&lt;body&gt;
  &lt;div&gt;
    &lt;div
      class=&quot;MuiPaper-root MuiPaper-elevation MuiPaper-rounded MuiPaper-elevation1 css-1aaowik-MuiPaper-root&quot;
    &gt;
      &lt;p
        class=&quot;MuiTypography-root MuiTypography-body1 MuiTypography-alignCenter css-12wjmzy-MuiTypography-root&quot;
      &gt;
        No hay reseñas disponibles. Por favor, agrega una reseña.
      &lt;/p&gt;
    &lt;/div&gt;
  &lt;/div&gt;
&lt;/body&gt;
    at waitForWrapper (C:\Users\nicol\OneDrive\Documentos\GitHub\metricas\cliente\node_modules\@testing-library\dom\dist\wait-for.js:166:27)
    at _callee6$ (C:\Users\nicol\OneDrive\Documentos\GitHub\metricas\cliente\src\components\__tests__\Reviews.test.jsx:156:18)
    at call (C:\Users\nicol\OneDrive\Documentos\GitHub\metricas\cliente\src\components\__tests__\Reviews.test.jsx:2:1)
    at Generator.tryCatch (C:\Users\nicol\OneDrive\Documentos\GitHub\metricas\cliente\src\components\__tests__\Reviews.test.jsx:2:1)
    at Generator._invoke [as next] (C:\Users\nicol\OneDrive\Documentos\GitHub\metricas\cliente\src\components\__tests__\Reviews.test.jsx:2:1)
    at asyncGeneratorStep (C:\Users\nicol\OneDrive\Documentos\GitHub\metricas\cliente\src\components\__tests__\Reviews.test.jsx:2:1)
    at asyncGeneratorStep (C:\Users\nicol\OneDrive\Documentos\GitHub\metricas\cliente\src\components\__tests__\Reviews.test.jsx:2:1)
    at _next (C:\Users\nicol\OneDrive\Documentos\GitHub\metricas\cliente\src\components\__tests__\Reviews.test.jsx:2:1)
    at new Promise (&lt;anonymous&gt;)
    at Object.&lt;anonymous&gt; (C:\Users\nicol\OneDrive\Documentos\GitHub\metricas\cliente\src\components\__tests__\Reviews.test.jsx:2:1)
    at Promise.then.completed (C:\Users\nicol\OneDrive\Documentos\GitHub\metricas\cliente\node_modules\jest-circus\build\utils.js:298:28)
    at new Promise (&lt;anonymous&gt;)
    at callAsyncCircusFn (C:\Users\nicol\OneDrive\Documentos\GitHub\metricas\cliente\node_modules\jest-circus\build\utils.js:231:10)
    at _callCircusTest (C:\Users\nicol\OneDrive\Documentos\GitHub\metricas\cliente\node_modules\jest-circus\build\run.js:316:40)
    at _runTest (C:\Users\nicol\OneDrive\Documentos\GitHub\metricas\cliente\node_modules\jest-circus\build\run.js:252:3)
    at _runTestsForDescribeBlock (C:\Users\nicol\OneDrive\Documentos\GitHub\metricas\cliente\node_modules\jest-circus\build\run.js:126:9)
    at _runTestsForDescribeBlock (C:\Users\nicol\OneDrive\Documentos\GitHub\metricas\cliente\node_modules\jest-circus\build\run.js:121:9)
    at run (C:\Users\nicol\OneDrive\Documentos\GitHub\metricas\cliente\node_modules\jest-circus\build\run.js:71:3)
    at runAndTransformResultsToJestFormat (C:\Users\nicol\OneDrive\Documentos\GitHub\metricas\cliente\node_modules\jest-circus\build\legacy-code-todo-rewrite\jestAdapterInit.js:122:21)
    at jestAdapter (C:\Users\nicol\OneDrive\Documentos\GitHub\metricas\cliente\node_modules\jest-circus\build\legacy-code-todo-rewrite\jestAdapter.js:79:19)
    at runTestInternal (C:\Users\nicol\OneDrive\Documentos\GitHub\metricas\cliente\node_modules\jest-runner\build\runTest.js:367:16)
    at runTest (C:\Users\nicol\OneDrive\Documentos\GitHub\metricas\cliente\node_modules\jest-runner\build\runTest.js:444:34)
    at Object.worker (C:\Users\nicol\OneDrive\Documentos\GitHub\metricas\cliente\node_modules\jest-runner\build\testWorker.js:106:12)</failure>
    </testcase>
    <testcase classname="Reviews Component calculates and displays average rating" name="Reviews Component calculates and displays average rating" time="1.058">
      <failure>Error: Unable to find an element with the text: /4.5/. This could be because the text is broken up by multiple elements. In this case, you can provide a function for your text matcher to make your matcher more flexible.

Ignored nodes: comments, script, style
&lt;body&gt;
  &lt;div&gt;
    &lt;div
      class=&quot;MuiPaper-root MuiPaper-elevation MuiPaper-rounded MuiPaper-elevation1 css-1aaowik-MuiPaper-root&quot;
    &gt;
      &lt;p
        class=&quot;MuiTypography-root MuiTypography-body1 MuiTypography-alignCenter css-12wjmzy-MuiTypography-root&quot;
      &gt;
        No hay reseñas disponibles. Por favor, agrega una reseña.
      &lt;/p&gt;
    &lt;/div&gt;
  &lt;/div&gt;
&lt;/body&gt;
    at waitForWrapper (C:\Users\nicol\OneDrive\Documentos\GitHub\metricas\cliente\node_modules\@testing-library\dom\dist\wait-for.js:166:27)
    at _callee7$ (C:\Users\nicol\OneDrive\Documentos\GitHub\metricas\cliente\src\components\__tests__\Reviews.test.jsx:164:18)
    at call (C:\Users\nicol\OneDrive\Documentos\GitHub\metricas\cliente\src\components\__tests__\Reviews.test.jsx:2:1)
    at Generator.tryCatch (C:\Users\nicol\OneDrive\Documentos\GitHub\metricas\cliente\src\components\__tests__\Reviews.test.jsx:2:1)
    at Generator._invoke [as next] (C:\Users\nicol\OneDrive\Documentos\GitHub\metricas\cliente\src\components\__tests__\Reviews.test.jsx:2:1)
    at asyncGeneratorStep (C:\Users\nicol\OneDrive\Documentos\GitHub\metricas\cliente\src\components\__tests__\Reviews.test.jsx:2:1)
    at asyncGeneratorStep (C:\Users\nicol\OneDrive\Documentos\GitHub\metricas\cliente\src\components\__tests__\Reviews.test.jsx:2:1)
    at _next (C:\Users\nicol\OneDrive\Documentos\GitHub\metricas\cliente\src\components\__tests__\Reviews.test.jsx:2:1)
    at new Promise (&lt;anonymous&gt;)
    at Object.&lt;anonymous&gt; (C:\Users\nicol\OneDrive\Documentos\GitHub\metricas\cliente\src\components\__tests__\Reviews.test.jsx:2:1)
    at Promise.then.completed (C:\Users\nicol\OneDrive\Documentos\GitHub\metricas\cliente\node_modules\jest-circus\build\utils.js:298:28)
    at new Promise (&lt;anonymous&gt;)
    at callAsyncCircusFn (C:\Users\nicol\OneDrive\Documentos\GitHub\metricas\cliente\node_modules\jest-circus\build\utils.js:231:10)
    at _callCircusTest (C:\Users\nicol\OneDrive\Documentos\GitHub\metricas\cliente\node_modules\jest-circus\build\run.js:316:40)
    at _runTest (C:\Users\nicol\OneDrive\Documentos\GitHub\metricas\cliente\node_modules\jest-circus\build\run.js:252:3)
    at _runTestsForDescribeBlock (C:\Users\nicol\OneDrive\Documentos\GitHub\metricas\cliente\node_modules\jest-circus\build\run.js:126:9)
    at _runTestsForDescribeBlock (C:\Users\nicol\OneDrive\Documentos\GitHub\metricas\cliente\node_modules\jest-circus\build\run.js:121:9)
    at run (C:\Users\nicol\OneDrive\Documentos\GitHub\metricas\cliente\node_modules\jest-circus\build\run.js:71:3)
    at runAndTransformResultsToJestFormat (C:\Users\nicol\OneDrive\Documentos\GitHub\metricas\cliente\node_modules\jest-circus\build\legacy-code-todo-rewrite\jestAdapterInit.js:122:21)
    at jestAdapter (C:\Users\nicol\OneDrive\Documentos\GitHub\metricas\cliente\node_modules\jest-circus\build\legacy-code-todo-rewrite\jestAdapter.js:79:19)
    at runTestInternal (C:\Users\nicol\OneDrive\Documentos\GitHub\metricas\cliente\node_modules\jest-runner\build\runTest.js:367:16)
    at runTest (C:\Users\nicol\OneDrive\Documentos\GitHub\metricas\cliente\node_modules\jest-runner\build\runTest.js:444:34)
    at Object.worker (C:\Users\nicol\OneDrive\Documentos\GitHub\metricas\cliente\node_modules\jest-runner\build\testWorker.js:106:12)</failure>
    </testcase>
    <testcase classname="Reviews Component sorts reviews by date" name="Reviews Component sorts reviews by date" time="1.032">
      <failure>Error: Unable to find role=&quot;button&quot; and name `/ordenar por fecha/i`

Ignored nodes: comments, script, style
&lt;body&gt;
  &lt;div&gt;
    &lt;div
      class=&quot;MuiPaper-root MuiPaper-elevation MuiPaper-rounded MuiPaper-elevation1 css-1aaowik-MuiPaper-root&quot;
    &gt;
      &lt;p
        class=&quot;MuiTypography-root MuiTypography-body1 MuiTypography-alignCenter css-12wjmzy-MuiTypography-root&quot;
      &gt;
        No hay reseñas disponibles. Por favor, agrega una reseña.
      &lt;/p&gt;
    &lt;/div&gt;
  &lt;/div&gt;
&lt;/body&gt;
    at waitForWrapper (C:\Users\nicol\OneDrive\Documentos\GitHub\metricas\cliente\node_modules\@testing-library\dom\dist\wait-for.js:166:27)
    at _callee8$ (C:\Users\nicol\OneDrive\Documentos\GitHub\metricas\cliente\src\components\__tests__\Reviews.test.jsx:173:18)
    at call (C:\Users\nicol\OneDrive\Documentos\GitHub\metricas\cliente\src\components\__tests__\Reviews.test.jsx:2:1)
    at Generator.tryCatch (C:\Users\nicol\OneDrive\Documentos\GitHub\metricas\cliente\src\components\__tests__\Reviews.test.jsx:2:1)
    at Generator._invoke [as next] (C:\Users\nicol\OneDrive\Documentos\GitHub\metricas\cliente\src\components\__tests__\Reviews.test.jsx:2:1)
    at asyncGeneratorStep (C:\Users\nicol\OneDrive\Documentos\GitHub\metricas\cliente\src\components\__tests__\Reviews.test.jsx:2:1)
    at asyncGeneratorStep (C:\Users\nicol\OneDrive\Documentos\GitHub\metricas\cliente\src\components\__tests__\Reviews.test.jsx:2:1)
    at _next (C:\Users\nicol\OneDrive\Documentos\GitHub\metricas\cliente\src\components\__tests__\Reviews.test.jsx:2:1)
    at new Promise (&lt;anonymous&gt;)
    at Object.&lt;anonymous&gt; (C:\Users\nicol\OneDrive\Documentos\GitHub\metricas\cliente\src\components\__tests__\Reviews.test.jsx:2:1)
    at Promise.then.completed (C:\Users\nicol\OneDrive\Documentos\GitHub\metricas\cliente\node_modules\jest-circus\build\utils.js:298:28)
    at new Promise (&lt;anonymous&gt;)
    at callAsyncCircusFn (C:\Users\nicol\OneDrive\Documentos\GitHub\metricas\cliente\node_modules\jest-circus\build\utils.js:231:10)
    at _callCircusTest (C:\Users\nicol\OneDrive\Documentos\GitHub\metricas\cliente\node_modules\jest-circus\build\run.js:316:40)
    at _runTest (C:\Users\nicol\OneDrive\Documentos\GitHub\metricas\cliente\node_modules\jest-circus\build\run.js:252:3)
    at _runTestsForDescribeBlock (C:\Users\nicol\OneDrive\Documentos\GitHub\metricas\cliente\node_modules\jest-circus\build\run.js:126:9)
    at _runTestsForDescribeBlock (C:\Users\nicol\OneDrive\Documentos\GitHub\metricas\cliente\node_modules\jest-circus\build\run.js:121:9)
    at run (C:\Users\nicol\OneDrive\Documentos\GitHub\metricas\cliente\node_modules\jest-circus\build\run.js:71:3)
    at runAndTransformResultsToJestFormat (C:\Users\nicol\OneDrive\Documentos\GitHub\metricas\cliente\node_modules\jest-circus\build\legacy-code-todo-rewrite\jestAdapterInit.js:122:21)
    at jestAdapter (C:\Users\nicol\OneDrive\Documentos\GitHub\metricas\cliente\node_modules\jest-circus\build\legacy-code-todo-rewrite\jestAdapter.js:79:19)
    at runTestInternal (C:\Users\nicol\OneDrive\Documentos\GitHub\metricas\cliente\node_modules\jest-runner\build\runTest.js:367:16)
    at runTest (C:\Users\nicol\OneDrive\Documentos\GitHub\metricas\cliente\node_modules\jest-runner\build\runTest.js:444:34)
    at Object.worker (C:\Users\nicol\OneDrive\Documentos\GitHub\metricas\cliente\node_modules\jest-runner\build\testWorker.js:106:12)</failure>
    </testcase>
  </testsuite>
  <testsuite name="Dashboard Component" errors="0" failures="8" skipped="0" timestamp="2025-04-01T16:55:43" time="59.76" tests="9">
    <testcase classname="Dashboard Component renders dashboard with canchas and reviews" name="Dashboard Component renders dashboard with canchas and reviews" time="2.182">
      <failure>Error: Unable to find an element with the text: Cancha 1. This could be because the text is broken up by multiple elements. In this case, you can provide a function for your text matcher to make your matcher more flexible.

Ignored nodes: comments, script, style
&lt;body&gt;
  &lt;div&gt;
    &lt;div
      class=&quot;MuiBox-root css-i9gxme&quot;
    &gt;
      &lt;div
        class=&quot;MuiBox-root css-i9gxme&quot;
      &gt;
        &lt;header
          class=&quot;MuiPaper-root MuiPaper-elevation MuiPaper-elevation4 MuiAppBar-root MuiAppBar-colorPrimary MuiAppBar-positionStatic css-hip9hq-MuiPaper-root-MuiAppBar-root&quot;
        &gt;
          &lt;div
            class=&quot;MuiToolbar-root MuiToolbar-gutters MuiToolbar-regular css-hyum1k-MuiToolbar-root&quot;
          &gt;
            &lt;div
              class=&quot;MuiTypography-root MuiTypography-h6 css-1juivf6-MuiTypography-root&quot;
            &gt;
              Canchas App
            &lt;/div&gt;
            &lt;button
              class=&quot;MuiButtonBase-root MuiIconButton-root MuiIconButton-colorInherit MuiIconButton-sizeMedium css-zylse7-MuiButtonBase-root-MuiIconButton-root&quot;
              tabindex=&quot;0&quot;
              title=&quot;Cerrar sesión&quot;
              type=&quot;button&quot;
            &gt;
              &lt;svg
                aria-hidden=&quot;true&quot;
                class=&quot;MuiSvgIcon-root MuiSvgIcon-fontSizeMedium css-i4bv87-MuiSvgIcon-root&quot;
                data-testid=&quot;ExitToAppIcon&quot;
                focusable=&quot;false&quot;
                viewBox=&quot;0 0 24 24&quot;
              &gt;
                &lt;path
                  d=&quot;M10.09 15.59 11.5 17l5-5-5-5-1.41 1.41L12.67 11H3v2h9.67zM19 3H5c-1.11 0-2 .9-2 2v4h2V5h14v14H5v-4H3v4c0 1.1.89 2 2 2h14c1.1 0 2-.9 2-2V5c0-1.1-.9-2-2-2&quot;
                /&gt;
              &lt;/svg&gt;
              &lt;span
                class=&quot;MuiTouchRipple-root css-8je8zh-MuiTouchRipple-root&quot;
              /&gt;
            &lt;/button&gt;
          &lt;/div&gt;
        &lt;/header&gt;
      &lt;/div&gt;
      &lt;div
        class=&quot;MuiContainer-root MuiContainer-maxWidthLg css-1f2kw6w-MuiContainer-root&quot;
      &gt;
        &lt;div
          class=&quot;MuiBox-root css-v08z5u&quot;
        &gt;
          &lt;h1
            class=&quot;MuiTypography-root MuiTypography-h4 css-5lbw0b-MuiTypography-root&quot;
          &gt;
            Bienvenido, 
          &lt;/h1&gt;
          &lt;button
            class=&quot;MuiButtonBase-root MuiButton-root MuiButton-contained MuiButton-containedPrimary MuiButton-sizeMedium MuiButton-containedSizeMedium MuiButton-colorPrimary MuiButton-root MuiButton-contained MuiButton-containedPrimary MuiButton-sizeMedium MuiButton-containedSizeMedium MuiButton-colorPrimary css-sghohy-MuiButtonBase-root-MuiButton-root&quot;
            tabindex=&quot;0&quot;
            type=&quot;button&quot;
          &gt;
            &lt;span
              class=&quot;MuiButton-icon MuiButton-startIcon MuiButton-iconSizeMedium css-1d6wzja-MuiButton-startIcon&quot;
            &gt;
              &lt;svg
                aria-hidden=&quot;true&quot;
                class=&quot;MuiSvgIcon-root MuiSvgIcon-fontSizeMedium css-i4bv87-MuiSvgIcon-root&quot;
                data-testid=&quot;AddIcon&quot;
                focusable=&quot;false&quot;
                viewBox=&quot;0 0 24 24&quot;
              &gt;
                &lt;path
                  d=&quot;M19 13h-6v6h-2v-6H5v-2h6V5h2v6h6z&quot;
                /&gt;
              &lt;/svg&gt;
            &lt;/span&gt;
            Agregar Cancha
            &lt;span
              class=&quot;MuiTouchRipple-root css-8je8zh-MuiTouchRipple-root&quot;
            /&gt;
          &lt;/button&gt;
        &lt;/div&gt;
        &lt;div
          class=&quot;MuiBox-root css-1muzjf8&quot;
        &gt;
          &lt;div
            class=&quot;MuiTabs-root css-1ujnqem-MuiTabs-root&quot;
          &gt;
            &lt;div
              class=&quot;MuiTabs-scroller MuiTabs-fixed css-jpln7h-MuiTabs-scroller&quot;
              style=&quot;overflow: hidden; margin-bottom: 0px;&quot;
            &gt;
              &lt;div
                class=&quot;MuiTabs-flexContainer css-heg063-MuiTabs-flexContainer&quot;
                role=&quot;tablist&quot;
              &gt;
                &lt;button
                  aria-selected=&quot;true&quot;
                  class=&quot;MuiButtonBase-root MuiTab-root MuiTab-textColorPrimary Mui-selected css-1h9z7r5-MuiButtonBase-root-MuiTab-root&quot;
                  role=&quot;tab&quot;
                  tabindex=&quot;0&quot;
                  type=&quot;button&quot;
                &gt;
                  Todas las Canchas
                  &lt;span
                    class=&quot;MuiTouchRipple-root css-8je8zh-MuiTouchRipple-root&quot;
                  /&gt;
                &lt;/button&gt;
                &lt;button
                  aria-selected=&quot;false&quot;
                  class=&quot;MuiButtonBase-root MuiTab-root MuiTab-textColorPrimary css-1h9z7r5-MuiButtonBase-root-MuiTab-root&quot;
                  role=&quot;tab&quot;
                  tabindex=&quot;-1&quot;
                  type=&quot;button&quot;
                &gt;
                  Mis Reseñas
                  &lt;span
                    class=&quot;MuiTouchRipple-root css-8je8zh-MuiTouchRipple-root&quot;
                  /&gt;
                &lt;/button&gt;
              &lt;/div&gt;
              &lt;span
                class=&quot;MuiTabs-indicator css-1aquho2-MuiTabs-indicator&quot;
                style=&quot;left: 0px; width: 0px;&quot;
              /&gt;
            &lt;/div&gt;
          &lt;/div&gt;
        &lt;/div&gt;
        &lt;div
          class=&quot;MuiBox-root css-0&quot;
        &gt;
          &lt;div
            class=&quot;MuiGrid-root MuiGrid-container MuiGrid-spacing-xs-3 css-zow5z4-MuiGrid-root&quot;
          &gt;
            &lt;div
              class=&quot;MuiGrid-root MuiGrid-item MuiGrid-grid-xs-12 css-1idn90j-MuiGrid-root&quot;
            &gt;
              &lt;div
                class=&quot;MuiBox-root css-4oqe9z&quot;
              &gt;
                &lt;h6
                  class=&quot;MuiTypography-root MuiTypography-h6 css-1jgmn5n-MuiTypography-root&quot;
                &gt;
                  No hay canchas disponibles
                &lt;/h6&gt;
              &lt;/div&gt;
            &lt;/div&gt;
          &lt;/div&gt;
        &lt;/div&gt;
      &lt;/div&gt;
    &lt;/div&gt;
  &lt;/div&gt;
&lt;/body&gt;
    at waitForWrapper (C:\Users\nicol\OneDrive\Documentos\GitHub\metricas\cliente\node_modules\@testing-library\dom\dist\wait-for.js:166:27)
    at _callee$ (C:\Users\nicol\OneDrive\Documentos\GitHub\metricas\cliente\src\components\__tests__\Dashboard.test.jsx:78:18)
    at call (C:\Users\nicol\OneDrive\Documentos\GitHub\metricas\cliente\src\components\__tests__\Dashboard.test.jsx:2:1)
    at Generator.tryCatch (C:\Users\nicol\OneDrive\Documentos\GitHub\metricas\cliente\src\components\__tests__\Dashboard.test.jsx:2:1)
    at Generator._invoke [as next] (C:\Users\nicol\OneDrive\Documentos\GitHub\metricas\cliente\src\components\__tests__\Dashboard.test.jsx:2:1)
    at asyncGeneratorStep (C:\Users\nicol\OneDrive\Documentos\GitHub\metricas\cliente\src\components\__tests__\Dashboard.test.jsx:2:1)
    at asyncGeneratorStep (C:\Users\nicol\OneDrive\Documentos\GitHub\metricas\cliente\src\components\__tests__\Dashboard.test.jsx:2:1)
    at _next (C:\Users\nicol\OneDrive\Documentos\GitHub\metricas\cliente\src\components\__tests__\Dashboard.test.jsx:2:1)
    at new Promise (&lt;anonymous&gt;)
    at Object.&lt;anonymous&gt; (C:\Users\nicol\OneDrive\Documentos\GitHub\metricas\cliente\src\components\__tests__\Dashboard.test.jsx:2:1)
    at Promise.then.completed (C:\Users\nicol\OneDrive\Documentos\GitHub\metricas\cliente\node_modules\jest-circus\build\utils.js:298:28)
    at new Promise (&lt;anonymous&gt;)
    at callAsyncCircusFn (C:\Users\nicol\OneDrive\Documentos\GitHub\metricas\cliente\node_modules\jest-circus\build\utils.js:231:10)
    at _callCircusTest (C:\Users\nicol\OneDrive\Documentos\GitHub\metricas\cliente\node_modules\jest-circus\build\run.js:316:40)
    at processTicksAndRejections (node:internal/process/task_queues:105:5)
    at _runTest (C:\Users\nicol\OneDrive\Documentos\GitHub\metricas\cliente\node_modules\jest-circus\build\run.js:252:3)
    at _runTestsForDescribeBlock (C:\Users\nicol\OneDrive\Documentos\GitHub\metricas\cliente\node_modules\jest-circus\build\run.js:126:9)
    at _runTestsForDescribeBlock (C:\Users\nicol\OneDrive\Documentos\GitHub\metricas\cliente\node_modules\jest-circus\build\run.js:121:9)
    at run (C:\Users\nicol\OneDrive\Documentos\GitHub\metricas\cliente\node_modules\jest-circus\build\run.js:71:3)
    at runAndTransformResultsToJestFormat (C:\Users\nicol\OneDrive\Documentos\GitHub\metricas\cliente\node_modules\jest-circus\build\legacy-code-todo-rewrite\jestAdapterInit.js:122:21)
    at jestAdapter (C:\Users\nicol\OneDrive\Documentos\GitHub\metricas\cliente\node_modules\jest-circus\build\legacy-code-todo-rewrite\jestAdapter.js:79:19)
    at runTestInternal (C:\Users\nicol\OneDrive\Documentos\GitHub\metricas\cliente\node_modules\jest-runner\build\runTest.js:367:16)
    at runTest (C:\Users\nicol\OneDrive\Documentos\GitHub\metricas\cliente\node_modules\jest-runner\build\runTest.js:444:34)
    at Object.worker (C:\Users\nicol\OneDrive\Documentos\GitHub\metricas\cliente\node_modules\jest-runner\build\testWorker.js:106:12)</failure>
    </testcase>
    <testcase classname="Dashboard Component displays loading state" name="Dashboard Component displays loading state" time="0.198">
      <failure>TestingLibraryElementError: Unable to find an element with the text: /cargando/i. This could be because the text is broken up by multiple elements. In this case, you can provide a function for your text matcher to make your matcher more flexible.

Ignored nodes: comments, script, style
&lt;body&gt;
  &lt;div&gt;
    &lt;div
      class=&quot;MuiBox-root css-i9gxme&quot;
    &gt;
      &lt;div
        class=&quot;MuiBox-root css-i9gxme&quot;
      &gt;
        &lt;header
          class=&quot;MuiPaper-root MuiPaper-elevation MuiPaper-elevation4 MuiAppBar-root MuiAppBar-colorPrimary MuiAppBar-positionStatic css-hip9hq-MuiPaper-root-MuiAppBar-root&quot;
        &gt;
          &lt;div
            class=&quot;MuiToolbar-root MuiToolbar-gutters MuiToolbar-regular css-hyum1k-MuiToolbar-root&quot;
          &gt;
            &lt;div
              class=&quot;MuiTypography-root MuiTypography-h6 css-1juivf6-MuiTypography-root&quot;
            &gt;
              Canchas App
            &lt;/div&gt;
            &lt;button
              class=&quot;MuiButtonBase-root MuiIconButton-root MuiIconButton-colorInherit MuiIconButton-sizeMedium css-zylse7-MuiButtonBase-root-MuiIconButton-root&quot;
              tabindex=&quot;0&quot;
              title=&quot;Cerrar sesión&quot;
              type=&quot;button&quot;
            &gt;
              &lt;svg
                aria-hidden=&quot;true&quot;
                class=&quot;MuiSvgIcon-root MuiSvgIcon-fontSizeMedium css-i4bv87-MuiSvgIcon-root&quot;
                data-testid=&quot;ExitToAppIcon&quot;
                focusable=&quot;false&quot;
                viewBox=&quot;0 0 24 24&quot;
              &gt;
                &lt;path
                  d=&quot;M10.09 15.59 11.5 17l5-5-5-5-1.41 1.41L12.67 11H3v2h9.67zM19 3H5c-1.11 0-2 .9-2 2v4h2V5h14v14H5v-4H3v4c0 1.1.89 2 2 2h14c1.1 0 2-.9 2-2V5c0-1.1-.9-2-2-2&quot;
                /&gt;
              &lt;/svg&gt;
              &lt;span
                class=&quot;MuiTouchRipple-root css-8je8zh-MuiTouchRipple-root&quot;
              /&gt;
            &lt;/button&gt;
          &lt;/div&gt;
        &lt;/header&gt;
      &lt;/div&gt;
      &lt;div
        class=&quot;MuiContainer-root MuiContainer-maxWidthLg css-1f2kw6w-MuiContainer-root&quot;
      &gt;
        &lt;div
          class=&quot;MuiBox-root css-v08z5u&quot;
        &gt;
          &lt;h1
            class=&quot;MuiTypography-root MuiTypography-h4 css-5lbw0b-MuiTypography-root&quot;
          &gt;
            Bienvenido, 
          &lt;/h1&gt;
          &lt;button
            class=&quot;MuiButtonBase-root MuiButton-root MuiButton-contained MuiButton-containedPrimary MuiButton-sizeMedium MuiButton-containedSizeMedium MuiButton-colorPrimary MuiButton-root MuiButton-contained MuiButton-containedPrimary MuiButton-sizeMedium MuiButton-containedSizeMedium MuiButton-colorPrimary css-sghohy-MuiButtonBase-root-MuiButton-root&quot;
            tabindex=&quot;0&quot;
            type=&quot;button&quot;
          &gt;
            &lt;span
              class=&quot;MuiButton-icon MuiButton-startIcon MuiButton-iconSizeMedium css-1d6wzja-MuiButton-startIcon&quot;
            &gt;
              &lt;svg
                aria-hidden=&quot;true&quot;
                class=&quot;MuiSvgIcon-root MuiSvgIcon-fontSizeMedium css-i4bv87-MuiSvgIcon-root&quot;
                data-testid=&quot;AddIcon&quot;
                focusable=&quot;false&quot;
                viewBox=&quot;0 0 24 24&quot;
              &gt;
                &lt;path
                  d=&quot;M19 13h-6v6h-2v-6H5v-2h6V5h2v6h6z&quot;
                /&gt;
              &lt;/svg&gt;
            &lt;/span&gt;
            Agregar Cancha
            &lt;span
              class=&quot;MuiTouchRipple-root css-8je8zh-MuiTouchRipple-root&quot;
            /&gt;
          &lt;/button&gt;
        &lt;/div&gt;
        &lt;div
          class=&quot;MuiBox-root css-1muzjf8&quot;
        &gt;
          &lt;div
            class=&quot;MuiTabs-root css-1ujnqem-MuiTabs-root&quot;
          &gt;
            &lt;div
              class=&quot;MuiTabs-scroller MuiTabs-fixed css-jpln7h-MuiTabs-scroller&quot;
              style=&quot;overflow: hidden; margin-bottom: 0px;&quot;
            &gt;
              &lt;div
                class=&quot;MuiTabs-flexContainer css-heg063-MuiTabs-flexContainer&quot;
                role=&quot;tablist&quot;
              &gt;
                &lt;button
                  aria-selected=&quot;true&quot;
                  class=&quot;MuiButtonBase-root MuiTab-root MuiTab-textColorPrimary Mui-selected css-1h9z7r5-MuiButtonBase-root-MuiTab-root&quot;
                  role=&quot;tab&quot;
                  tabindex=&quot;0&quot;
                  type=&quot;button&quot;
                &gt;
                  Todas las Canchas
                  &lt;span
                    class=&quot;MuiTouchRipple-root css-8je8zh-MuiTouchRipple-root&quot;
                  /&gt;
                &lt;/button&gt;
                &lt;button
                  aria-selected=&quot;false&quot;
                  class=&quot;MuiButtonBase-root MuiTab-root MuiTab-textColorPrimary css-1h9z7r5-MuiButtonBase-root-MuiTab-root&quot;
                  role=&quot;tab&quot;
                  tabindex=&quot;-1&quot;
                  type=&quot;button&quot;
                &gt;
                  Mis Reseñas
                  &lt;span
                    class=&quot;MuiTouchRipple-root css-8je8zh-MuiTouchRipple-root&quot;
                  /&gt;
                &lt;/button&gt;
              &lt;/div&gt;
              &lt;span
                class=&quot;MuiTabs-indicator css-1aquho2-MuiTabs-indicator&quot;
                style=&quot;left: 0px; width: 0px;&quot;
              /&gt;
            &lt;/div&gt;
          &lt;/div&gt;
        &lt;/div&gt;
        &lt;div
          class=&quot;MuiBox-root css-0&quot;
        &gt;
          &lt;div
            class=&quot;MuiGrid-root MuiGrid-container MuiGrid-spacing-xs-3 css-zow5z4-MuiGrid-root&quot;
          &gt;
            &lt;div
              class=&quot;MuiGrid-root MuiGrid-item MuiGrid-grid-xs-12 css-1idn90j-MuiGrid-root&quot;
            &gt;
              &lt;div
                class=&quot;MuiBox-root css-4oqe9z&quot;
              &gt;
                &lt;h6
                  class=&quot;MuiTypography-root MuiTypography-h6 css-1jgmn5n-MuiTypography-root&quot;
                &gt;
                  No hay canchas disponibles
                &lt;/h6&gt;
              &lt;/div&gt;
            &lt;/div&gt;
          &lt;/div&gt;
        &lt;/div&gt;
      &lt;/div&gt;
    &lt;/div&gt;
  &lt;/div&gt;
&lt;/body&gt;
    at Object.getElementError (C:\Users\nicol\OneDrive\Documentos\GitHub\metricas\cliente\node_modules\@testing-library\dom\dist\config.js:37:19)
    at C:\Users\nicol\OneDrive\Documentos\GitHub\metricas\cliente\node_modules\@testing-library\dom\dist\query-helpers.js:76:38
    at C:\Users\nicol\OneDrive\Documentos\GitHub\metricas\cliente\node_modules\@testing-library\dom\dist\query-helpers.js:52:17
    at C:\Users\nicol\OneDrive\Documentos\GitHub\metricas\cliente\node_modules\@testing-library\dom\dist\query-helpers.js:95:19
    at Object.getByText (C:\Users\nicol\OneDrive\Documentos\GitHub\metricas\cliente\src\components\__tests__\Dashboard.test.jsx:101:19)
    at Promise.then.completed (C:\Users\nicol\OneDrive\Documentos\GitHub\metricas\cliente\node_modules\jest-circus\build\utils.js:298:28)
    at new Promise (&lt;anonymous&gt;)
    at callAsyncCircusFn (C:\Users\nicol\OneDrive\Documentos\GitHub\metricas\cliente\node_modules\jest-circus\build\utils.js:231:10)
    at _callCircusTest (C:\Users\nicol\OneDrive\Documentos\GitHub\metricas\cliente\node_modules\jest-circus\build\run.js:316:40)
    at _runTest (C:\Users\nicol\OneDrive\Documentos\GitHub\metricas\cliente\node_modules\jest-circus\build\run.js:252:3)
    at _runTestsForDescribeBlock (C:\Users\nicol\OneDrive\Documentos\GitHub\metricas\cliente\node_modules\jest-circus\build\run.js:126:9)
    at _runTestsForDescribeBlock (C:\Users\nicol\OneDrive\Documentos\GitHub\metricas\cliente\node_modules\jest-circus\build\run.js:121:9)
    at run (C:\Users\nicol\OneDrive\Documentos\GitHub\metricas\cliente\node_modules\jest-circus\build\run.js:71:3)
    at runAndTransformResultsToJestFormat (C:\Users\nicol\OneDrive\Documentos\GitHub\metricas\cliente\node_modules\jest-circus\build\legacy-code-todo-rewrite\jestAdapterInit.js:122:21)
    at jestAdapter (C:\Users\nicol\OneDrive\Documentos\GitHub\metricas\cliente\node_modules\jest-circus\build\legacy-code-todo-rewrite\jestAdapter.js:79:19)
    at runTestInternal (C:\Users\nicol\OneDrive\Documentos\GitHub\metricas\cliente\node_modules\jest-runner\build\runTest.js:367:16)
    at runTest (C:\Users\nicol\OneDrive\Documentos\GitHub\metricas\cliente\node_modules\jest-runner\build\runTest.js:444:34)
    at Object.worker (C:\Users\nicol\OneDrive\Documentos\GitHub\metricas\cliente\node_modules\jest-runner\build\testWorker.js:106:12)</failure>
    </testcase>
    <testcase classname="Dashboard Component handles error state" name="Dashboard Component handles error state" time="1.276">
      <failure>Error: Unable to find an element with the text: /error al cargar los datos/i. This could be because the text is broken up by multiple elements. In this case, you can provide a function for your text matcher to make your matcher more flexible.

Ignored nodes: comments, script, style
&lt;body&gt;
  &lt;div&gt;
    &lt;div
      class=&quot;MuiBox-root css-i9gxme&quot;
    &gt;
      &lt;div
        class=&quot;MuiBox-root css-i9gxme&quot;
      &gt;
        &lt;header
          class=&quot;MuiPaper-root MuiPaper-elevation MuiPaper-elevation4 MuiAppBar-root MuiAppBar-colorPrimary MuiAppBar-positionStatic css-hip9hq-MuiPaper-root-MuiAppBar-root&quot;
        &gt;
          &lt;div
            class=&quot;MuiToolbar-root MuiToolbar-gutters MuiToolbar-regular css-hyum1k-MuiToolbar-root&quot;
          &gt;
            &lt;div
              class=&quot;MuiTypography-root MuiTypography-h6 css-1juivf6-MuiTypography-root&quot;
            &gt;
              Canchas App
            &lt;/div&gt;
            &lt;button
              class=&quot;MuiButtonBase-root MuiIconButton-root MuiIconButton-colorInherit MuiIconButton-sizeMedium css-zylse7-MuiButtonBase-root-MuiIconButton-root&quot;
              tabindex=&quot;0&quot;
              title=&quot;Cerrar sesión&quot;
              type=&quot;button&quot;
            &gt;
              &lt;svg
                aria-hidden=&quot;true&quot;
                class=&quot;MuiSvgIcon-root MuiSvgIcon-fontSizeMedium css-i4bv87-MuiSvgIcon-root&quot;
                data-testid=&quot;ExitToAppIcon&quot;
                focusable=&quot;false&quot;
                viewBox=&quot;0 0 24 24&quot;
              &gt;
                &lt;path
                  d=&quot;M10.09 15.59 11.5 17l5-5-5-5-1.41 1.41L12.67 11H3v2h9.67zM19 3H5c-1.11 0-2 .9-2 2v4h2V5h14v14H5v-4H3v4c0 1.1.89 2 2 2h14c1.1 0 2-.9 2-2V5c0-1.1-.9-2-2-2&quot;
                /&gt;
              &lt;/svg&gt;
              &lt;span
                class=&quot;MuiTouchRipple-root css-8je8zh-MuiTouchRipple-root&quot;
              /&gt;
            &lt;/button&gt;
          &lt;/div&gt;
        &lt;/header&gt;
      &lt;/div&gt;
      &lt;div
        class=&quot;MuiContainer-root MuiContainer-maxWidthLg css-1f2kw6w-MuiContainer-root&quot;
      &gt;
        &lt;div
          class=&quot;MuiBox-root css-v08z5u&quot;
        &gt;
          &lt;h1
            class=&quot;MuiTypography-root MuiTypography-h4 css-5lbw0b-MuiTypography-root&quot;
          &gt;
            Bienvenido, 
          &lt;/h1&gt;
          &lt;button
            class=&quot;MuiButtonBase-root MuiButton-root MuiButton-contained MuiButton-containedPrimary MuiButton-sizeMedium MuiButton-containedSizeMedium MuiButton-colorPrimary MuiButton-root MuiButton-contained MuiButton-containedPrimary MuiButton-sizeMedium MuiButton-containedSizeMedium MuiButton-colorPrimary css-sghohy-MuiButtonBase-root-MuiButton-root&quot;
            tabindex=&quot;0&quot;
            type=&quot;button&quot;
          &gt;
            &lt;span
              class=&quot;MuiButton-icon MuiButton-startIcon MuiButton-iconSizeMedium css-1d6wzja-MuiButton-startIcon&quot;
            &gt;
              &lt;svg
                aria-hidden=&quot;true&quot;
                class=&quot;MuiSvgIcon-root MuiSvgIcon-fontSizeMedium css-i4bv87-MuiSvgIcon-root&quot;
                data-testid=&quot;AddIcon&quot;
                focusable=&quot;false&quot;
                viewBox=&quot;0 0 24 24&quot;
              &gt;
                &lt;path
                  d=&quot;M19 13h-6v6h-2v-6H5v-2h6V5h2v6h6z&quot;
                /&gt;
              &lt;/svg&gt;
            &lt;/span&gt;
            Agregar Cancha
            &lt;span
              class=&quot;MuiTouchRipple-root css-8je8zh-MuiTouchRipple-root&quot;
            /&gt;
          &lt;/button&gt;
        &lt;/div&gt;
        &lt;div
          class=&quot;MuiBox-root css-1muzjf8&quot;
        &gt;
          &lt;div
            class=&quot;MuiTabs-root css-1ujnqem-MuiTabs-root&quot;
          &gt;
            &lt;div
              class=&quot;MuiTabs-scroller MuiTabs-fixed css-jpln7h-MuiTabs-scroller&quot;
              style=&quot;overflow: hidden; margin-bottom: 0px;&quot;
            &gt;
              &lt;div
                class=&quot;MuiTabs-flexContainer css-heg063-MuiTabs-flexContainer&quot;
                role=&quot;tablist&quot;
              &gt;
                &lt;button
                  aria-selected=&quot;true&quot;
                  class=&quot;MuiButtonBase-root MuiTab-root MuiTab-textColorPrimary Mui-selected css-1h9z7r5-MuiButtonBase-root-MuiTab-root&quot;
                  role=&quot;tab&quot;
                  tabindex=&quot;0&quot;
                  type=&quot;button&quot;
                &gt;
                  Todas las Canchas
                  &lt;span
                    class=&quot;MuiTouchRipple-root css-8je8zh-MuiTouchRipple-root&quot;
                  /&gt;
                &lt;/button&gt;
                &lt;button
                  aria-selected=&quot;false&quot;
                  class=&quot;MuiButtonBase-root MuiTab-root MuiTab-textColorPrimary css-1h9z7r5-MuiButtonBase-root-MuiTab-root&quot;
                  role=&quot;tab&quot;
                  tabindex=&quot;-1&quot;
                  type=&quot;button&quot;
                &gt;
                  Mis Reseñas
                  &lt;span
                    class=&quot;MuiTouchRipple-root css-8je8zh-MuiTouchRipple-root&quot;
                  /&gt;
                &lt;/button&gt;
              &lt;/div&gt;
              &lt;span
                class=&quot;MuiTabs-indicator css-1aquho2-MuiTabs-indicator&quot;
                style=&quot;left: 0px; width: 0px;&quot;
              /&gt;
            &lt;/div&gt;
          &lt;/div&gt;
        &lt;/div&gt;
        &lt;div
          class=&quot;MuiBox-root css-0&quot;
        &gt;
          &lt;div
[...]
                  value=&quot;password123&quot;
                /&gt;
                &lt;fieldset
                  aria-hidden=&quot;true&quot;
                  class=&quot;MuiOutlinedInput-notchedOutline css-1d3z3hw-MuiOutlinedInput-notchedOutline&quot;
                &gt;
                  &lt;legend
                    class=&quot;css-14lo706&quot;
                  &gt;
                    &lt;span&gt;
                      Contraseña
                       
                      *
                    &lt;/span&gt;
                  &lt;/legend&gt;
                &lt;/fieldset&gt;
              &lt;/div&gt;
              &lt;p
                class=&quot;MuiFormHelperText-root MuiFormHelperText-sizeMedium MuiFormHelperText-contained MuiFormHelperText-filled Mui-required css-1wc848c-MuiFormHelperText-root&quot;
                id=&quot;user_password-helper-text&quot;
              &gt;
                Mínimo 8 caracteres, una mayúscula, una minúscula y un número
              &lt;/p&gt;
            &lt;/div&gt;
            &lt;button
              class=&quot;MuiButtonBase-root MuiButton-root MuiButton-contained MuiButton-containedPrimary MuiButton-sizeMedium MuiButton-containedSizeMedium MuiButton-colorPrimary MuiButton-fullWidth MuiButton-root MuiButton-contained MuiButton-containedPrimary MuiButton-sizeMedium MuiButton-containedSizeMedium MuiButton-colorPrimary MuiButton-fullWidth css-1vhaqj4-MuiButtonBase-root-MuiButton-root&quot;
              tabindex=&quot;0&quot;
              type=&quot;submit&quot;
            &gt;
              Registrarse
              &lt;span
                class=&quot;MuiTouchRipple-root css-8je8zh-MuiTouchRipple-root&quot;
              /&gt;
            &lt;/button&gt;
            &lt;div
              class=&quot;MuiBox-root css-xi606m&quot;
            &gt;
              &lt;button
                class=&quot;MuiTypography-root MuiTypography-body2 MuiLink-root MuiLink-underlineAlways MuiLink-button css-z246bh-MuiTypography-root-MuiLink-root&quot;
              &gt;
                ¿Ya tienes una cuenta? Inicia sesión
              &lt;/button&gt;
            &lt;/div&gt;
          &lt;/form&gt;
        &lt;/div&gt;
      &lt;/div&gt;
    &lt;/main&gt;
  &lt;/div&gt;
&lt;/body&gt;
    at Object.getElementError (C:\Users\nicol\OneDrive\Documentos\GitHub\metricas\cliente\node_modules\@testing-library\dom\dist\config.js:37:19)
    at getAllByLabelText (C:\Users\nicol\OneDrive\Documentos\GitHub\metricas\cliente\node_modules\@testing-library\dom\dist\queries\label-text.js:103:38)
    at C:\Users\nicol\OneDrive\Documentos\GitHub\metricas\cliente\node_modules\@testing-library\dom\dist\query-helpers.js:52:17
    at C:\Users\nicol\OneDrive\Documentos\GitHub\metricas\cliente\node_modules\@testing-library\dom\dist\query-helpers.js:95:19
    at getByLabelText (C:\Users\nicol\OneDrive\Documentos\GitHub\metricas\cliente\src\components\__tests__\Register.test.jsx:96:29)
    at call (C:\Users\nicol\OneDrive\Documentos\GitHub\metricas\cliente\src\components\__tests__\Register.test.jsx:2:1)
    at Generator.tryCatch (C:\Users\nicol\OneDrive\Documentos\GitHub\metricas\cliente\src\components\__tests__\Register.test.jsx:2:1)
    at Generator._invoke [as next] (C:\Users\nicol\OneDrive\Documentos\GitHub\metricas\cliente\src\components\__tests__\Register.test.jsx:2:1)
    at asyncGeneratorStep (C:\Users\nicol\OneDrive\Documentos\GitHub\metricas\cliente\src\components\__tests__\Register.test.jsx:2:1)
    at asyncGeneratorStep (C:\Users\nicol\OneDrive\Documentos\GitHub\metricas\cliente\src\components\__tests__\Register.test.jsx:2:1)
    at _next (C:\Users\nicol\OneDrive\Documentos\GitHub\metricas\cliente\src\components\__tests__\Register.test.jsx:2:1)
    at new Promise (&lt;anonymous&gt;)
    at Object.&lt;anonymous&gt; (C:\Users\nicol\OneDrive\Documentos\GitHub\metricas\cliente\src\components\__tests__\Register.test.jsx:2:1)
    at Promise.then.completed (C:\Users\nicol\OneDrive\Documentos\GitHub\metricas\cliente\node_modules\jest-circus\build\utils.js:298:28)
    at new Promise (&lt;anonymous&gt;)
    at callAsyncCircusFn (C:\Users\nicol\OneDrive\Documentos\GitHub\metricas\cliente\node_modules\jest-circus\build\utils.js:231:10)
    at _callCircusTest (C:\Users\nicol\OneDrive\Documentos\GitHub\metricas\cliente\node_modules\jest-circus\build\run.js:316:40)
    at _runTest (C:\Users\nicol\OneDrive\Documentos\GitHub\metricas\cliente\node_modules\jest-circus\build\run.js:252:3)
    at _runTestsForDescribeBlock (C:\Users\nicol\OneDrive\Documentos\GitHub\metricas\cliente\node_modules\jest-circus\build\run.js:126:9)
    at _runTestsForDescribeBlock (C:\Users\nicol\OneDrive\Documentos\GitHub\metricas\cliente\node_modules\jest-circus\build\run.js:121:9)
    at run (C:\Users\nicol\OneDrive\Documentos\GitHub\metricas\cliente\node_modules\jest-circus\build\run.js:71:3)
    at runAndTransformResultsToJestFormat (C:\Users\nicol\OneDrive\Documentos\GitHub\metricas\cliente\node_modules\jest-circus\build\legacy-code-todo-rewrite\jestAdapterInit.js:122:21)
    at jestAdapter (C:\Users\nicol\OneDrive\Documentos\GitHub\metricas\cliente\node_modules\jest-circus\build\legacy-code-todo-rewrite\jestAdapter.js:79:19)
    at runTestInternal (C:\Users\nicol\OneDrive\Documentos\GitHub\metricas\cliente\node_modules\jest-runner\build\runTest.js:367:16)
    at runTest (C:\Users\nicol\OneDrive\Documentos\GitHub\metricas\cliente\node_modules\jest-runner\build\runTest.js:444:34)
    at Object.worker (C:\Users\nicol\OneDrive\Documentos\GitHub\metricas\cliente\node_modules\jest-runner\build\testWorker.js:106:12)</failure>
    </testcase>
    <testcase classname="Register Component handles registration error" name="Register Component handles registration error" time="0.457">
      <failure>TestingLibraryElementError: Unable to find a label with the text of: /confirmar contraseña/i

Ignored nodes: comments, script, style
&lt;body&gt;
  &lt;div&gt;
    &lt;main
      class=&quot;MuiContainer-root MuiContainer-maxWidthXs css-nzinn5-MuiContainer-root&quot;
    &gt;
      &lt;div
        class=&quot;MuiBox-root css-binzgt&quot;
      &gt;
        &lt;div
          class=&quot;MuiPaper-root MuiPaper-elevation MuiPaper-rounded MuiPaper-elevation3 css-wv0jko-MuiPaper-root&quot;
        &gt;
          &lt;h1
            class=&quot;MuiTypography-root MuiTypography-h5 css-ag7rrr-MuiTypography-root&quot;
          &gt;
            Crear Cuenta
          &lt;/h1&gt;
          &lt;form
            class=&quot;MuiBox-root css-164r41r&quot;
          &gt;
            &lt;div
              class=&quot;MuiFormControl-root MuiFormControl-marginNormal MuiFormControl-fullWidth MuiTextField-root css-17vbkzs-MuiFormControl-root-MuiTextField-root&quot;
            &gt;
              &lt;label
                class=&quot;MuiFormLabel-root MuiInputLabel-root MuiInputLabel-formControl MuiInputLabel-animated MuiInputLabel-shrink MuiInputLabel-sizeMedium MuiInputLabel-outlined MuiFormLabel-colorPrimary MuiFormLabel-filled Mui-focused Mui-required MuiInputLabel-root MuiInputLabel-formControl MuiInputLabel-animated MuiInputLabel-shrink MuiInputLabel-sizeMedium MuiInputLabel-outlined css-1jy569b-MuiFormLabel-root-MuiInputLabel-root&quot;
                data-shrink=&quot;true&quot;
                for=&quot;user_name&quot;
                id=&quot;user_name-label&quot;
              &gt;
                Nombre de Usuario
                &lt;span
                  aria-hidden=&quot;true&quot;
                  class=&quot;MuiFormLabel-asterisk MuiInputLabel-asterisk css-wgai2y-MuiFormLabel-asterisk&quot;
                &gt;
                   
                  *
                &lt;/span&gt;
              &lt;/label&gt;
              &lt;div
                class=&quot;MuiInputBase-root MuiOutlinedInput-root MuiInputBase-colorPrimary MuiInputBase-fullWidth Mui-focused MuiInputBase-formControl css-md26zr-MuiInputBase-root-MuiOutlinedInput-root&quot;
              &gt;
                &lt;input
                  aria-describedby=&quot;user_name-helper-text&quot;
                  aria-invalid=&quot;false&quot;
                  autocomplete=&quot;username&quot;
                  class=&quot;MuiInputBase-input MuiOutlinedInput-input css-1t8l2tu-MuiInputBase-input-MuiOutlinedInput-input&quot;
                  id=&quot;user_name&quot;
                  name=&quot;user_name&quot;
                  required=&quot;&quot;
                  type=&quot;text&quot;
                  value=&quot;Test User&quot;
                /&gt;
                &lt;fieldset
                  aria-hidden=&quot;true&quot;
                  class=&quot;MuiOutlinedInput-notchedOutline css-1d3z3hw-MuiOutlinedInput-notchedOutline&quot;
                &gt;
                  &lt;legend
                    class=&quot;css-14lo706&quot;
                  &gt;
                    &lt;span&gt;
                      Nombre de Usuario
                       
                      *
                    &lt;/span&gt;
                  &lt;/legend&gt;
                &lt;/fieldset&gt;
              &lt;/div&gt;
              &lt;p
                class=&quot;MuiFormHelperText-root MuiFormHelperText-sizeMedium MuiFormHelperText-contained Mui-focused MuiFormHelperText-filled Mui-required css-1wc848c-MuiFormHelperText-root&quot;
                id=&quot;user_name-helper-text&quot;
              &gt;
                Use letras, números y guiones bajos (4-20 caracteres)
              &lt;/p&gt;
            &lt;/div&gt;
            &lt;div
              class=&quot;MuiFormControl-root MuiFormControl-marginNormal MuiFormControl-fullWidth MuiTextField-root css-17vbkzs-MuiFormControl-root-MuiTextField-root&quot;
            &gt;
              &lt;label
                class=&quot;MuiFormLabel-root MuiInputLabel-root MuiInputLabel-formControl MuiInputLabel-animated MuiInputLabel-shrink MuiInputLabel-sizeMedium MuiInputLabel-outlined MuiFormLabel-colorPrimary MuiFormLabel-filled Mui-required MuiInputLabel-root MuiInputLabel-formControl MuiInputLabel-animated MuiInputLabel-shrink MuiInputLabel-sizeMedium MuiInputLabel-outlined css-1jy569b-MuiFormLabel-root-MuiInputLabel-root&quot;
                data-shrink=&quot;true&quot;
                for=&quot;user_email&quot;
                id=&quot;user_email-label&quot;
              &gt;
                Correo Electrónico
                &lt;span
                  aria-hidden=&quot;true&quot;
                  class=&quot;MuiFormLabel-asterisk MuiInputLabel-asterisk css-wgai2y-MuiFormLabel-asterisk&quot;
                &gt;
                   
                  *
                &lt;/span&gt;
              &lt;/label&gt;
              &lt;div
                class=&quot;MuiInputBase-root MuiOutlinedInput-root MuiInputBase-colorPrimary MuiInputBase-fullWidth MuiInputBase-formControl css-md26zr-MuiInputBase-root-MuiOutlinedInput-root&quot;
              &gt;
                &lt;input
                  aria-describedby=&quot;user_email-helper-text&quot;
                  aria-invalid=&quot;false&quot;
                  autocomplete=&quot;email&quot;
                  class=&quot;MuiInputBase-input MuiOutlinedInput-input css-1t8l2tu-MuiInputBase-input-MuiOutlinedInput-input&quot;
                  id=&quot;user_email&quot;
                  name=&quot;user_email&quot;
                  required=&quot;&quot;
                  type=&quot;email&quot;
                  value=&quot;existing@test.com&quot;
                /&gt;
                &lt;fieldset
                  aria-hidden=&quot;true&quot;
                  class=&quot;MuiOutlinedInput-notchedOutline css-1d3z3hw-MuiOutlinedInput-notchedOutline&quot;
                &gt;
                  &lt;legend
                    class=&quot;css-14lo706&quot;
                  &gt;
                    &lt;span&gt;
                      Correo Electrónico
                       
                      *
                    &lt;/span&gt;
                  &lt;/legend&gt;
                &lt;/fieldset&gt;
              &lt;/div&gt;
              &lt;p
                class=&quot;MuiFormHelperText-root MuiFormHelperText-sizeMedium MuiFormHelperText-contained MuiFormHelperText-filled Mui-required css-1wc848c-MuiFormHelperText-root&quot;
                id=&quot;user_email-helper-text&quot;
              &gt;
                Ingrese un email válido
              &lt;/p&gt;
            &lt;/div&gt;
            &lt;div
              class=&quot;MuiFormControl-root MuiFormControl-marginNormal MuiFormControl-fullWidth MuiTextField-root css-17vbkzs-MuiFormControl-root-MuiTextField-root&quot;
            &gt;
              &lt;label
                class=&quot;MuiFormLabel-root MuiInputLabel-root MuiInputLabel-formControl MuiInputLabel-animated MuiInputLabel-shrink MuiInputLabel-sizeMedium MuiInputLabel-outlined MuiFormLabel-colorPrimary MuiFormLabel-filled Mui-required MuiInputLabel-root MuiInputLabel-formControl MuiInputLabel-animated MuiInputLabel-shrink MuiInputLabel-sizeMedium MuiInputLabel-outlined css-1jy569b-MuiFormLabel-root-MuiInputLabel-root&quot;
                data-shrink=&quot;true&quot;
                for=&quot;user_password&quot;
                id=&quot;user_password-label&quot;
              &gt;
                Contraseña
                &lt;span
                  aria-hidden=&quot;true&quot;
                  class=&quot;MuiFormLabel-asterisk MuiInputLabel-asterisk css-wgai2y-MuiFormLabel-asterisk&quot;
                &gt;
                   
                  *
                &lt;/span&gt;
              &lt;/label&gt;
              &lt;div
                class=&quot;MuiInputBase-root MuiOutlinedInput-root MuiInputBase-colorPrimary MuiInputBase-fullWidth MuiInputBase-formControl css-md26zr-MuiInputBase-root-MuiOutlinedInput-root&quot;
              &gt;
                &lt;input
                  aria-describedby=&quot;user_password-helper-text&quot;
                  aria-invalid=&quot;false&quot;
                  autocomplete=&quot;new-password&quot;
                  class=&quot;MuiInputBase-input MuiOutlinedInput-input css-1t8l2tu-MuiInputBase-input-MuiOutlinedInput-input&quot;
                  id=&quot;user_password&quot;
                  name=&quot;user_password&quot;
                  required=&quot;&quot;
                  type=&quot;password&quot;
                  value=&quot;password123&quot;
                /&gt;
                &lt;fieldset
                  aria-hidden=&quot;true&quot;
                  class=&quot;MuiOutlinedInput-notchedOutline css-1d3z3hw-MuiOutlinedInput-notchedOutline&quot;
                &gt;
                  &lt;legend
                    class=&quot;css-14lo706&quot;
                  &gt;
                    &lt;span&gt;
                      Contraseña
                       
                      *
                    &lt;/span&gt;
                  &lt;/legend&gt;
                &lt;/fieldset&gt;
              &lt;/div&gt;
              &lt;p
                class=&quot;MuiFormHelperText-root MuiFormHelperText-sizeMedium MuiFormHelperText-contained MuiFormHelperText-filled Mui-required css-1wc848c-MuiFormHelperText-root&quot;
                id=&quot;user_password-helper-text&quot;
              &gt;
                Mínimo 8 caracteres, una mayúscula, una minúscula y un número
              &lt;/p&gt;
            &lt;/div&gt;
            &lt;button
              class=&quot;MuiButtonBase-root MuiButton-root MuiButton-contained MuiButton-containedPrimary MuiButton-sizeMedium MuiButton-containedSizeMedium MuiButton-colorPrimary MuiButton-fullWidth MuiButton-root MuiButton-contained MuiButton-containedPrimary MuiButton-sizeMedium MuiButton-containedSizeMedium MuiButton-colorPrimary MuiButton-fullWidth css-1vhaqj4-MuiButtonBase-root-MuiButton-root&quot;
              tabindex=&quot;0&quot;
              type=&quot;submit&quot;
            &gt;
              Registrarse
              &lt;span
                class=&quot;MuiTouchRipple-root css-8je8zh-MuiTouchRipple-root&quot;
              /&gt;
            &lt;/button&gt;
            &lt;div
              class=&quot;MuiBox-root css-xi606m&quot;
            &gt;
              &lt;button
                class=&quot;MuiTypography-root MuiTypography-body2 MuiLink-root MuiLink-underlineAlways MuiLink-button css-z246bh-MuiTypography-root-MuiLink-root&quot;
              &gt;
                ¿Ya tienes una cuenta? Inicia sesión
              &lt;/button&gt;
            &lt;/div&gt;
          &lt;/form&gt;
        &lt;/div&gt;
      &lt;/div&gt;
    &lt;/main&gt;
  &lt;/div&gt;
&lt;/body&gt;
    at Object.getElementError (C:\Users\nicol\OneDrive\Documentos\GitHub\metricas\cliente\node_modules\@testing-library\dom\dist\config.js:37:19)
    at getAllByLabelText (C:\Users\nicol\OneDrive\Documentos\GitHub\metricas\cliente\node_modules\@testing-library\dom\dist\queries\label-text.js:103:38)
    at C:\Users\nicol\OneDrive\Documentos\GitHub\metricas\cliente\node_modules\@testing-library\dom\dist\query-helpers.js:52:17
    at C:\Users\nicol\OneDrive\Documentos\GitHub\metricas\cliente\node_modules\@testing-library\dom\dist\query-helpers.js:95:19
    at getByLabelText (C:\Users\nicol\OneDrive\Documentos\GitHub\metricas\cliente\src\components\__tests__\Register.test.jsx:126:29)
    at call (C:\Users\nicol\OneDrive\Documentos\GitHub\metricas\cliente\src\components\__tests__\Register.test.jsx:2:1)
    at Generator.tryCatch (C:\Users\nicol\OneDrive\Documentos\GitHub\metricas\cliente\src\components\__tests__\Register.test.jsx:2:1)
    at Generator._invoke [as next] (C:\Users\nicol\OneDrive\Documentos\GitHub\metricas\cliente\src\components\__tests__\Register.test.jsx:2:1)
    at asyncGeneratorStep (C:\Users\nicol\OneDrive\Documentos\GitHub\metricas\cliente\src\components\__tests__\Register.test.jsx:2:1)
    at asyncGeneratorStep (C:\Users\nicol\OneDrive\Documentos\GitHub\metricas\cliente\src\components\__tests__\Register.test.jsx:2:1)
    at _next (C:\Users\nicol\OneDrive\Documentos\GitHub\metricas\cliente\src\components\__tests__\Register.test.jsx:2:1)
    at new Promise (&lt;anonymous&gt;)
    at Object.&lt;anonymous&gt; (C:\Users\nicol\OneDrive\Documentos\GitHub\metricas\cliente\src\components\__tests__\Register.test.jsx:2:1)
    at Promise.then.completed (C:\Users\nicol\OneDrive\Documentos\GitHub\metricas\cliente\node_modules\jest-circus\build\utils.js:298:28)
    at new Promise (&lt;anonymous&gt;)
    at callAsyncCircusFn (C:\Users\nicol\OneDrive\Documentos\GitHub\metricas\cliente\node_modules\jest-circus\build\utils.js:231:10)
    at _callCircusTest (C:\Users\nicol\OneDrive\Documentos\GitHub\metricas\cliente\node_modules\jest-circus\build\run.js:316:40)
    at _runTest (C:\Users\nicol\OneDrive\Documentos\GitHub\metricas\cliente\node_modules\jest-circus\build\run.js:252:3)
    at _runTestsForDescribeBlock (C:\Users\nicol\OneDrive\Documentos\GitHub\metricas\cliente\node_modules\jest-circus\build\run.js:126:9)
    at _runTestsForDescribeBlock (C:\Users\nicol\OneDrive\Documentos\GitHub\metricas\cliente\node_modules\jest-circus\build\run.js:121:9)
    at run (C:\Users\nicol\OneDrive\Documentos\GitHub\metricas\cliente\node_modules\jest-circus\build\run.js:71:3)
    at runAndTransformResultsToJestFormat (C:\Users\nicol\OneDrive\Documentos\GitHub\metricas\cliente\node_modules\jest-circus\build\legacy-code-todo-rewrite\jestAdapterInit.js:122:21)
    at jestAdapter (C:\Users\nicol\OneDrive\Documentos\GitHub\metricas\cliente\node_modules\jest-circus\build\legacy-code-todo-rewrite\jestAdapter.js:79:19)
    at runTestInternal (C:\Users\nicol\OneDrive\Documentos\GitHub\metricas\cliente\node_modules\jest-runner\build\runTest.js:367:16)
    at runTest (C:\Users\nicol\OneDrive\Documentos\GitHub\metricas\cliente\node_modules\jest-runner\build\runTest.js:444:34)
    at Object.worker (C:\Users\nicol\OneDrive\Documentos\GitHub\metricas\cliente\node_modules\jest-runner\build\testWorker.js:106:12)</failure>
    </testcase>
  </testsuite>
</testsuites>