<?xml version="1.0" encoding="UTF-8"?>
<testsuites name="jest tests" tests="26" failures="26" errors="0" time="61.366">
  <testsuite name="Register Component" errors="0" failures="6" skipped="0" timestamp="2025-04-02T20:54:55" time="18.861" tests="6">
    <testcase classname="Register Component renders registration form" name="Register Component renders registration form" time="0.841">
      <failure>TestingLibraryElementError: Unable to find a label with the text of: /confirmar contraseña/i

Ignored nodes: comments, script, style
&lt;body&gt;
  &lt;div&gt;
    &lt;main
      class=&quot;MuiContainer-root MuiContainer-maxWidthXs css-nzinn5-MuiContainer-root&quot;
    &gt;
      &lt;div
        class=&quot;MuiBox-root css-binzgt&quot;
      &gt;
        &lt;div
          class=&quot;MuiPaper-root MuiPaper-elevation MuiPaper-rounded MuiPaper-elevation3 css-wv0jko-MuiPaper-root&quot;
        &gt;
          &lt;h1
            class=&quot;MuiTypography-root MuiTypography-h5 css-ag7rrr-MuiTypography-root&quot;
          &gt;
            Crear Cuenta
          &lt;/h1&gt;
          &lt;form
            class=&quot;MuiBox-root css-164r41r&quot;
          &gt;
            &lt;div
              class=&quot;MuiFormControl-root MuiFormControl-marginNormal MuiFormControl-fullWidth MuiTextField-root css-17vbkzs-MuiFormControl-root-MuiTextField-root&quot;
            &gt;
              &lt;label
                class=&quot;MuiFormLabel-root MuiInputLabel-root MuiInputLabel-formControl MuiInputLabel-animated MuiInputLabel-shrink MuiInputLabel-sizeMedium MuiInputLabel-outlined MuiFormLabel-colorPrimary Mui-focused Mui-required MuiInputLabel-root MuiInputLabel-formControl MuiInputLabel-animated MuiInputLabel-shrink MuiInputLabel-sizeMedium MuiInputLabel-outlined css-1jy569b-MuiFormLabel-root-MuiInputLabel-root&quot;
                data-shrink=&quot;true&quot;
                for=&quot;user_name&quot;
                id=&quot;user_name-label&quot;
              &gt;
                Nombre de Usuario
                &lt;span
                  aria-hidden=&quot;true&quot;
                  class=&quot;MuiFormLabel-asterisk MuiInputLabel-asterisk css-wgai2y-MuiFormLabel-asterisk&quot;
                &gt;
                   
                  *
                &lt;/span&gt;
              &lt;/label&gt;
              &lt;div
                class=&quot;MuiInputBase-root MuiOutlinedInput-root MuiInputBase-colorPrimary MuiInputBase-fullWidth Mui-focused MuiInputBase-formControl css-md26zr-MuiInputBase-root-MuiOutlinedInput-root&quot;
              &gt;
                &lt;input
                  aria-describedby=&quot;user_name-helper-text&quot;
                  aria-invalid=&quot;false&quot;
                  autocomplete=&quot;username&quot;
                  class=&quot;MuiInputBase-input MuiOutlinedInput-input css-1t8l2tu-MuiInputBase-input-MuiOutlinedInput-input&quot;
                  id=&quot;user_name&quot;
                  name=&quot;user_name&quot;
                  required=&quot;&quot;
                  type=&quot;text&quot;
                  value=&quot;&quot;
                /&gt;
                &lt;fieldset
                  aria-hidden=&quot;true&quot;
                  class=&quot;MuiOutlinedInput-notchedOutline css-1d3z3hw-MuiOutlinedInput-notchedOutline&quot;
                &gt;
                  &lt;legend
                    class=&quot;css-14lo706&quot;
                  &gt;
                    &lt;span&gt;
                      Nombre de Usuario
                       
                      *
                    &lt;/span&gt;
                  &lt;/legend&gt;
                &lt;/fieldset&gt;
              &lt;/div&gt;
              &lt;p
                class=&quot;MuiFormHelperText-root MuiFormHelperText-sizeMedium MuiFormHelperText-contained Mui-focused Mui-required css-1wc848c-MuiFormHelperText-root&quot;
                id=&quot;user_name-helper-text&quot;
              &gt;
                Use letras, números y guiones bajos (4-20 caracteres)
              &lt;/p&gt;
            &lt;/div&gt;
            &lt;div
              class=&quot;MuiFormControl-root MuiFormControl-marginNormal MuiFormControl-fullWidth MuiTextField-root css-17vbkzs-MuiFormControl-root-MuiTextField-root&quot;
            &gt;
              &lt;label
                class=&quot;MuiFormLabel-root MuiInputLabel-root MuiInputLabel-formControl MuiInputLabel-animated MuiInputLabel-sizeMedium MuiInputLabel-outlined MuiFormLabel-colorPrimary Mui-required MuiInputLabel-root MuiInputLabel-formControl MuiInputLabel-animated MuiInputLabel-sizeMedium MuiInputLabel-outlined css-14s5rfu-MuiFormLabel-root-MuiInputLabel-root&quot;
                data-shrink=&quot;false&quot;
                for=&quot;user_email&quot;
                id=&quot;user_email-label&quot;
              &gt;
                Correo Electrónico
                &lt;span
                  aria-hidden=&quot;true&quot;
                  class=&quot;MuiFormLabel-asterisk MuiInputLabel-asterisk css-wgai2y-MuiFormLabel-asterisk&quot;
                &gt;
                   
                  *
                &lt;/span&gt;
              &lt;/label&gt;
              &lt;div
                class=&quot;MuiInputBase-root MuiOutlinedInput-root MuiInputBase-colorPrimary MuiInputBase-fullWidth MuiInputBase-formControl css-md26zr-MuiInputBase-root-MuiOutlinedInput-root&quot;
              &gt;
                &lt;input
                  aria-describedby=&quot;user_email-helper-text&quot;
                  aria-invalid=&quot;false&quot;
                  autocomplete=&quot;email&quot;
                  class=&quot;MuiInputBase-input MuiOutlinedInput-input css-1t8l2tu-MuiInputBase-input-MuiOutlinedInput-input&quot;
                  id=&quot;user_email&quot;
                  name=&quot;user_email&quot;
                  required=&quot;&quot;
                  type=&quot;email&quot;
                  value=&quot;&quot;
                /&gt;
                &lt;fieldset
                  aria-hidden=&quot;true&quot;
                  class=&quot;MuiOutlinedInput-notchedOutline css-1d3z3hw-MuiOutlinedInput-notchedOutline&quot;
                &gt;
                  &lt;legend
                    class=&quot;css-yjsfm1&quot;
                  &gt;
                    &lt;span&gt;
                      Correo Electrónico
                       
                      *
                    &lt;/span&gt;
                  &lt;/legend&gt;
                &lt;/fieldset&gt;
              &lt;/div&gt;
              &lt;p
                class=&quot;MuiFormHelperText-root MuiFormHelperText-sizeMedium MuiFormHelperText-contained Mui-required css-1wc848c-MuiFormHelperText-root&quot;
                id=&quot;user_email-helper-text&quot;
              &gt;
                Ingrese un email válido
              &lt;/p&gt;
            &lt;/div&gt;
            &lt;div
              class=&quot;MuiFormControl-root MuiFormControl-marginNormal MuiFormControl-fullWidth MuiTextField-root css-17vbkzs-MuiFormControl-root-MuiTextField-root&quot;
            &gt;
              &lt;label
                class=&quot;MuiFormLabel-root MuiInputLabel-root MuiInputLabel-formControl MuiInputLabel-animated MuiInputLabel-sizeMedium MuiInputLabel-outlined MuiFormLabel-colorPrimary Mui-required MuiInputLabel-root MuiInputLabel-formControl MuiInputLabel-animated MuiInputLabel-sizeMedium MuiInputLabel-outlined css-14s5rfu-MuiFormLabel-root-MuiInputLabel-root&quot;
                data-shrink=&quot;false&quot;
                for=&quot;user_password&quot;
                id=&quot;user_password-label&quot;
              &gt;
                Contraseña
                &lt;span
                  aria-hidden=&quot;true&quot;
                  class=&quot;MuiFormLabel-asterisk MuiInputLabel-asterisk css-wgai2y-MuiFormLabel-asterisk&quot;
                &gt;
                   
                  *
                &lt;/span&gt;
              &lt;/label&gt;
              &lt;div
                class=&quot;MuiInputBase-root MuiOutlinedInput-root MuiInputBase-colorPrimary MuiInputBase-fullWidth MuiInputBase-formControl css-md26zr-MuiInputBase-root-MuiOutlinedInput-root&quot;
              &gt;
                &lt;input
                  aria-describedby=&quot;user_password-helper-text&quot;
                  aria-invalid=&quot;false&quot;
                  autocomplete=&quot;new-password&quot;
                  class=&quot;MuiInputBase-input MuiOutlinedInput-input css-1t8l2tu-MuiInputBase-input-MuiOutlinedInput-input&quot;
                  id=&quot;user_password&quot;
                  name=&quot;user_password&quot;
                  required=&quot;&quot;
                  type=&quot;password&quot;
                  value=&quot;&quot;
                /&gt;
                &lt;fieldset
                  aria-hidden=&quot;true&quot;
                  class=&quot;MuiOutlinedInput-notchedOutline css-1d3z3hw-MuiOutlinedInput-notchedOutline&quot;
                &gt;
                  &lt;legend
                    class=&quot;css-yjsfm1&quot;
                  &gt;
                    &lt;span&gt;
                      Contraseña
                       
                      *
                    &lt;/span&gt;
                  &lt;/legend&gt;
                &lt;/fieldset&gt;
              &lt;/div&gt;
              &lt;p
                class=&quot;MuiFormHelperText-root MuiFormHelperText-sizeMedium MuiFormHelperText-contained Mui-required css-1wc848c-MuiFormHelperText-root&quot;
                id=&quot;user_password-helper-text&quot;
              &gt;
                Mínimo 8 caracteres, una mayúscula, una minúscula y un número
              &lt;/p&gt;
            &lt;/div&gt;
            &lt;button
              class=&quot;MuiButtonBase-root MuiButton-root MuiButton-contained MuiButton-containedPrimary MuiButton-sizeMedium MuiButton-containedSizeMedium MuiButton-colorPrimary MuiButton-fullWidth MuiButton-root MuiButton-contained MuiButton-containedPrimary MuiButton-sizeMedium MuiButton-containedSizeMedium MuiButton-colorPrimary MuiButton-fullWidth css-1vhaqj4-MuiButtonBase-root-MuiButton-root&quot;
              tabindex=&quot;0&quot;
              type=&quot;submit&quot;
            &gt;
              Registrarse
              &lt;span
                class=&quot;MuiTouchRipple-root css-8je8zh-MuiTouchRipple-root&quot;
              /&gt;
            &lt;/button&gt;
            &lt;div
              class=&quot;MuiBox-root css-xi606m&quot;
            &gt;
              &lt;button
                class=&quot;MuiTypography-root MuiTypography-body2 MuiLink-root MuiLink-underlineAlways MuiLink-button css-z246bh-MuiTypography-root-MuiLink-root&quot;
              &gt;
                ¿Ya tienes una cuenta? Inicia sesión
              &lt;/button&gt;
            &lt;/div&gt;
          &lt;/form&gt;
        &lt;/div&gt;
      &lt;/div&gt;
    &lt;/main&gt;
  &lt;/div&gt;
&lt;/body&gt;
    at Object.getElementError (C:\Users\nicol\OneDrive\Documentos\GitHub\metricas\cliente\node_modules\@testing-library\dom\dist\config.js:37:19)
    at getAllByLabelText (C:\Users\nicol\OneDrive\Documentos\GitHub\metricas\cliente\node_modules\@testing-library\dom\dist\queries\label-text.js:103:38)
    at C:\Users\nicol\OneDrive\Documentos\GitHub\metricas\cliente\node_modules\@testing-library\dom\dist\query-helpers.js:52:17
    at C:\Users\nicol\OneDrive\Documentos\GitHub\metricas\cliente\node_modules\@testing-library\dom\dist\query-helpers.js:95:19
    at Object.getByLabelText (C:\Users\nicol\OneDrive\Documentos\GitHub\metricas\cliente\src\components\__tests__\Register.test.jsx:33:19)
    at Promise.then.completed (C:\Users\nicol\OneDrive\Documentos\GitHub\metricas\cliente\node_modules\jest-circus\build\utils.js:298:28)
    at new Promise (&lt;anonymous&gt;)
    at callAsyncCircusFn (C:\Users\nicol\OneDrive\Documentos\GitHub\metricas\cliente\node_modules\jest-circus\build\utils.js:231:10)
    at _callCircusTest (C:\Users\nicol\OneDrive\Documentos\GitHub\metricas\cliente\node_modules\jest-circus\build\run.js:316:40)
    at processTicksAndRejections (node:internal/process/task_queues:105:5)
    at _runTest (C:\Users\nicol\OneDrive\Documentos\GitHub\metricas\cliente\node_modules\jest-circus\build\run.js:252:3)
    at _runTestsForDescribeBlock (C:\Users\nicol\OneDrive\Documentos\GitHub\metricas\cliente\node_modules\jest-circus\build\run.js:126:9)
    at _runTestsForDescribeBlock (C:\Users\nicol\OneDrive\Documentos\GitHub\metricas\cliente\node_modules\jest-circus\build\run.js:121:9)
    at run (C:\Users\nicol\OneDrive\Documentos\GitHub\metricas\cliente\node_modules\jest-circus\build\run.js:71:3)
    at runAndTransformResultsToJestFormat (C:\Users\nicol\OneDrive\Documentos\GitHub\metricas\cliente\node_modules\jest-circus\build\legacy-code-todo-rewrite\jestAdapterInit.js:122:21)
    at jestAdapter (C:\Users\nicol\OneDrive\Documentos\GitHub\metricas\cliente\node_modules\jest-circus\build\legacy-code-todo-rewrite\jestAdapter.js:79:19)
    at runTestInternal (C:\Users\nicol\OneDrive\Documentos\GitHub\metricas\cliente\node_modules\jest-runner\build\runTest.js:367:16)
    at runTest (C:\Users\nicol\OneDrive\Documentos\GitHub\metricas\cliente\node_modules\jest-runner\build\runTest.js:444:34)
    at Object.worker (C:\Users\nicol\OneDrive\Documentos\GitHub\metricas\cliente\node_modules\jest-runner\build\testWorker.js:106:12)</failure>
    </testcase>
    <testcase classname="Register Component validates required fields" name="Register Component validates required fields" time="1.649">
      <failure>Error: Unable to find an element with the text: /el nombre es requerido/i. This could be because the text is broken up by multiple elements. In this case, you can provide a function for your text matcher to make your matcher more flexible.

Ignored nodes: comments, script, style
&lt;body&gt;
  &lt;div&gt;
    &lt;main
      class=&quot;MuiContainer-root MuiContainer-maxWidthXs css-nzinn5-MuiContainer-root&quot;
    &gt;
      &lt;div
        class=&quot;MuiBox-root css-binzgt&quot;
      &gt;
        &lt;div
          class=&quot;MuiPaper-root MuiPaper-elevation MuiPaper-rounded MuiPaper-elevation3 css-wv0jko-MuiPaper-root&quot;
        &gt;
          &lt;h1
            class=&quot;MuiTypography-root MuiTypography-h5 css-ag7rrr-MuiTypography-root&quot;
          &gt;
            Crear Cuenta
          &lt;/h1&gt;
          &lt;form
            class=&quot;MuiBox-root css-164r41r&quot;
          &gt;
            &lt;div
              class=&quot;MuiFormControl-root MuiFormControl-marginNormal MuiFormControl-fullWidth MuiTextField-root css-17vbkzs-MuiFormControl-root-MuiTextField-root&quot;
            &gt;
              &lt;label
                class=&quot;MuiFormLabel-root MuiInputLabel-root MuiInputLabel-formControl MuiInputLabel-animated MuiInputLabel-shrink MuiInputLabel-sizeMedium MuiInputLabel-outlined MuiFormLabel-colorPrimary Mui-focused Mui-required MuiInputLabel-root MuiInputLabel-formControl MuiInputLabel-animated MuiInputLabel-shrink MuiInputLabel-sizeMedium MuiInputLabel-outlined css-1jy569b-MuiFormLabel-root-MuiInputLabel-root&quot;
                data-shrink=&quot;true&quot;
                for=&quot;user_name&quot;
                id=&quot;user_name-label&quot;
              &gt;
                Nombre de Usuario
                &lt;span
                  aria-hidden=&quot;true&quot;
                  class=&quot;MuiFormLabel-asterisk MuiInputLabel-asterisk css-wgai2y-MuiFormLabel-asterisk&quot;
                &gt;
                   
                  *
                &lt;/span&gt;
              &lt;/label&gt;
              &lt;div
                class=&quot;MuiInputBase-root MuiOutlinedInput-root MuiInputBase-colorPrimary MuiInputBase-fullWidth Mui-focused MuiInputBase-formControl css-md26zr-MuiInputBase-root-MuiOutlinedInput-root&quot;
              &gt;
                &lt;input
                  aria-describedby=&quot;user_name-helper-text&quot;
                  aria-invalid=&quot;false&quot;
                  autocomplete=&quot;username&quot;
                  class=&quot;MuiInputBase-input MuiOutlinedInput-input css-1t8l2tu-MuiInputBase-input-MuiOutlinedInput-input&quot;
                  id=&quot;user_name&quot;
                  name=&quot;user_name&quot;
                  required=&quot;&quot;
                  type=&quot;text&quot;
                  value=&quot;&quot;
                /&gt;
                &lt;fieldset
                  aria-hidden=&quot;true&quot;
                  class=&quot;MuiOutlinedInput-notchedOutline css-1d3z3hw-MuiOutlinedInput-notchedOutline&quot;
                &gt;
                  &lt;legend
                    class=&quot;css-14lo706&quot;
                  &gt;
                    &lt;span&gt;
                      Nombre de Usuario
                       
                      *
                    &lt;/span&gt;
                  &lt;/legend&gt;
                &lt;/fieldset&gt;
              &lt;/div&gt;
              &lt;p
                class=&quot;MuiFormHelperText-root MuiFormHelperText-sizeMedium MuiFormHelperText-contained Mui-focused Mui-required css-1wc848c-MuiFormHelperText-root&quot;
                id=&quot;user_name-helper-text&quot;
              &gt;
                Use letras, números y guiones bajos (4-20 caracteres)
              &lt;/p&gt;
            &lt;/div&gt;
            &lt;div
              class=&quot;MuiFormControl-root MuiFormControl-marginNormal MuiFormControl-fullWidth MuiTextField-root css-17vbkzs-MuiFormControl-root-MuiTextField-root&quot;
            &gt;
              &lt;label
                class=&quot;MuiFormLabel-root MuiInputLabel-root MuiInputLabel-formControl MuiInputLabel-animated MuiInputLabel-sizeMedium MuiInputLabel-outlined MuiFormLabel-colorPrimary Mui-required MuiInputLabel-root MuiInputLabel-formControl MuiInputLabel-animated MuiInputLabel-sizeMedium MuiInputLabel-outlined css-14s5rfu-MuiFormLabel-root-MuiInputLabel-root&quot;
                data-shrink=&quot;false&quot;
                for=&quot;user_email&quot;
                id=&quot;user_email-label&quot;
              &gt;
                Correo Electrónico
                &lt;span
                  aria-hidden=&quot;true&quot;
                  class=&quot;MuiFormLabel-asterisk MuiInputLabel-asterisk css-wgai2y-MuiFormLabel-asterisk&quot;
                &gt;
                   
                  *
                &lt;/span&gt;
              &lt;/label&gt;
              &lt;div
                class=&quot;MuiInputBase-root MuiOutlinedInput-root MuiInputBase-colorPrimary MuiInputBase-fullWidth MuiInputBase-formControl css-md26zr-MuiInputBase-root-MuiOutlinedInput-root&quot;
              &gt;
                &lt;input
                  aria-describedby=&quot;user_email-helper-text&quot;
                  aria-invalid=&quot;false&quot;
                  autocomplete=&quot;email&quot;
                  class=&quot;MuiInputBase-input MuiOutlinedInput-input css-1t8l2tu-MuiInputBase-input-MuiOutlinedInput-input&quot;
                  id=&quot;user_email&quot;
                  name=&quot;user_email&quot;
                  required=&quot;&quot;
                  type=&quot;email&quot;
                  value=&quot;&quot;
                /&gt;
                &lt;fieldset
                  aria-hidden=&quot;true&quot;
                  class=&quot;MuiOutlinedInput-notchedOutline css-1d3z3hw-MuiOutlinedInput-notchedOutline&quot;
                &gt;
                  &lt;legend
                    class=&quot;css-yjsfm1&quot;
                  &gt;
                    &lt;span&gt;
                      Correo Electrónico
                       
                      *
                    &lt;/span&gt;
                  &lt;/legend&gt;
                &lt;/fieldset&gt;
              &lt;/div&gt;
              &lt;p
                class=&quot;MuiFormHelperText-root MuiFormHelperText-sizeMedium MuiFormHelperText-contained Mui-required css-1wc848c-MuiFormHelperText-root&quot;
                id=&quot;user_email-helper-text&quot;
              &gt;
                Ingrese un email válido
              &lt;/p&gt;
            &lt;/div&gt;
            &lt;div
              class=&quot;MuiFormControl-root MuiFormControl-marginNormal MuiFormControl-fullWidth MuiTextField-root css-17vbkzs-MuiFormControl-root-MuiTextField-root&quot;
            &gt;
              &lt;label
                class=&quot;MuiFormLabel-root MuiInputLabel-root MuiInputLabel-formControl MuiInputLabel-animated MuiInputLabel-sizeMedium MuiInputLabel-outlined MuiFormLabel-colorPrimary Mui-required MuiInputLabel-root MuiInputLabel-formControl MuiInputLabel-animated MuiInputLabel-sizeMedium MuiInputLabel-outlined css-14s5rfu-MuiFormLabel-root-MuiInputLabel-root&quot;
                data-shrink=&quot;false&quot;
                for=&quot;user_password&quot;
                id=&quot;user_password-label&quot;
              &gt;
                Contraseña
                &lt;span
                  aria-hidden=&quot;true&quot;
                  class=&quot;MuiFormLabel-asterisk MuiInputLabel-asterisk css-wgai2y-MuiFormLabel-asterisk&quot;
                &gt;
                   
                  *
                &lt;/span&gt;
              &lt;/label&gt;
              &lt;div
                class=&quot;MuiInputBase-root MuiOutlinedInput-root MuiInputBase-colorPrimary MuiInputBase-fullWidth MuiInputBase-formControl css-md26zr-MuiInputBase-root-MuiOutlinedInput-root&quot;
              &gt;
                &lt;input
                  aria-describedby=&quot;user_password-helper-text&quot;
                  aria-invalid=&quot;false&quot;
                  autocomplete=&quot;new-password&quot;
                  class=&quot;MuiInputBase-input MuiOutlinedInput-input css-1t8l2tu-MuiInputBase-input-MuiOutlinedInput-input&quot;
                  id=&quot;user_password&quot;
                  name=&quot;user_password&quot;
                  required=&quot;&quot;
                  type=&quot;password&quot;
                  value=&quot;&quot;
                /&gt;
                &lt;fieldset
                  aria-hidden=&quot;true&quot;
                  class=&quot;MuiOutlinedInput-notchedOutline css-1d3z3hw-MuiOutlinedInput-notchedOutline&quot;
                &gt;
                  &lt;legend
                    class=&quot;css-yjsfm1&quot;
                  &gt;
                    &lt;span&gt;
                      Contraseña
                       
                      *
                    &lt;/span&gt;
                  &lt;/legend&gt;
                &lt;/fieldset&gt;
              &lt;/div&gt;
              &lt;p
                class=&quot;MuiFormHelperText-root MuiFormHelperText-sizeMedium MuiFormHelperText-contained Mui-required css-1wc848c-MuiFormHelperText-root&quot;
                id=&quot;user_password-helper-text&quot;
              &gt;
                Mínimo 8 caracteres, una mayúscula, una minúscula y un número
              &lt;/p&gt;
            &lt;/div&gt;
            &lt;button
              class=&quot;MuiButtonBase-root MuiButton-root MuiButton-contained MuiButton-containedPrimary MuiButton-sizeMedium MuiButton-containedSizeMedium MuiButton-colorPrimary MuiButton-fullWidth MuiButton-root MuiButton-contained MuiButton-containedPrimary MuiButton-sizeMedium MuiButton-containedSizeMedium MuiButton-colorPrimary MuiButton-fullWidth css-1vhaqj4-MuiButtonBase-root-MuiButton-root&quot;
              tabindex=&quot;0&quot;
              type=&quot;submit&quot;
            &gt;
              Registrarse
              &lt;span
                class=&quot;MuiTouchRipple-root css-8je8zh-MuiTouchRipple-root&quot;
              /&gt;
            &lt;/button&gt;
            &lt;div
              class=&quot;MuiBox-root css-xi606m&quot;
            &gt;
              &lt;button
                class=&quot;MuiTypography-root MuiTypography-body2 MuiLink-root MuiLink-underlineAlways MuiLink-button css-z246bh-MuiTypography-root-MuiLink-root&quot;
              &gt;
                ¿Ya tienes una cuenta? Inicia sesión
              &lt;/button&gt;
            &lt;/div&gt;
          &lt;/form&gt;
        &lt;/div&gt;
      &lt;/div&gt;
    &lt;/main&gt;
  &lt;/div&gt;
&lt;/body&gt;
    at waitForWrapper (C:\Users\nicol\OneDrive\Documentos\GitHub\metricas\cliente\node_modules\@testing-library\dom\dist\wait-for.js:166:27)
    at _callee$ (C:\Users\nicol\OneDrive\Documentos\GitHub\metricas\cliente\src\components\__tests__\Register.test.jsx:43:18)
    at call (C:\Users\nicol\OneDrive\Documentos\GitHub\metricas\cliente\src\components\__tests__\Register.test.jsx:2:1)
    at Generator.tryCatch (C:\Users\nicol\OneDrive\Documentos\GitHub\metricas\cliente\src\components\__tests__\Register.test.jsx:2:1)
    at Generator._invoke [as next] (C:\Users\nicol\OneDrive\Documentos\GitHub\metricas\cliente\src\components\__tests__\Register.test.jsx:2:1)
    at asyncGeneratorStep (C:\Users\nicol\OneDrive\Documentos\GitHub\metricas\cliente\src\components\__tests__\Register.test.jsx:2:1)
    at asyncGeneratorStep (C:\Users\nicol\OneDrive\Documentos\GitHub\metricas\cliente\src\components\__tests__\Register.test.jsx:2:1)
    at _next (C:\Users\nicol\OneDrive\Documentos\GitHub\metricas\cliente\src\components\__tests__\Register.test.jsx:2:1)
    at new Promise (&lt;anonymous&gt;)
    at Object.&lt;anonymous&gt; (C:\Users\nicol\OneDrive\Documentos\GitHub\metricas\cliente\src\components\__tests__\Register.test.jsx:2:1)
    at Promise.then.completed (C:\Users\nicol\OneDrive\Documentos\GitHub\metricas\cliente\node_modules\jest-circus\build\utils.js:298:28)
    at new Promise (&lt;anonymous&gt;)
    at callAsyncCircusFn (C:\Users\nicol\OneDrive\Documentos\GitHub\metricas\cliente\node_modules\jest-circus\build\utils.js:231:10)
    at _callCircusTest (C:\Users\nicol\OneDrive\Documentos\GitHub\metricas\cliente\node_modules\jest-circus\build\run.js:316:40)
    at processTicksAndRejections (node:internal/process/task_queues:105:5)
    at _runTest (C:\Users\nicol\OneDrive\Documentos\GitHub\metricas\cliente\node_modules\jest-circus\build\run.js:252:3)
    at _runTestsForDescribeBlock (C:\Users\nicol\OneDrive\Documentos\GitHub\metricas\cliente\node_modules\jest-circus\build\run.js:126:9)
    at _runTestsForDescribeBlock (C:\Users\nicol\OneDrive\Documentos\GitHub\metricas\cliente\node_modules\jest-circus\build\run.js:121:9)
    at run (C:\Users\nicol\OneDrive\Documentos\GitHub\metricas\cliente\node_modules\jest-circus\build\run.js:71:3)
    at runAndTransformResultsToJestFormat (C:\Users\nicol\OneDrive\Documentos\GitHub\metricas\cliente\node_modules\jest-circus\build\legacy-code-todo-rewrite\jestAdapterInit.js:122:21)
    at jestAdapter (C:\Users\nicol\OneDrive\Documentos\GitHub\metricas\cliente\node_modules\jest-circus\build\legacy-code-todo-rewrite\jestAdapter.js:79:19)
    at runTestInternal (C:\Users\nicol\OneDrive\Documentos\GitHub\metricas\cliente\node_modules\jest-runner\build\runTest.js:367:16)
    at runTest (C:\Users\nicol\OneDrive\Documentos\GitHub\metricas\cliente\node_modules\jest-runner\build\runTest.js:444:34)
    at Object.worker (C:\Users\nicol\OneDrive\Documentos\GitHub\metricas\cliente\node_modules\jest-runner\build\testWorker.js:106:12)</failure>
    </testcase>
    <testcase classname="Register Component validates password match" name="Register Component validates password match" time="0.254">
      <failure>TestingLibraryElementError: Unable to find a label with the text of: /confirmar contraseña/i

Ignored nodes: comments, script, style
&lt;body&gt;
  &lt;div&gt;
    &lt;main
      class=&quot;MuiContainer-root MuiContainer-maxWidthXs css-nzinn5-MuiContainer-root&quot;
    &gt;
      &lt;div
        class=&quot;MuiBox-root css-binzgt&quot;
      &gt;
        &lt;div
          class=&quot;MuiPaper-root MuiPaper-elevation MuiPaper-rounded MuiPaper-elevation3 css-wv0jko-MuiPaper-root&quot;
        &gt;
          &lt;h1
            class=&quot;MuiTypography-root MuiTypography-h5 css-ag7rrr-MuiTypography-root&quot;
          &gt;
            Crear Cuenta
          &lt;/h1&gt;
          &lt;form
            class=&quot;MuiBox-root css-164r41r&quot;
          &gt;
            &lt;div
              class=&quot;MuiFormControl-root MuiFormControl-marginNormal MuiFormControl-fullWidth MuiTextField-root css-17vbkzs-MuiFormControl-root-MuiTextField-root&quot;
            &gt;
              &lt;label
                class=&quot;MuiFormLabel-root MuiInputLabel-root MuiInputLabel-formControl MuiInputLabel-animated MuiInputLabel-shrink MuiInputLabel-sizeMedium MuiInputLabel-outlined MuiFormLabel-colorPrimary Mui-focused Mui-required MuiInputLabel-root MuiInputLabel-formControl MuiInputLabel-animated MuiInputLabel-shrink MuiInputLabel-sizeMedium MuiInputLabel-outlined css-1jy569b-MuiFormLabel-root-MuiInputLabel-root&quot;
                data-shrink=&quot;true&quot;
                for=&quot;user_name&quot;
                id=&quot;user_name-label&quot;
              &gt;
                Nombre de Usuario
                &lt;span
                  aria-hidden=&quot;true&quot;
                  class=&quot;MuiFormLabel-asterisk MuiInputLabel-asterisk css-wgai2y-MuiFormLabel-asterisk&quot;
                &gt;
                   
                  *
                &lt;/span&gt;
              &lt;/label&gt;
              &lt;div
                class=&quot;MuiInputBase-root MuiOutlinedInput-root MuiInputBase-colorPrimary MuiInputBase-fullWidth Mui-focused MuiInputBase-formControl css-md26zr-MuiInputBase-root-MuiOutlinedInput-root&quot;
              &gt;
                &lt;input
                  aria-describedby=&quot;user_name-helper-text&quot;
                  aria-invalid=&quot;false&quot;
                  autocomplete=&quot;username&quot;
                  class=&quot;MuiInputBase-input MuiOutlinedInput-input css-1t8l2tu-MuiInputBase-input-MuiOutlinedInput-input&quot;
                  id=&quot;user_name&quot;
                  name=&quot;user_name&quot;
                  required=&quot;&quot;
                  type=&quot;text&quot;
                  value=&quot;&quot;
                /&gt;
                &lt;fieldset
                  aria-hidden=&quot;true&quot;
                  class=&quot;MuiOutlinedInput-notchedOutline css-1d3z3hw-MuiOutlinedInput-notchedOutline&quot;
                &gt;
                  &lt;legend
                    class=&quot;css-14lo706&quot;
                  &gt;
                    &lt;span&gt;
                      Nombre de Usuario
                       
                      *
                    &lt;/span&gt;
                  &lt;/legend&gt;
                &lt;/fieldset&gt;
              &lt;/div&gt;
              &lt;p
                class=&quot;MuiFormHelperText-root MuiFormHelperText-sizeMedium MuiFormHelperText-contained Mui-focused Mui-required css-1wc848c-MuiFormHelperText-root&quot;
                id=&quot;user_name-helper-text&quot;
              &gt;
                Use letras, números y guiones bajos (4-20 caracteres)
              &lt;/p&gt;
            &lt;/div&gt;
            &lt;div
              class=&quot;MuiFormControl-root MuiFormControl-marginNormal MuiFormControl-fullWidth MuiTextField-root css-17vbkzs-MuiFormControl-root-MuiTextField-root&quot;
            &gt;
              &lt;label
                class=&quot;MuiFormLabel-root MuiInputLabel-root MuiInputLabel-formControl MuiInputLabel-animated MuiInputLabel-sizeMedium MuiInputLabel-outlined MuiFormLabel-colorPrimary Mui-required MuiInputLabel-root MuiInputLabel-formControl MuiInputLabel-animated MuiInputLabel-sizeMedium MuiInputLabel-outlined css-14s5rfu-MuiFormLabel-root-MuiInputLabel-root&quot;
                data-shrink=&quot;false&quot;
                for=&quot;user_email&quot;
                id=&quot;user_email-label&quot;
              &gt;
                Correo Electrónico
                &lt;span
                  aria-hidden=&quot;true&quot;
                  class=&quot;MuiFormLabel-asterisk MuiInputLabel-asterisk css-wgai2y-MuiFormLabel-asterisk&quot;
                &gt;
                   
                  *
                &lt;/span&gt;
              &lt;/label&gt;
              &lt;div
                class=&quot;MuiInputBase-root MuiOutlinedInput-root MuiInputBase-colorPrimary MuiInputBase-fullWidth MuiInputBase-formControl css-md26zr-MuiInputBase-root-MuiOutlinedInput-root&quot;
              &gt;
                &lt;input
                  aria-describedby=&quot;user_email-helper-text&quot;
                  aria-invalid=&quot;false&quot;
                  autocomplete=&quot;email&quot;
                  class=&quot;MuiInputBase-input MuiOutlinedInput-input css-1t8l2tu-MuiInputBase-input-MuiOutlinedInput-input&quot;
                  id=&quot;user_email&quot;
                  name=&quot;user_email&quot;
                  required=&quot;&quot;
                  type=&quot;email&quot;
                  value=&quot;&quot;
                /&gt;
                &lt;fieldset
                  aria-hidden=&quot;true&quot;
                  class=&quot;MuiOutlinedInput-notchedOutline css-1d3z3hw-MuiOutlinedInput-notchedOutline&quot;
                &gt;
                  &lt;legend
                    class=&quot;css-yjsfm1&quot;
                  &gt;
                    &lt;span&gt;
                      Correo Electrónico
                       
                      *
                    &lt;/span&gt;
                  &lt;/legend&gt;
                &lt;/fieldset&gt;
              &lt;/div&gt;
              &lt;p
                class=&quot;MuiFormHelperText-root MuiFormHelperText-sizeMedium MuiFormHelperText-contained Mui-required css-1wc848c-MuiFormHelperText-root&quot;
                id=&quot;user_email-helper-text&quot;
              &gt;
                Ingrese un email válido
              &lt;/p&gt;
            &lt;/div&gt;
            &lt;div
              class=&quot;MuiFormControl-root MuiFormControl-marginNormal MuiFormControl-fullWidth MuiTextField-root css-17vbkzs-MuiFormControl-root-MuiTextField-root&quot;
            &gt;
              &lt;label
                class=&quot;MuiFormLabel-root MuiInputLabel-root MuiInputLabel-formControl MuiInputLabel-animated MuiInputLabel-shrink MuiInputLabel-sizeMedium MuiInputLabel-outlined MuiFormLabel-colorPrimary MuiFormLabel-filled Mui-required MuiInputLabel-root MuiInputLabel-formControl MuiInputLabel-animated MuiInputLabel-shrink MuiInputLabel-sizeMedium MuiInputLabel-outlined css-1jy569b-MuiFormLabel-root-MuiInputLabel-root&quot;
                data-shrink=&quot;true&quot;
                for=&quot;user_password&quot;
                id=&quot;user_password-label&quot;
              &gt;
                Contraseña
                &lt;span
                  aria-hidden=&quot;true&quot;
                  class=&quot;MuiFormLabel-asterisk MuiInputLabel-asterisk css-wgai2y-MuiFormLabel-asterisk&quot;
                &gt;
                   
                  *
                &lt;/span&gt;
              &lt;/label&gt;
              &lt;div
                class=&quot;MuiInputBase-root MuiOutlinedInput-root MuiInputBase-colorPrimary MuiInputBase-fullWidth MuiInputBase-formControl css-md26zr-MuiInputBase-root-MuiOutlinedInput-root&quot;
              &gt;
                &lt;input
                  aria-describedby=&quot;user_password-helper-text&quot;
                  aria-invalid=&quot;false&quot;
                  autocomplete=&quot;new-password&quot;
                  class=&quot;MuiInputBase-input MuiOutlinedInput-input css-1t8l2tu-MuiInputBase-input-MuiOutlinedInput-input&quot;
                  id=&quot;user_password&quot;
                  name=&quot;user_password&quot;
                  required=&quot;&quot;
                  type=&quot;password&quot;
                  value=&quot;password123&quot;
                /&gt;
                &lt;fieldset
                  aria-hidden=&quot;true&quot;
                  class=&quot;MuiOutlinedInput-notchedOutline css-1d3z3hw-MuiOutlinedInput-notchedOutline&quot;
                &gt;
                  &lt;legend
                    class=&quot;css-14lo706&quot;
                  &gt;
                    &lt;span&gt;
                      Contraseña
                       
                      *
                    &lt;/span&gt;
                  &lt;/legend&gt;
                &lt;/fieldset&gt;
              &lt;/div&gt;
              &lt;p
                class=&quot;MuiFormHelperText-root MuiFormHelperText-sizeMedium MuiFormHelperText-contained MuiFormHelperText-filled Mui-required css-1wc848c-MuiFormHelperText-root&quot;
                id=&quot;user_password-helper-text&quot;
              &gt;
                Mínimo 8 caracteres, una mayúscula, una minúscula y un número
              &lt;/p&gt;
            &lt;/div&gt;
            &lt;button
              class=&quot;MuiButtonBase-root MuiButton-root MuiButton-contained MuiButton-containedPrimary MuiButton-sizeMedium MuiButton-containedSizeMedium MuiButton-colorPrimary MuiButton-fullWidth MuiButton-root MuiButton-contained MuiButton-containedPrimary MuiButton-sizeMedium MuiButton-containedSizeMedium MuiButton-colorPrimary MuiButton-fullWidth css-1vhaqj4-MuiButtonBase-root-MuiButton-root&quot;
              tabindex=&quot;0&quot;
              type=&quot;submit&quot;
            &gt;
              Registrarse
              &lt;span
                class=&quot;MuiTouchRipple-root css-8je8zh-MuiTouchRipple-root&quot;
              /&gt;
            &lt;/button&gt;
            &lt;div
              class=&quot;MuiBox-root css-xi606m&quot;
            &gt;
              &lt;button
                class=&quot;MuiTypography-root MuiTypography-body2 MuiLink-root MuiLink-underlineAlways MuiLink-button css-z246bh-MuiTypography-root-MuiLink-root&quot;
              &gt;
                ¿Ya tienes una cuenta? Inicia sesión
              &lt;/button&gt;
            &lt;/div&gt;
          &lt;/form&gt;
        &lt;/div&gt;
      &lt;/div&gt;
    &lt;/main&gt;
  &lt;/div&gt;
&lt;/body&gt;
    at Object.getElementError (C:\Users\nicol\OneDrive\Documentos\GitHub\metricas\cliente\node_modules\@testing-library\dom\dist\config.js:37:19)
    at getAllByLabelText (C:\Users\nicol\OneDrive\Documentos\GitHub\metricas\cliente\node_modules\@testing-library\dom\dist\queries\label-text.js:103:38)
    at C:\Users\nicol\OneDrive\Documentos\GitHub\metricas\cliente\node_modules\@testing-library\dom\dist\query-helpers.js:52:17
    at C:\Users\nicol\OneDrive\Documentos\GitHub\metricas\cliente\node_modules\@testing-library\dom\dist\query-helpers.js:95:19
    at getByLabelText (C:\Users\nicol\OneDrive\Documentos\GitHub\metricas\cliente\src\components\__tests__\Register.test.jsx:56:29)
    at call (C:\Users\nicol\OneDrive\Documentos\GitHub\metricas\cliente\src\components\__tests__\Register.test.jsx:2:1)
    at Generator.tryCatch (C:\Users\nicol\OneDrive\Documentos\GitHub\metricas\cliente\src\components\__tests__\Register.test.jsx:2:1)
    at Generator._invoke [as next] (C:\Users\nicol\OneDrive\Documentos\GitHub\metricas\cliente\src\components\__tests__\Register.test.jsx:2:1)
    at asyncGeneratorStep (C:\Users\nicol\OneDrive\Documentos\GitHub\metricas\cliente\src\components\__tests__\Register.test.jsx:2:1)
    at asyncGeneratorStep (C:\Users\nicol\OneDrive\Documentos\GitHub\metricas\cliente\src\components\__tests__\Register.test.jsx:2:1)
    at _next (C:\Users\nicol\OneDrive\Documentos\GitHub\metricas\cliente\src\components\__tests__\Register.test.jsx:2:1)
    at new Promise (&lt;anonymous&gt;)
    at Object.&lt;anonymous&gt; (C:\Users\nicol\OneDrive\Documentos\GitHub\metricas\cliente\src\components\__tests__\Register.test.jsx:2:1)
    at Promise.then.completed (C:\Users\nicol\OneDrive\Documentos\GitHub\metricas\cliente\node_modules\jest-circus\build\utils.js:298:28)
    at new Promise (&lt;anonymous&gt;)
    at callAsyncCircusFn (C:\Users\nicol\OneDrive\Documentos\GitHub\metricas\cliente\node_modules\jest-circus\build\utils.js:231:10)
    at _callCircusTest (C:\Users\nicol\OneDrive\Documentos\GitHub\metricas\cliente\node_modules\jest-circus\build\run.js:316:40)
    at _runTest (C:\Users\nicol\OneDrive\Documentos\GitHub\metricas\cliente\node_modules\jest-circus\build\run.js:252:3)
    at _runTestsForDescribeBlock (C:\Users\nicol\OneDrive\Documentos\GitHub\metricas\cliente\node_modules\jest-circus\build\run.js:126:9)
    at _runTestsForDescribeBlock (C:\Users\nicol\OneDrive\Documentos\GitHub\metricas\cliente\node_modules\jest-circus\build\run.js:121:9)
    at run (C:\Users\nicol\OneDrive\Documentos\GitHub\metricas\cliente\node_modules\jest-circus\build\run.js:71:3)
    at runAndTransformResultsToJestFormat (C:\Users\nicol\OneDrive\Documentos\GitHub\metricas\cliente\node_modules\jest-circus\build\legacy-code-todo-rewrite\jestAdapterInit.js:122:21)
    at jestAdapter (C:\Users\nicol\OneDrive\Documentos\GitHub\metricas\cliente\node_modules\jest-circus\build\legacy-code-todo-rewrite\jestAdapter.js:79:19)
    at runTestInternal (C:\Users\nicol\OneDrive\Documentos\GitHub\metricas\cliente\node_modules\jest-runner\build\runTest.js:367:16)
    at runTest (C:\Users\nicol\OneDrive\Documentos\GitHub\metricas\cliente\node_modules\jest-runner\build\runTest.js:444:34)
    at Object.worker (C:\Users\nicol\OneDrive\Documentos\GitHub\metricas\cliente\node_modules\jest-runner\build\testWorker.js:106:12)</failure>
    </testcase>
    <testcase classname="Register Component validates email format" name="Register Component validates email format" time="1.261">
      <failure>Error: Unable to find an element with the text: /formato de email inválido/i. This could be because the text is broken up by multiple elements. In this case, you can provide a function for your text matcher to make your matcher more flexible.

Ignored nodes: comments, script, style
&lt;body&gt;
  &lt;div&gt;
    &lt;main
      class=&quot;MuiContainer-root MuiContainer-maxWidthXs css-nzinn5-MuiContainer-root&quot;
    &gt;
      &lt;div
        class=&quot;MuiBox-root css-binzgt&quot;
      &gt;
        &lt;div
          class=&quot;MuiPaper-root MuiPaper-elevation MuiPaper-rounded MuiPaper-elevation3 css-wv0jko-MuiPaper-root&quot;
        &gt;
          &lt;h1
            class=&quot;MuiTypography-root MuiTypography-h5 css-ag7rrr-MuiTypography-root&quot;
          &gt;
            Crear Cuenta
          &lt;/h1&gt;
          &lt;form
            class=&quot;MuiBox-root css-164r41r&quot;
          &gt;
            &lt;div
              class=&quot;MuiFormControl-root MuiFormControl-marginNormal MuiFormControl-fullWidth MuiTextField-root css-17vbkzs-MuiFormControl-root-MuiTextField-root&quot;
            &gt;
              &lt;label
                class=&quot;MuiFormLabel-root MuiInputLabel-root MuiInputLabel-formControl MuiInputLabel-animated MuiInputLabel-shrink MuiInputLabel-sizeMedium MuiInputLabel-outlined MuiFormLabel-colorPrimary Mui-focused Mui-required MuiInputLabel-root MuiInputLabel-formControl MuiInputLabel-animated MuiInputLabel-shrink MuiInputLabel-sizeMedium MuiInputLabel-outlined css-1jy569b-MuiFormLabel-root-MuiInputLabel-root&quot;
                data-shrink=&quot;true&quot;
                for=&quot;user_name&quot;
                id=&quot;user_name-label&quot;
              &gt;
                Nombre de Usuario
                &lt;span
                  aria-hidden=&quot;true&quot;
                  class=&quot;MuiFormLabel-asterisk MuiInputLabel-asterisk css-wgai2y-MuiFormLabel-asterisk&quot;
                &gt;
                   
                  *
                &lt;/span&gt;
              &lt;/label&gt;
              &lt;div
                class=&quot;MuiInputBase-root MuiOutlinedInput-root MuiInputBase-colorPrimary MuiInputBase-fullWidth Mui-focused MuiInputBase-formControl css-md26zr-MuiInputBase-root-MuiOutlinedInput-root&quot;
              &gt;
                &lt;input
                  aria-describedby=&quot;user_name-helper-text&quot;
                  aria-invalid=&quot;false&quot;
                  autocomplete=&quot;username&quot;
                  class=&quot;MuiInputBase-input MuiOutlinedInput-input css-1t8l2tu-MuiInputBase-input-MuiOutlinedInput-input&quot;
                  id=&quot;user_name&quot;
                  name=&quot;user_name&quot;
                  required=&quot;&quot;
                  type=&quot;text&quot;
                  value=&quot;&quot;
                /&gt;
                &lt;fieldset
                  aria-hidden=&quot;true&quot;
                  class=&quot;MuiOutlinedInput-notchedOutline css-1d3z3hw-MuiOutlinedInput-notchedOutline&quot;
                &gt;
                  &lt;legend
                    class=&quot;css-14lo706&quot;
                  &gt;
                    &lt;span&gt;
                      Nombre de Usuario
                       
                      *
                    &lt;/span&gt;
                  &lt;/legend&gt;
                &lt;/fieldset&gt;
              &lt;/div&gt;
              &lt;p
                class=&quot;MuiFormHelperText-root MuiFormHelperText-sizeMedium MuiFormHelperText-contained Mui-focused Mui-required css-1wc848c-MuiFormHelperText-root&quot;
                id=&quot;user_name-helper-text&quot;
              &gt;
                Use letras, números y guiones bajos (4-20 caracteres)
              &lt;/p&gt;
            &lt;/div&gt;
            &lt;div
              class=&quot;MuiFormControl-root MuiFormControl-marginNormal MuiFormControl-fullWidth MuiTextField-root css-17vbkzs-MuiFormControl-root-MuiTextField-root&quot;
            &gt;
              &lt;label
                class=&quot;MuiFormLabel-root MuiInputLabel-root MuiInputLabel-formControl MuiInputLabel-animated MuiInputLabel-shrink MuiInputLabel-sizeMedium MuiInputLabel-outlined MuiFormLabel-colorPrimary MuiFormLabel-filled Mui-required MuiInputLabel-root MuiInputLabel-formControl MuiInputLabel-animated MuiInputLabel-shrink MuiInputLabel-sizeMedium MuiInputLabel-outlined css-1jy569b-MuiFormLabel-root-MuiInputLabel-root&quot;
                data-shrink=&quot;true&quot;
                for=&quot;user_email&quot;
                id=&quot;user_email-label&quot;
              &gt;
                Correo Electrónico
                &lt;span
                  aria-hidden=&quot;true&quot;
                  class=&quot;MuiFormLabel-asterisk MuiInputLabel-asterisk css-wgai2y-MuiFormLabel-asterisk&quot;
                &gt;
                   
                  *
                &lt;/span&gt;
              &lt;/label&gt;
              &lt;div
                class=&quot;MuiInputBase-root MuiOutlinedInput-root MuiInputBase-colorPrimary MuiInputBase-fullWidth MuiInputBase-formControl css-md26zr-MuiInputBase-root-MuiOutlinedInput-root&quot;
              &gt;
                &lt;input
                  aria-describedby=&quot;user_email-helper-text&quot;
                  aria-invalid=&quot;false&quot;
                  autocomplete=&quot;email&quot;
                  class=&quot;MuiInputBase-input MuiOutlinedInput-input css-1t8l2tu-MuiInputBase-input-MuiOutlinedInput-input&quot;
                  id=&quot;user_email&quot;
                  name=&quot;user_email&quot;
                  required=&quot;&quot;
                  type=&quot;email&quot;
                  value=&quot;invalid-email&quot;
                /&gt;
                &lt;fieldset
                  aria-hidden=&quot;true&quot;
                  class=&quot;MuiOutlinedInput-notchedOutline css-1d3z3hw-MuiOutlinedInput-notchedOutline&quot;
                &gt;
                  &lt;legend
                    class=&quot;css-14lo706&quot;
                  &gt;
                    &lt;span&gt;
                      Correo Electrónico
                       
                      *
                    &lt;/span&gt;
                  &lt;/legend&gt;
                &lt;/fieldset&gt;
              &lt;/div&gt;
              &lt;p
                class=&quot;MuiFormHelperText-root MuiFormHelperText-sizeMedium MuiFormHelperText-contained MuiFormHelperText-filled Mui-required css-1wc848c-MuiFormHelperText-root&quot;
                id=&quot;user_email-helper-text&quot;
              &gt;
                Ingrese un email válido
              &lt;/p&gt;
            &lt;/div&gt;
            &lt;div
              class=&quot;MuiFormControl-root MuiFormControl-marginNormal MuiFormControl-fullWidth MuiTextField-root css-17vbkzs-MuiFormControl-root-MuiTextField-root&quot;
            &gt;
              &lt;label
                class=&quot;MuiFormLabel-root MuiInputLabel-root MuiInputLabel-formControl MuiInputLabel-animated MuiInputLabel-sizeMedium MuiInputLabel-outlined MuiFormLabel-colorPrimary Mui-required MuiInputLabel-root MuiInputLabel-formControl MuiInputLabel-animated MuiInputLabel-sizeMedium MuiInputLabel-outlined css-14s5rfu-MuiFormLabel-root-MuiInputLabel-root&quot;
                data-shrink=&quot;false&quot;
                for=&quot;user_password&quot;
                id=&quot;user_password-label&quot;
              &gt;
                Contraseña
                &lt;span
                  aria-hidden=&quot;true&quot;
                  class=&quot;MuiFormLabel-asterisk MuiInputLabel-asterisk css-wgai2y-MuiFormLabel-asterisk&quot;
                &gt;
                   
                  *
                &lt;/span&gt;
              &lt;/label&gt;
              &lt;div
                class=&quot;MuiInputBase-root MuiOutlinedInput-root MuiInputBase-colorPrimary MuiInputBase-fullWidth MuiInputBase-formControl css-md26zr-MuiInputBase-root-MuiOutlinedInput-root&quot;
              &gt;
                &lt;input
                  aria-describedby=&quot;user_password-helper-text&quot;
                  aria-invalid=&quot;false&quot;
                  autocomplete=&quot;new-password&quot;
                  class=&quot;MuiInputBase-input MuiOutlinedInput-input css-1t8l2tu-MuiInputBase-input-MuiOutlinedInput-input&quot;
                  id=&quot;user_password&quot;
                  name=&quot;user_password&quot;
                  required=&quot;&quot;
                  type=&quot;password&quot;
                  value=&quot;&quot;
                /&gt;
                &lt;fieldset
                  aria-hidden=&quot;true&quot;
                  class=&quot;MuiOutlinedInput-notchedOutline css-1d3z3hw-MuiOutlinedInput-notchedOutline&quot;
                &gt;
                  &lt;legend
                    class=&quot;css-yjsfm1&quot;
                  &gt;
                    &lt;span&gt;
                      Contraseña
                       
                      *
                    &lt;/span&gt;
                  &lt;/legend&gt;
                &lt;/fieldset&gt;
              &lt;/div&gt;
              &lt;p
                class=&quot;MuiFormHelperText-root MuiFormHelperText-sizeMedium MuiFormHelperText-contained Mui-required css-1wc848c-MuiFormHelperText-root&quot;
                id=&quot;user_password-helper-text&quot;
              &gt;
                Mínimo 8 caracteres, una mayúscula, una minúscula y un número
              &lt;/p&gt;
            &lt;/div&gt;
            &lt;button
              class=&quot;MuiButtonBase-root MuiButton-root MuiButton-contained MuiButton-containedPrimary MuiButton-sizeMedium MuiButton-containedSizeMedium MuiButton-colorPrimary MuiButton-fullWidth MuiButton-root MuiButton-contained MuiButton-containedPrimary MuiButton-sizeMedium MuiButton-containedSizeMedium MuiButton-colorPrimary MuiButton-fullWidth css-1vhaqj4-MuiButtonBase-root-MuiButton-root&quot;
              tabindex=&quot;0&quot;
              type=&quot;submit&quot;
            &gt;
              Registrarse
              &lt;span
                class=&quot;MuiTouchRipple-root css-8je8zh-MuiTouchRipple-root&quot;
              /&gt;
            &lt;/button&gt;
            &lt;div
              class=&quot;MuiBox-root css-xi606m&quot;
            &gt;
              &lt;button
                class=&quot;MuiTypography-root MuiTypography-body2 MuiLink-root MuiLink-underlineAlways MuiLink-button css-z246bh-MuiTypography-root-MuiLink-root&quot;
              &gt;
                ¿Ya tienes una cuenta? Inicia sesión
              &lt;/button&gt;
            &lt;/div&gt;
          &lt;/form&gt;
        &lt;/div&gt;
      &lt;/div&gt;
    &lt;/main&gt;
  &lt;/div&gt;
&lt;/body&gt;
    at waitForWrapper (C:\Users\nicol\OneDrive\Documentos\GitHub\metricas\cliente\node_modules\@testing-library\dom\dist\wait-for.js:166:27)
    at _callee3$ (C:\Users\nicol\OneDrive\Documentos\GitHub\metricas\cliente\src\components\__tests__\Register.test.jsx:75:18)
    at call (C:\Users\nicol\OneDrive\Documentos\GitHub\metricas\cliente\src\components\__tests__\Register.test.jsx:2:1)
    at Generator.tryCatch (C:\Users\nicol\OneDrive\Documentos\GitHub\metricas\cliente\src\components\__tests__\Register.test.jsx:2:1)
    at Generator._invoke [as next] (C:\Users\nicol\OneDrive\Documentos\GitHub\metricas\cliente\src\components\__tests__\Register.test.jsx:2:1)
    at asyncGeneratorStep (C:\Users\nicol\OneDrive\Documentos\GitHub\metricas\cliente\src\components\__tests__\Register.test.jsx:2:1)
    at asyncGeneratorStep (C:\Users\nicol\OneDrive\Documentos\GitHub\metricas\cliente\src\components\__tests__\Register.test.jsx:2:1)
    at _next (C:\Users\nicol\OneDrive\Documentos\GitHub\metricas\cliente\src\components\__tests__\Register.test.jsx:2:1)
    at new Promise (&lt;anonymous&gt;)
    at Object.&lt;anonymous&gt; (C:\Users\nicol\OneDrive\Documentos\GitHub\metricas\cliente\src\components\__tests__\Register.test.jsx:2:1)
    at Promise.then.completed (C:\Users\nicol\OneDrive\Documentos\GitHub\metricas\cliente\node_modules\jest-circus\build\utils.js:298:28)
    at new Promise (&lt;anonymous&gt;)
    at callAsyncCircusFn (C:\Users\nicol\OneDrive\Documentos\GitHub\metricas\cliente\node_modules\jest-circus\build\utils.js:231:10)
    at _callCircusTest (C:\Users\nicol\OneDrive\Documentos\GitHub\metricas\cliente\node_modules\jest-circus\build\run.js:316:40)
    at _runTest (C:\Users\nicol\OneDrive\Documentos\GitHub\metricas\cliente\node_modules\jest-circus\build\run.js:252:3)
    at _runTestsForDescribeBlock (C:\Users\nicol\OneDrive\Documentos\GitHub\metricas\cliente\node_modules\jest-circus\build\run.js:126:9)
    at _runTestsForDescribeBlock (C:\Users\nicol\OneDrive\Documentos\GitHub\metricas\cliente\node_modules\jest-circus\build\run.js:121:9)
    at run (C:\Users\nicol\OneDrive\Documentos\GitHub\metricas\cliente\node_modules\jest-circus\build\run.js:71:3)
    at runAndTransformResultsToJestFormat (C:\Users\nicol\OneDrive\Documentos\GitHub\metricas\cliente\node_modules\jest-circus\build\legacy-code-todo-rewrite\jestAdapterInit.js:122:21)
    at jestAdapter (C:\Users\nicol\OneDrive\Documentos\GitHub\metricas\cliente\node_modules\jest-circus\build\legacy-code-todo-rewrite\jestAdapter.js:79:19)
    at runTestInternal (C:\Users\nicol\OneDrive\Documentos\GitHub\metricas\cliente\node_modules\jest-runner\build\runTest.js:367:16)
    at runTest (C:\Users\nicol\OneDrive\Documentos\GitHub\metricas\cliente\node_modules\jest-runner\build\runTest.js:444:34)
    at Object.worker (C:\Users\nicol\OneDrive\Documentos\GitHub\metricas\cliente\node_modules\jest-runner\build\testWorker.js:106:12)</failure>
    </testcase>
    <testcase classname="Register Component handles successful registration" name="Register Component handles successful registration" time="0.202">
      <failure>TestingLibraryElementError: Unable to find a label with the text of: /confirmar contraseña/i

Ignored nodes: comments, script, style
&lt;body&gt;
  &lt;div&gt;
    &lt;main
      class=&quot;MuiContainer-root MuiContainer-maxWidthXs css-nzinn5-MuiContainer-root&quot;
    &gt;
      &lt;div
        class=&quot;MuiBox-root css-binzgt&quot;
      &gt;
        &lt;div
          class=&quot;MuiPaper-root MuiPaper-elevation MuiPaper-rounded MuiPaper-elevation3 css-wv0jko-MuiPaper-root&quot;
        &gt;
          &lt;h1
            class=&quot;MuiTypography-root MuiTypography-h5 css-ag7rrr-MuiTypography-root&quot;
          &gt;
            Crear Cuenta
          &lt;/h1&gt;
          &lt;form
            class=&quot;MuiBox-root css-164r41r&quot;
          &gt;
            &lt;div
              class=&quot;MuiFormControl-root MuiFormControl-marginNormal MuiFormControl-fullWidth MuiTextField-root css-17vbkzs-MuiFormControl-root-MuiTextField-root&quot;
            &gt;
              &lt;label
                class=&quot;MuiFormLabel-root MuiInputLabel-root MuiInputLabel-formControl MuiInputLabel-animated MuiInputLabel-shrink MuiInputLabel-sizeMedium MuiInputLabel-outlined MuiFormLabel-colorPrimary MuiFormLabel-filled Mui-focused Mui-required MuiInputLabel-root MuiInputLabel-formControl MuiInputLabel-animated MuiInputLabel-shrink MuiInputLabel-sizeMedium MuiInputLabel-outlined css-1jy569b-MuiFormLabel-root-MuiInputLabel-root&quot;
                data-shrink=&quot;true&quot;
                for=&quot;user_name&quot;
                id=&quot;user_name-label&quot;
              &gt;
                Nombre de Usuario
                &lt;span
                  aria-hidden=&quot;true&quot;
                  class=&quot;MuiFormLabel-asterisk MuiInputLabel-asterisk css-wgai2y-MuiFormLabel-asterisk&quot;
                &gt;
                   
                  *
                &lt;/span&gt;
              &lt;/label&gt;
              &lt;div
                class=&quot;MuiInputBase-root MuiOutlinedInput-root MuiInputBase-colorPrimary MuiInputBase-fullWidth Mui-focused MuiInputBase-formControl css-md26zr-MuiInputBase-root-MuiOutlinedInput-root&quot;
              &gt;
                &lt;input
                  aria-describedby=&quot;user_name-helper-text&quot;
                  aria-invalid=&quot;false&quot;
                  autocomplete=&quot;username&quot;
                  class=&quot;MuiInputBase-input MuiOutlinedInput-input css-1t8l2tu-MuiInputBase-input-MuiOutlinedInput-input&quot;
                  id=&quot;user_name&quot;
                  name=&quot;user_name&quot;
                  required=&quot;&quot;
                  type=&quot;text&quot;
                  value=&quot;Test User&quot;
                /&gt;
                &lt;fieldset
                  aria-hidden=&quot;true&quot;
                  class=&quot;MuiOutlinedInput-notchedOutline css-1d3z3hw-MuiOutlinedInput-notchedOutline&quot;
                &gt;
                  &lt;legend
                    class=&quot;css-14lo706&quot;
                  &gt;
                    &lt;span&gt;
                      Nombre de Usuario
                       
                      *
                    &lt;/span&gt;
                  &lt;/legend&gt;
                &lt;/fieldset&gt;
              &lt;/div&gt;
              &lt;p
                class=&quot;MuiFormHelperText-root MuiFormHelperText-sizeMedium MuiFormHelperText-contained Mui-focused MuiFormHelperText-filled Mui-required css-1wc848c-MuiFormHelperText-root&quot;
                id=&quot;user_name-helper-text&quot;
              &gt;
                Use letras, números y guiones bajos (4-20 caracteres)
              &lt;/p&gt;
            &lt;/div&gt;
            &lt;div
              class=&quot;MuiFormControl-root MuiFormControl-marginNormal MuiFormControl-fullWidth MuiTextField-root css-17vbkzs-MuiFormControl-root-MuiTextField-root&quot;
            &gt;
              &lt;label
                class=&quot;MuiFormLabel-root MuiInputLabel-root MuiInputLabel-formControl MuiInputLabel-animated MuiInputLabel-shrink MuiInputLabel-sizeMedium MuiInputLabel-outlined MuiFormLabel-colorPrimary MuiFormLabel-filled Mui-required MuiInputLabel-root MuiInputLabel-formControl MuiInputLabel-animated MuiInputLabel-shrink MuiInputLabel-sizeMedium MuiInputLabel-outlined css-1jy569b-MuiFormLabel-root-MuiInputLabel-root&quot;
                data-shrink=&quot;true&quot;
                for=&quot;user_email&quot;
                id=&quot;user_email-label&quot;
              &gt;
                Correo Electrónico
                &lt;span
                  aria-hidden=&quot;true&quot;
                  class=&quot;MuiFormLabel-asterisk MuiInputLabel-asterisk css-wgai2y-MuiFormLabel-asterisk&quot;
                &gt;
                   
                  *
                &lt;/span&gt;
              &lt;/label&gt;
              &lt;div
                class=&quot;MuiInputBase-root MuiOutlinedInput-root MuiInputBase-colorPrimary MuiInputBase-fullWidth MuiInputBase-formControl css-md26zr-MuiInputBase-root-MuiOutlinedInput-root&quot;
              &gt;
                &lt;input
                  aria-describedby=&quot;user_email-helper-text&quot;
                  aria-invalid=&quot;false&quot;
                  autocomplete=&quot;email&quot;
                  class=&quot;MuiInputBase-input MuiOutlinedInput-input css-1t8l2tu-MuiInputBase-input-MuiOutlinedInput-input&quot;
                  id=&quot;user_email&quot;
                  name=&quot;user_email&quot;
                  required=&quot;&quot;
                  type=&quot;email&quot;
                  value=&quot;test@test.com&quot;
                /&gt;
                &lt;fieldset
                  aria-hidden=&quot;true&quot;
                  class=&quot;MuiOutlinedInput-notchedOutline css-1d3z3hw-MuiOutlinedInput-notchedOutline&quot;
                &gt;
                  &lt;legend
                    class=&quot;css-14lo706&quot;
                  &gt;
                    &lt;span&gt;
                      Correo Electrónico
                       
                      *
                    &lt;/span&gt;
                  &lt;/legend&gt;
                &lt;/fieldset&gt;
              &lt;/div&gt;
              &lt;p
                class=&quot;MuiFormHelperText-root MuiFormHelperText-sizeMedium MuiFormHelperText-contained MuiFormHelperText-filled Mui-required css-1wc848c-MuiFormHelperText-root&quot;
                id=&quot;user_email-helper-text&quot;
              &gt;
                Ingrese un email válido
              &lt;/p&gt;
            &lt;/div&gt;
            &lt;div
              class=&quot;MuiFormControl-root MuiFormControl-marginNormal MuiFormControl-fullWidth MuiTextField-root css-17vbkzs-MuiFormControl-root-MuiTextField-root&quot;
            &gt;
              &lt;label
                class=&quot;MuiFormLabel-root MuiInputLabel-root MuiInputLabel-formControl MuiInputLabel-animated MuiInputLabel-shrink MuiInputLabel-sizeMedium MuiInputLabel-outlined MuiFormLabel-colorPrimary MuiFormLabel-filled Mui-required MuiInputLabel-root MuiInputLabel-formControl MuiInputLabel-animated MuiInputLabel-shrink MuiInputLabel-sizeMedium MuiInputLabel-outlined css-1jy569b-MuiFormLabel-root-MuiInputLabel-root&quot;
                data-shrink=&quot;true&quot;
                for=&quot;user_password&quot;
                id=&quot;user_password-label&quot;
              &gt;
                Contraseña
                &lt;span
                  aria-hidden=&quot;true&quot;
                  class=&quot;MuiFormLabel-asterisk MuiInputLabel-asterisk css-wgai2y-MuiFormLabel-asterisk&quot;
                &gt;
                   
                  *
                &lt;/span&gt;
              &lt;/label&gt;
              &lt;div
                class=&quot;MuiInputBase-root MuiOutlinedInput-root MuiInputBase-colorPrimary MuiInputBase-fullWidth MuiInputBase-formControl css-md26zr-MuiInputBase-root-MuiOutlinedInput-root&quot;
              &gt;
                &lt;input
                  aria-describedby=&quot;user_password-helper-text&quot;
                  aria-invalid=&quot;false&quot;
                  autocomplete=&quot;new-password&quot;
                  class=&quot;MuiInputBase-input MuiOutlinedInput-input css-1t8l2tu-MuiInputBase-input-MuiOutlinedInput-input&quot;
                  id=&quot;user_password&quot;
                  name=&quot;user_password&quot;
                  required=&quot;&quot;
                  type=&quot;password&quot;
                  value=&quot;password123&quot;
                /&gt;
                &lt;fieldset
                  aria-hidden=&quot;true&quot;
                  class=&quot;MuiOutlinedInput-notchedOutline css-1d3z3hw-MuiOutlinedInput-notchedOutline&quot;
                &gt;
                  &lt;legend
                    class=&quot;css-14lo706&quot;
                  &gt;
                    &lt;span&gt;
                      Contraseña
                       
                      *
                    &lt;/span&gt;
                  &lt;/legend&gt;
                &lt;/fieldset&gt;
              &lt;/div&gt;
              &lt;p
                class=&quot;MuiFormHelperText-root MuiFormHelperText-sizeMedium MuiFormHelperText-contained MuiFormHelperText-filled Mui-required css-1wc848c-MuiFormHelperText-root&quot;
                id=&quot;user_password-helper-text&quot;
              &gt;
                Mínimo 8 caracteres, una mayúscula, una minúscula y un número
              &lt;/p&gt;
            &lt;/div&gt;
            &lt;button
              class=&quot;MuiButtonBase-root MuiButton-root MuiButton-contained MuiButton-containedPrimary MuiButton-sizeMedium MuiButton-containedSizeMedium MuiButton-colorPrimary MuiButton-fullWidth MuiButton-root MuiButton-contained MuiButton-containedPrimary MuiButton-sizeMedium MuiButton-containedSizeMedium MuiButton-colorPrimary MuiButton-fullWidth css-1vhaqj4-MuiButtonBase-root-MuiButton-root&quot;
              tabindex=&quot;0&quot;
              type=&quot;submit&quot;
            &gt;
              Registrarse
              &lt;span
                class=&quot;MuiTouchRipple-root css-8je8zh-MuiTouchRipple-root&quot;
              /&gt;
            &lt;/button&gt;
            &lt;div
              class=&quot;MuiBox-root css-xi606m&quot;
            &gt;
              &lt;button
                class=&quot;MuiTypography-root MuiTypography-body2 MuiLink-root MuiLink-underlineAlways MuiLink-button css-z246bh-MuiTypography-root-MuiLink-root&quot;
              &gt;
                ¿Ya tienes una cuenta? Inicia sesión
              &lt;/button&gt;
            &lt;/div&gt;
          &lt;/form&gt;
        &lt;/div&gt;
      &lt;/div&gt;
    &lt;/main&gt;
  &lt;/div&gt;
&lt;/body&gt;
    at Object.getElementError (C:\Users\nicol\OneDrive\Documentos\GitHub\metricas\cliente\node_modules\@testing-library\dom\dist\config.js:37:19)
    at getAllByLabelText (C:\Users\nicol\OneDrive\Documentos\GitHub\metricas\cliente\node_modules\@testing-library\dom\dist\queries\label-text.js:103:38)
    at C:\Users\nicol\OneDrive\Documentos\GitHub\metricas\cliente\node_modules\@testing-library\dom\dist\query-helpers.js:52:17
    at C:\Users\nicol\OneDrive\Documentos\GitHub\metricas\cliente\node_modules\@testing-library\dom\dist\query-helpers.js:95:19
    at getByLabelText (C:\Users\nicol\OneDrive\Documentos\GitHub\metricas\cliente\src\components\__tests__\Register.test.jsx:96:29)
    at call (C:\Users\nicol\OneDrive\Documentos\GitHub\metricas\cliente\src\components\__tests__\Register.test.jsx:2:1)
    at Generator.tryCatch (C:\Users\nicol\OneDrive\Documentos\GitHub\metricas\cliente\src\components\__tests__\Register.test.jsx:2:1)
    at Generator._invoke [as next] (C:\Users\nicol\OneDrive\Documentos\GitHub\metricas\cliente\src\components\__tests__\Register.test.jsx:2:1)
    at asyncGeneratorStep (C:\Users\nicol\OneDrive\Documentos\GitHub\metricas\cliente\src\components\__tests__\Register.test.jsx:2:1)
    at asyncGeneratorStep (C:\Users\nicol\OneDrive\Documentos\GitHub\metricas\cliente\src\components\__tests__\Register.test.jsx:2:1)
    at _next (C:\Users\nicol\OneDrive\Documentos\GitHub\metricas\cliente\src\components\__tests__\Register.test.jsx:2:1)
    at new Promise (&lt;anonymous&gt;)
    at Object.&lt;anonymous&gt; (C:\Users\nicol\OneDrive\Documentos\GitHub\metricas\cliente\src\components\__tests__\Register.test.jsx:2:1)
    at Promise.then.completed (C:\Users\nicol\OneDrive\Documentos\GitHub\metricas\cliente\node_modules\jest-circus\build\utils.js:298:28)
    at new Promise (&lt;anonymous&gt;)
    at callAsyncCircusFn (C:\Users\nicol\OneDrive\Documentos\GitHub\metricas\cliente\node_modules\jest-circus\build\utils.js:231:10)
    at _callCircusTest (C:\Users\nicol\OneDrive\Documentos\GitHub\metricas\cliente\node_modules\jest-circus\build\run.js:316:40)
    at _runTest (C:\Users\nicol\OneDrive\Documentos\GitHub\metricas\cliente\node_modules\jest-circus\build\run.js:252:3)
    at _runTestsForDescribeBlock (C:\Users\nicol\OneDrive\Documentos\GitHub\metricas\cliente\node_modules\jest-circus\build\run.js:126:9)
    at _runTestsForDescribeBlock (C:\Users\nicol\OneDrive\Documentos\GitHub\metricas\cliente\node_modules\jest-circus\build\run.js:121:9)
    at run (C:\Users\nicol\OneDrive\Documentos\GitHub\metricas\cliente\node_modules\jest-circus\build\run.js:71:3)
    at runAndTransformResultsToJestFormat (C:\Users\nicol\OneDrive\Documentos\GitHub\metricas\cliente\node_modules\jest-circus\build\legacy-code-todo-rewrite\jestAdapterInit.js:122:21)
    at jestAdapter (C:\Users\nicol\OneDrive\Documentos\GitHub\metricas\cliente\node_modules\jest-circus\build\legacy-code-todo-rewrite\jestAdapter.js:79:19)
    at runTestInternal (C:\Users\nicol\OneDrive\Documentos\GitHub\metricas\cliente\node_modules\jest-runner\build\runTest.js:367:16)
    at runTest (C:\Users\nicol\OneDrive\Documentos\GitHub\metricas\cliente\node_modules\jest-runner\build\runTest.js:444:34)
    at Object.worker (C:\Users\nicol\OneDrive\Documentos\GitHub\metricas\cliente\node_modules\jest-runner\build\testWorker.js:106:12)</failure>
    </testcase>
    <testcase classname="Register Component handles registration error" name="Register Component handles registration error" time="0.422">
      <failure>TestingLibraryElementError: Unable to find a label with the text of: /confirmar contraseña/i

Ignored nodes: comments, script, style
&lt;body&gt;
  &lt;div&gt;
    &lt;main
      class=&quot;MuiContainer-root MuiContainer-maxWidthXs css-nzinn5-MuiContainer-root&quot;
    &gt;
      &lt;div
        class=&quot;MuiBox-root css-binzgt&quot;
      &gt;
        &lt;div
          class=&quot;MuiPaper-root MuiPaper-elevation MuiPaper-rounded MuiPaper-elevation3 css-wv0jko-MuiPaper-root&quot;
        &gt;
          &lt;h1
            class=&quot;MuiTypography-root MuiTypography-h5 css-ag7rrr-MuiTypography-root&quot;
          &gt;
            Crear Cuenta
          &lt;/h1&gt;
          &lt;form
            class=&quot;MuiBox-root css-164r41r&quot;
          &gt;
            &lt;div
              class=&quot;MuiFormControl-root MuiFormControl-marginNormal MuiFormControl-fullWidth MuiTextField-root css-17vbkzs-MuiFormControl-root-MuiTextField-root&quot;
            &gt;
              &lt;label
                class=&quot;MuiFormLabel-root MuiInputLabel-root MuiInputLabel-formControl MuiInputLabel-animated MuiInputLabel-shrink MuiInputLabel-sizeMedium MuiInputLabel-outlined MuiFormLabel-colorPrimary MuiFormLabel-filled Mui-focused Mui-required MuiInputLabel-root MuiInputLabel-formControl MuiInputLabel-animated MuiInputLabel-shrink MuiInputLabel-sizeMedium MuiInputLabel-outlined css-1jy569b-MuiFormLabel-root-MuiInputLabel-root&quot;
                data-shrink=&quot;true&quot;
                for=&quot;user_name&quot;
                id=&quot;user_name-label&quot;
              &gt;
                Nombre de Usuario
                &lt;span
                  aria-hidden=&quot;true&quot;
                  class=&quot;MuiFormLabel-asterisk MuiInputLabel-asterisk css-wgai2y-MuiFormLabel-asterisk&quot;
                &gt;
                   
                  *
                &lt;/span&gt;
              &lt;/label&gt;
              &lt;div
                class=&quot;MuiInputBase-root MuiOutlinedInput-root MuiInputBase-colorPrimary MuiInputBase-fullWidth Mui-focused MuiInputBase-formControl css-md26zr-MuiInputBase-root-MuiOutlinedInput-root&quot;
              &gt;
                &lt;input
                  aria-describedby=&quot;user_name-helper-text&quot;
                  aria-invalid=&quot;false&quot;
                  autocomplete=&quot;username&quot;
                  class=&quot;MuiInputBase-input MuiOutlinedInput-input css-1t8l2tu-MuiInputBase-input-MuiOutlinedInput-input&quot;
                  id=&quot;user_name&quot;
                  name=&quot;user_name&quot;
                  required=&quot;&quot;
                  type=&quot;text&quot;
                  value=&quot;Test User&quot;
                /&gt;
                &lt;fieldset
                  aria-hidden=&quot;true&quot;
                  class=&quot;MuiOutlinedInput-notchedOutline css-1d3z3hw-MuiOutlinedInput-notchedOutline&quot;
                &gt;
                  &lt;legend
                    class=&quot;css-14lo706&quot;
                  &gt;
                    &lt;span&gt;
                      Nombre de Usuario
                       
                      *
                    &lt;/span&gt;
                  &lt;/legend&gt;
                &lt;/fieldset&gt;
              &lt;/div&gt;
              &lt;p
                class=&quot;MuiFormHelperText-root MuiFormHelperText-sizeMedium MuiFormHelperText-contained Mui-focused MuiFormHelperText-filled Mui-required css-1wc848c-MuiFormHelperText-root&quot;
                id=&quot;user_name-helper-text&quot;
              &gt;
                Use letras, números y guiones bajos (4-20 caracteres)
              &lt;/p&gt;
            &lt;/div&gt;
            &lt;div
              class=&quot;MuiFormControl-root MuiFormControl-marginNormal MuiFormControl-fullWidth MuiTextField-root css-17vbkzs-MuiFormControl-root-MuiTextField-root&quot;
            &gt;
              &lt;label
                class=&quot;MuiFormLabel-root MuiInputLabel-root MuiInputLabel-formControl MuiInputLabel-animated MuiInputLabel-shrink MuiInputLabel-sizeMedium MuiInputLabel-outlined MuiFormLabel-colorPrimary MuiFormLabel-filled Mui-required MuiInputLabel-root MuiInputLabel-formControl MuiInputLabel-animated MuiInputLabel-shrink MuiInputLabel-sizeMedium MuiInputLabel-outlined css-1jy569b-MuiFormLabel-root-MuiInputLabel-root&quot;
                data-shrink=&quot;true&quot;
                for=&quot;user_email&quot;
                id=&quot;user_email-label&quot;
              &gt;
                Correo Electrónico
                &lt;span
                  aria-hidden=&quot;true&quot;
                  class=&quot;MuiFormLabel-asterisk MuiInputLabel-asterisk css-wgai2y-MuiFormLabel-asterisk&quot;
                &gt;
                   
                  *
                &lt;/span&gt;
              &lt;/label&gt;
              &lt;div
                class=&quot;MuiInputBase-root MuiOutlinedInput-root MuiInputBase-colorPrimary MuiInputBase-fullWidth MuiInputBase-formControl css-md26zr-MuiInputBase-root-MuiOutlinedInput-root&quot;
              &gt;
                &lt;input
                  aria-describedby=&quot;user_email-helper-text&quot;
                  aria-invalid=&quot;false&quot;
                  autocomplete=&quot;email&quot;
                  class=&quot;MuiInputBase-input MuiOutlinedInput-input css-1t8l2tu-MuiInputBase-input-MuiOutlinedInput-input&quot;
                  id=&quot;user_email&quot;
                  name=&quot;user_email&quot;
                  required=&quot;&quot;
                  type=&quot;email&quot;
                  value=&quot;existing@test.com&quot;
                /&gt;
                &lt;fieldset
                  aria-hidden=&quot;true&quot;
                  class=&quot;MuiOutlinedInput-notchedOutline css-1d3z3hw-MuiOutlinedInput-notchedOutline&quot;
                &gt;
                  &lt;legend
                    class=&quot;css-14lo706&quot;
                  &gt;
                    &lt;span&gt;
                      Correo Electrónico
                       
                      *
                    &lt;/span&gt;
                  &lt;/legend&gt;
                &lt;/fieldset&gt;
              &lt;/div&gt;
              &lt;p
                class=&quot;MuiFormHelperText-root MuiFormHelperText-sizeMedium MuiFormHelperText-contained MuiFormHelperText-filled Mui-required css-1wc848c-MuiFormHelperText-root&quot;
                id=&quot;user_email-helper-text&quot;
              &gt;
                Ingrese un email válido
              &lt;/p&gt;
            &lt;/div&gt;
            &lt;div
              class=&quot;MuiFormControl-root MuiFormControl-marginNormal MuiFormControl-fullWidth MuiTextField-root css-17vbkzs-MuiFormControl-root-MuiTextField-root&quot;
            &gt;
              &lt;label
                class=&quot;MuiFormLabel-root MuiInputLabel-root MuiInputLabel-formControl MuiInputLabel-animated MuiInputLabel-shrink MuiInputLabel-sizeMedium MuiInputLabel-outlined MuiFormLabel-colorPrimary MuiFormLabel-filled Mui-required MuiInputLabel-root MuiInputLabel-formControl MuiInputLabel-animated MuiInputLabel-shrink MuiInputLabel-sizeMedium MuiInputLabel-outlined css-1jy569b-MuiFormLabel-root-MuiInputLabel-root&quot;
                data-shrink=&quot;true&quot;
                for=&quot;user_password&quot;
                id=&quot;user_password-label&quot;
              &gt;
                Contraseña
                &lt;span
                  aria-hidden=&quot;true&quot;
                  class=&quot;MuiFormLabel-asterisk MuiInputLabel-asterisk css-wgai2y-MuiFormLabel-asterisk&quot;
                &gt;
                   
                  *
                &lt;/span&gt;
              &lt;/label&gt;
              &lt;div
                class=&quot;MuiInputBase-root MuiOutlinedInput-root MuiInputBase-colorPrimary MuiInputBase-fullWidth MuiInputBase-formControl css-md26zr-MuiInputBase-root-MuiOutlinedInput-root&quot;
              &gt;
                &lt;input
                  aria-describedby=&quot;user_password-helper-text&quot;
                  aria-invalid=&quot;false&quot;
                  autocomplete=&quot;new-password&quot;
                  class=&quot;MuiInputBase-input MuiOutlinedInput-input css-1t8l2tu-MuiInputBase-input-MuiOutlinedInput-input&quot;
                  id=&quot;user_password&quot;
                  name=&quot;user_password&quot;
                  required=&quot;&quot;
                  type=&quot;password&quot;
                  value=&quot;password123&quot;
                /&gt;
                &lt;fieldset
                  aria-hidden=&quot;true&quot;
                  class=&quot;MuiOutlinedInput-notchedOutline css-1d3z3hw-MuiOutlinedInput-notchedOutline&quot;
                &gt;
                  &lt;legend
                    class=&quot;css-14lo706&quot;
                  &gt;
                    &lt;span&gt;
                      Contraseña
                       
                      *
                    &lt;/span&gt;
                  &lt;/legend&gt;
                &lt;/fieldset&gt;
              &lt;/div&gt;
              &lt;p
                class=&quot;MuiFormHelperText-root MuiFormHelperText-sizeMedium MuiFormHelperText-contained MuiFormHelperText-filled Mui-required css-1wc848c-MuiFormHelperText-root&quot;
                id=&quot;user_password-helper-text&quot;
              &gt;
                Mínimo 8 caracteres, una mayúscula, una minúscula y un número
              &lt;/p&gt;
            &lt;/div&gt;
            &lt;button
              class=&quot;MuiButtonBase-root MuiButton-root MuiButton-contained MuiButton-containedPrimary MuiButton-sizeMedium MuiButton-containedSizeMedium MuiButton-colorPrimary MuiButton-fullWidth MuiButton-root MuiButton-contained MuiButton-containedPrimary MuiButton-sizeMedium MuiButton-containedSizeMedium MuiButton-colorPrimary MuiButton-fullWidth css-1vhaqj4-MuiButtonBase-root-MuiButton-root&quot;
              tabindex=&quot;0&quot;
              type=&quot;submit&quot;
[...]
    at _runTestsForDescribeBlock (C:\Users\nicol\OneDrive\Documentos\GitHub\metricas\cliente\node_modules\jest-circus\build\run.js:121:9)
    at run (C:\Users\nicol\OneDrive\Documentos\GitHub\metricas\cliente\node_modules\jest-circus\build\run.js:71:3)
    at runAndTransformResultsToJestFormat (C:\Users\nicol\OneDrive\Documentos\GitHub\metricas\cliente\node_modules\jest-circus\build\legacy-code-todo-rewrite\jestAdapterInit.js:122:21)
    at jestAdapter (C:\Users\nicol\OneDrive\Documentos\GitHub\metricas\cliente\node_modules\jest-circus\build\legacy-code-todo-rewrite\jestAdapter.js:79:19)
    at runTestInternal (C:\Users\nicol\OneDrive\Documentos\GitHub\metricas\cliente\node_modules\jest-runner\build\runTest.js:367:16)
    at runTest (C:\Users\nicol\OneDrive\Documentos\GitHub\metricas\cliente\node_modules\jest-runner\build\runTest.js:444:34)
    at Object.worker (C:\Users\nicol\OneDrive\Documentos\GitHub\metricas\cliente\node_modules\jest-runner\build\testWorker.js:106:12)</failure>
    </testcase>
    <testcase classname="ListaCancha Component handles load error with network timeout" name="ListaCancha Component handles load error with network timeout" time="0.002">
      <failure>ReferenceError: AuthProvider is not defined
    at AuthProvider (C:\Users\nicol\OneDrive\Documentos\GitHub\metricas\cliente\src\components\__tests__\ListaCancha.test.jsx:37:6)
    at renderListaCancha (C:\Users\nicol\OneDrive\Documentos\GitHub\metricas\cliente\src\components\__tests__\ListaCancha.test.jsx:77:5)
    at call (C:\Users\nicol\OneDrive\Documentos\GitHub\metricas\cliente\src\components\__tests__\ListaCancha.test.jsx:2:1)
    at Generator.tryCatch (C:\Users\nicol\OneDrive\Documentos\GitHub\metricas\cliente\src\components\__tests__\ListaCancha.test.jsx:2:1)
    at Generator._invoke [as next] (C:\Users\nicol\OneDrive\Documentos\GitHub\metricas\cliente\src\components\__tests__\ListaCancha.test.jsx:2:1)
    at asyncGeneratorStep (C:\Users\nicol\OneDrive\Documentos\GitHub\metricas\cliente\src\components\__tests__\ListaCancha.test.jsx:2:1)
    at asyncGeneratorStep (C:\Users\nicol\OneDrive\Documentos\GitHub\metricas\cliente\src\components\__tests__\ListaCancha.test.jsx:2:1)
    at _next (C:\Users\nicol\OneDrive\Documentos\GitHub\metricas\cliente\src\components\__tests__\ListaCancha.test.jsx:2:1)
    at new Promise (&lt;anonymous&gt;)
    at Object.&lt;anonymous&gt; (C:\Users\nicol\OneDrive\Documentos\GitHub\metricas\cliente\src\components\__tests__\ListaCancha.test.jsx:2:1)
    at Promise.then.completed (C:\Users\nicol\OneDrive\Documentos\GitHub\metricas\cliente\node_modules\jest-circus\build\utils.js:298:28)
    at new Promise (&lt;anonymous&gt;)
    at callAsyncCircusFn (C:\Users\nicol\OneDrive\Documentos\GitHub\metricas\cliente\node_modules\jest-circus\build\utils.js:231:10)
    at _callCircusTest (C:\Users\nicol\OneDrive\Documentos\GitHub\metricas\cliente\node_modules\jest-circus\build\run.js:316:40)
    at processTicksAndRejections (node:internal/process/task_queues:105:5)
    at _runTest (C:\Users\nicol\OneDrive\Documentos\GitHub\metricas\cliente\node_modules\jest-circus\build\run.js:252:3)
    at _runTestsForDescribeBlock (C:\Users\nicol\OneDrive\Documentos\GitHub\metricas\cliente\node_modules\jest-circus\build\run.js:126:9)
    at _runTestsForDescribeBlock (C:\Users\nicol\OneDrive\Documentos\GitHub\metricas\cliente\node_modules\jest-circus\build\run.js:121:9)
    at run (C:\Users\nicol\OneDrive\Documentos\GitHub\metricas\cliente\node_modules\jest-circus\build\run.js:71:3)
    at runAndTransformResultsToJestFormat (C:\Users\nicol\OneDrive\Documentos\GitHub\metricas\cliente\node_modules\jest-circus\build\legacy-code-todo-rewrite\jestAdapterInit.js:122:21)
    at jestAdapter (C:\Users\nicol\OneDrive\Documentos\GitHub\metricas\cliente\node_modules\jest-circus\build\legacy-code-todo-rewrite\jestAdapter.js:79:19)
    at runTestInternal (C:\Users\nicol\OneDrive\Documentos\GitHub\metricas\cliente\node_modules\jest-runner\build\runTest.js:367:16)
    at runTest (C:\Users\nicol\OneDrive\Documentos\GitHub\metricas\cliente\node_modules\jest-runner\build\runTest.js:444:34)
    at Object.worker (C:\Users\nicol\OneDrive\Documentos\GitHub\metricas\cliente\node_modules\jest-runner\build\testWorker.js:106:12)</failure>
    </testcase>
    <testcase classname="ListaCancha Component handles cancha deletion" name="ListaCancha Component handles cancha deletion" time="0.001">
      <failure>ReferenceError: AuthProvider is not defined
    at AuthProvider (C:\Users\nicol\OneDrive\Documentos\GitHub\metricas\cliente\src\components\__tests__\ListaCancha.test.jsx:37:6)
    at renderListaCancha (C:\Users\nicol\OneDrive\Documentos\GitHub\metricas\cliente\src\components\__tests__\ListaCancha.test.jsx:88:5)
    at call (C:\Users\nicol\OneDrive\Documentos\GitHub\metricas\cliente\src\components\__tests__\ListaCancha.test.jsx:2:1)
    at Generator.tryCatch (C:\Users\nicol\OneDrive\Documentos\GitHub\metricas\cliente\src\components\__tests__\ListaCancha.test.jsx:2:1)
    at Generator._invoke [as next] (C:\Users\nicol\OneDrive\Documentos\GitHub\metricas\cliente\src\components\__tests__\ListaCancha.test.jsx:2:1)
    at asyncGeneratorStep (C:\Users\nicol\OneDrive\Documentos\GitHub\metricas\cliente\src\components\__tests__\ListaCancha.test.jsx:2:1)
    at asyncGeneratorStep (C:\Users\nicol\OneDrive\Documentos\GitHub\metricas\cliente\src\components\__tests__\ListaCancha.test.jsx:2:1)
    at _next (C:\Users\nicol\OneDrive\Documentos\GitHub\metricas\cliente\src\components\__tests__\ListaCancha.test.jsx:2:1)
    at new Promise (&lt;anonymous&gt;)
    at Object.&lt;anonymous&gt; (C:\Users\nicol\OneDrive\Documentos\GitHub\metricas\cliente\src\components\__tests__\ListaCancha.test.jsx:2:1)
    at Promise.then.completed (C:\Users\nicol\OneDrive\Documentos\GitHub\metricas\cliente\node_modules\jest-circus\build\utils.js:298:28)
    at new Promise (&lt;anonymous&gt;)
    at callAsyncCircusFn (C:\Users\nicol\OneDrive\Documentos\GitHub\metricas\cliente\node_modules\jest-circus\build\utils.js:231:10)
    at _callCircusTest (C:\Users\nicol\OneDrive\Documentos\GitHub\metricas\cliente\node_modules\jest-circus\build\run.js:316:40)
    at processTicksAndRejections (node:internal/process/task_queues:105:5)
    at _runTest (C:\Users\nicol\OneDrive\Documentos\GitHub\metricas\cliente\node_modules\jest-circus\build\run.js:252:3)
    at _runTestsForDescribeBlock (C:\Users\nicol\OneDrive\Documentos\GitHub\metricas\cliente\node_modules\jest-circus\build\run.js:126:9)
    at _runTestsForDescribeBlock (C:\Users\nicol\OneDrive\Documentos\GitHub\metricas\cliente\node_modules\jest-circus\build\run.js:121:9)
    at run (C:\Users\nicol\OneDrive\Documentos\GitHub\metricas\cliente\node_modules\jest-circus\build\run.js:71:3)
    at runAndTransformResultsToJestFormat (C:\Users\nicol\OneDrive\Documentos\GitHub\metricas\cliente\node_modules\jest-circus\build\legacy-code-todo-rewrite\jestAdapterInit.js:122:21)
    at jestAdapter (C:\Users\nicol\OneDrive\Documentos\GitHub\metricas\cliente\node_modules\jest-circus\build\legacy-code-todo-rewrite\jestAdapter.js:79:19)
    at runTestInternal (C:\Users\nicol\OneDrive\Documentos\GitHub\metricas\cliente\node_modules\jest-runner\build\runTest.js:367:16)
    at runTest (C:\Users\nicol\OneDrive\Documentos\GitHub\metricas\cliente\node_modules\jest-runner\build\runTest.js:444:34)
    at Object.worker (C:\Users\nicol\OneDrive\Documentos\GitHub\metricas\cliente\node_modules\jest-runner\build\testWorker.js:106:12)</failure>
    </testcase>
    <testcase classname="ListaCancha Component handles deletion error with network failure" name="ListaCancha Component handles deletion error with network failure" time="0.001">
      <failure>ReferenceError: AuthProvider is not defined
    at AuthProvider (C:\Users\nicol\OneDrive\Documentos\GitHub\metricas\cliente\src\components\__tests__\ListaCancha.test.jsx:37:6)
    at renderListaCancha (C:\Users\nicol\OneDrive\Documentos\GitHub\metricas\cliente\src\components\__tests__\ListaCancha.test.jsx:107:5)
    at call (C:\Users\nicol\OneDrive\Documentos\GitHub\metricas\cliente\src\components\__tests__\ListaCancha.test.jsx:2:1)
    at Generator.tryCatch (C:\Users\nicol\OneDrive\Documentos\GitHub\metricas\cliente\src\components\__tests__\ListaCancha.test.jsx:2:1)
    at Generator._invoke [as next] (C:\Users\nicol\OneDrive\Documentos\GitHub\metricas\cliente\src\components\__tests__\ListaCancha.test.jsx:2:1)
    at asyncGeneratorStep (C:\Users\nicol\OneDrive\Documentos\GitHub\metricas\cliente\src\components\__tests__\ListaCancha.test.jsx:2:1)
    at asyncGeneratorStep (C:\Users\nicol\OneDrive\Documentos\GitHub\metricas\cliente\src\components\__tests__\ListaCancha.test.jsx:2:1)
    at _next (C:\Users\nicol\OneDrive\Documentos\GitHub\metricas\cliente\src\components\__tests__\ListaCancha.test.jsx:2:1)
    at new Promise (&lt;anonymous&gt;)
    at Object.&lt;anonymous&gt; (C:\Users\nicol\OneDrive\Documentos\GitHub\metricas\cliente\src\components\__tests__\ListaCancha.test.jsx:2:1)
    at Promise.then.completed (C:\Users\nicol\OneDrive\Documentos\GitHub\metricas\cliente\node_modules\jest-circus\build\utils.js:298:28)
    at new Promise (&lt;anonymous&gt;)
    at callAsyncCircusFn (C:\Users\nicol\OneDrive\Documentos\GitHub\metricas\cliente\node_modules\jest-circus\build\utils.js:231:10)
    at _callCircusTest (C:\Users\nicol\OneDrive\Documentos\GitHub\metricas\cliente\node_modules\jest-circus\build\run.js:316:40)
    at processTicksAndRejections (node:internal/process/task_queues:105:5)
    at _runTest (C:\Users\nicol\OneDrive\Documentos\GitHub\metricas\cliente\node_modules\jest-circus\build\run.js:252:3)
    at _runTestsForDescribeBlock (C:\Users\nicol\OneDrive\Documentos\GitHub\metricas\cliente\node_modules\jest-circus\build\run.js:126:9)
    at _runTestsForDescribeBlock (C:\Users\nicol\OneDrive\Documentos\GitHub\metricas\cliente\node_modules\jest-circus\build\run.js:121:9)
    at run (C:\Users\nicol\OneDrive\Documentos\GitHub\metricas\cliente\node_modules\jest-circus\build\run.js:71:3)
    at runAndTransformResultsToJestFormat (C:\Users\nicol\OneDrive\Documentos\GitHub\metricas\cliente\node_modules\jest-circus\build\legacy-code-todo-rewrite\jestAdapterInit.js:122:21)
    at jestAdapter (C:\Users\nicol\OneDrive\Documentos\GitHub\metricas\cliente\node_modules\jest-circus\build\legacy-code-todo-rewrite\jestAdapter.js:79:19)
    at runTestInternal (C:\Users\nicol\OneDrive\Documentos\GitHub\metricas\cliente\node_modules\jest-runner\build\runTest.js:367:16)
    at runTest (C:\Users\nicol\OneDrive\Documentos\GitHub\metricas\cliente\node_modules\jest-runner\build\runTest.js:444:34)
    at Object.worker (C:\Users\nicol\OneDrive\Documentos\GitHub\metricas\cliente\node_modules\jest-runner\build\testWorker.js:106:12)</failure>
    </testcase>
    <testcase classname="ListaCancha Component navigates to update page when edit button is clicked" name="ListaCancha Component navigates to update page when edit button is clicked" time="0.001">
      <failure>ReferenceError: AuthProvider is not defined
    at AuthProvider (C:\Users\nicol\OneDrive\Documentos\GitHub\metricas\cliente\src\components\__tests__\ListaCancha.test.jsx:37:6)
    at Object.renderListaCancha (C:\Users\nicol\OneDrive\Documentos\GitHub\metricas\cliente\src\components\__tests__\ListaCancha.test.jsx:121:5)
    at Promise.then.completed (C:\Users\nicol\OneDrive\Documentos\GitHub\metricas\cliente\node_modules\jest-circus\build\utils.js:298:28)
    at new Promise (&lt;anonymous&gt;)
    at callAsyncCircusFn (C:\Users\nicol\OneDrive\Documentos\GitHub\metricas\cliente\node_modules\jest-circus\build\utils.js:231:10)
    at _callCircusTest (C:\Users\nicol\OneDrive\Documentos\GitHub\metricas\cliente\node_modules\jest-circus\build\run.js:316:40)
    at processTicksAndRejections (node:internal/process/task_queues:105:5)
    at _runTest (C:\Users\nicol\OneDrive\Documentos\GitHub\metricas\cliente\node_modules\jest-circus\build\run.js:252:3)
    at _runTestsForDescribeBlock (C:\Users\nicol\OneDrive\Documentos\GitHub\metricas\cliente\node_modules\jest-circus\build\run.js:126:9)
    at _runTestsForDescribeBlock (C:\Users\nicol\OneDrive\Documentos\GitHub\metricas\cliente\node_modules\jest-circus\build\run.js:121:9)
    at run (C:\Users\nicol\OneDrive\Documentos\GitHub\metricas\cliente\node_modules\jest-circus\build\run.js:71:3)
    at runAndTransformResultsToJestFormat (C:\Users\nicol\OneDrive\Documentos\GitHub\metricas\cliente\node_modules\jest-circus\build\legacy-code-todo-rewrite\jestAdapterInit.js:122:21)
    at jestAdapter (C:\Users\nicol\OneDrive\Documentos\GitHub\metricas\cliente\node_modules\jest-circus\build\legacy-code-todo-rewrite\jestAdapter.js:79:19)
    at runTestInternal (C:\Users\nicol\OneDrive\Documentos\GitHub\metricas\cliente\node_modules\jest-runner\build\runTest.js:367:16)
    at runTest (C:\Users\nicol\OneDrive\Documentos\GitHub\metricas\cliente\node_modules\jest-runner\build\runTest.js:444:34)
    at Object.worker (C:\Users\nicol\OneDrive\Documentos\GitHub\metricas\cliente\node_modules\jest-runner\build\testWorker.js:106:12)</failure>
    </testcase>
    <testcase classname="ListaCancha Component displays cancha details correctly" name="ListaCancha Component displays cancha details correctly" time="0">
      <failure>ReferenceError: AuthProvider is not defined
    at AuthProvider (C:\Users\nicol\OneDrive\Documentos\GitHub\metricas\cliente\src\components\__tests__\ListaCancha.test.jsx:37:6)
    at Object.renderListaCancha (C:\Users\nicol\OneDrive\Documentos\GitHub\metricas\cliente\src\components\__tests__\ListaCancha.test.jsx:130:5)
    at Promise.then.completed (C:\Users\nicol\OneDrive\Documentos\GitHub\metricas\cliente\node_modules\jest-circus\build\utils.js:298:28)
    at new Promise (&lt;anonymous&gt;)
    at callAsyncCircusFn (C:\Users\nicol\OneDrive\Documentos\GitHub\metricas\cliente\node_modules\jest-circus\build\utils.js:231:10)
    at _callCircusTest (C:\Users\nicol\OneDrive\Documentos\GitHub\metricas\cliente\node_modules\jest-circus\build\run.js:316:40)
    at processTicksAndRejections (node:internal/process/task_queues:105:5)
    at _runTest (C:\Users\nicol\OneDrive\Documentos\GitHub\metricas\cliente\node_modules\jest-circus\build\run.js:252:3)
    at _runTestsForDescribeBlock (C:\Users\nicol\OneDrive\Documentos\GitHub\metricas\cliente\node_modules\jest-circus\build\run.js:126:9)
    at _runTestsForDescribeBlock (C:\Users\nicol\OneDrive\Documentos\GitHub\metricas\cliente\node_modules\jest-circus\build\run.js:121:9)
    at run (C:\Users\nicol\OneDrive\Documentos\GitHub\metricas\cliente\node_modules\jest-circus\build\run.js:71:3)
    at runAndTransformResultsToJestFormat (C:\Users\nicol\OneDrive\Documentos\GitHub\metricas\cliente\node_modules\jest-circus\build\legacy-code-todo-rewrite\jestAdapterInit.js:122:21)
    at jestAdapter (C:\Users\nicol\OneDrive\Documentos\GitHub\metricas\cliente\node_modules\jest-circus\build\legacy-code-todo-rewrite\jestAdapter.js:79:19)
    at runTestInternal (C:\Users\nicol\OneDrive\Documentos\GitHub\metricas\cliente\node_modules\jest-runner\build\runTest.js:367:16)
    at runTest (C:\Users\nicol\OneDrive\Documentos\GitHub\metricas\cliente\node_modules\jest-runner\build\runTest.js:444:34)
    at Object.worker (C:\Users\nicol\OneDrive\Documentos\GitHub\metricas\cliente\node_modules\jest-runner\build\testWorker.js:106:12)</failure>
    </testcase>
    <testcase classname="ListaCancha Component filters canchas by search term" name="ListaCancha Component filters canchas by search term" time="0.001">
      <failure>ReferenceError: AuthProvider is not defined
    at AuthProvider (C:\Users\nicol\OneDrive\Documentos\GitHub\metricas\cliente\src\components\__tests__\ListaCancha.test.jsx:37:6)
    at Object.renderListaCancha (C:\Users\nicol\OneDrive\Documentos\GitHub\metricas\cliente\src\components\__tests__\ListaCancha.test.jsx:140:5)
    at Promise.then.completed (C:\Users\nicol\OneDrive\Documentos\GitHub\metricas\cliente\node_modules\jest-circus\build\utils.js:298:28)
    at new Promise (&lt;anonymous&gt;)
    at callAsyncCircusFn (C:\Users\nicol\OneDrive\Documentos\GitHub\metricas\cliente\node_modules\jest-circus\build\utils.js:231:10)
    at _callCircusTest (C:\Users\nicol\OneDrive\Documentos\GitHub\metricas\cliente\node_modules\jest-circus\build\run.js:316:40)
    at processTicksAndRejections (node:internal/process/task_queues:105:5)
    at _runTest (C:\Users\nicol\OneDrive\Documentos\GitHub\metricas\cliente\node_modules\jest-circus\build\run.js:252:3)
    at _runTestsForDescribeBlock (C:\Users\nicol\OneDrive\Documentos\GitHub\metricas\cliente\node_modules\jest-circus\build\run.js:126:9)
    at _runTestsForDescribeBlock (C:\Users\nicol\OneDrive\Documentos\GitHub\metricas\cliente\node_modules\jest-circus\build\run.js:121:9)
    at run (C:\Users\nicol\OneDrive\Documentos\GitHub\metricas\cliente\node_modules\jest-circus\build\run.js:71:3)
    at runAndTransformResultsToJestFormat (C:\Users\nicol\OneDrive\Documentos\GitHub\metricas\cliente\node_modules\jest-circus\build\legacy-code-todo-rewrite\jestAdapterInit.js:122:21)
    at jestAdapter (C:\Users\nicol\OneDrive\Documentos\GitHub\metricas\cliente\node_modules\jest-circus\build\legacy-code-todo-rewrite\jestAdapter.js:79:19)
    at runTestInternal (C:\Users\nicol\OneDrive\Documentos\GitHub\metricas\cliente\node_modules\jest-runner\build\runTest.js:367:16)
    at runTest (C:\Users\nicol\OneDrive\Documentos\GitHub\metricas\cliente\node_modules\jest-runner\build\runTest.js:444:34)
    at Object.worker (C:\Users\nicol\OneDrive\Documentos\GitHub\metricas\cliente\node_modules\jest-runner\build\testWorker.js:106:12)</failure>
    </testcase>
    <testcase classname="ListaCancha Component sorts canchas by price" name="ListaCancha Component sorts canchas by price" time="0.001">
      <failure>ReferenceError: AuthProvider is not defined
    at AuthProvider (C:\Users\nicol\OneDrive\Documentos\GitHub\metricas\cliente\src\components\__tests__\ListaCancha.test.jsx:37:6)
    at Object.renderListaCancha (C:\Users\nicol\OneDrive\Documentos\GitHub\metricas\cliente\src\components\__tests__\ListaCancha.test.jsx:150:5)
    at Promise.then.completed (C:\Users\nicol\OneDrive\Documentos\GitHub\metricas\cliente\node_modules\jest-circus\build\utils.js:298:28)
    at new Promise (&lt;anonymous&gt;)
    at callAsyncCircusFn (C:\Users\nicol\OneDrive\Documentos\GitHub\metricas\cliente\node_modules\jest-circus\build\utils.js:231:10)
    at _callCircusTest (C:\Users\nicol\OneDrive\Documentos\GitHub\metricas\cliente\node_modules\jest-circus\build\run.js:316:40)
    at processTicksAndRejections (node:internal/process/task_queues:105:5)
    at _runTest (C:\Users\nicol\OneDrive\Documentos\GitHub\metricas\cliente\node_modules\jest-circus\build\run.js:252:3)
    at _runTestsForDescribeBlock (C:\Users\nicol\OneDrive\Documentos\GitHub\metricas\cliente\node_modules\jest-circus\build\run.js:126:9)
    at _runTestsForDescribeBlock (C:\Users\nicol\OneDrive\Documentos\GitHub\metricas\cliente\node_modules\jest-circus\build\run.js:121:9)
    at run (C:\Users\nicol\OneDrive\Documentos\GitHub\metricas\cliente\node_modules\jest-circus\build\run.js:71:3)
    at runAndTransformResultsToJestFormat (C:\Users\nicol\OneDrive\Documentos\GitHub\metricas\cliente\node_modules\jest-circus\build\legacy-code-todo-rewrite\jestAdapterInit.js:122:21)
    at jestAdapter (C:\Users\nicol\OneDrive\Documentos\GitHub\metricas\cliente\node_modules\jest-circus\build\legacy-code-todo-rewrite\jestAdapter.js:79:19)
    at runTestInternal (C:\Users\nicol\OneDrive\Documentos\GitHub\metricas\cliente\node_modules\jest-runner\build\runTest.js:367:16)
    at runTest (C:\Users\nicol\OneDrive\Documentos\GitHub\metricas\cliente\node_modules\jest-runner\build\runTest.js:444:34)
    at Object.worker (C:\Users\nicol\OneDrive\Documentos\GitHub\metricas\cliente\node_modules\jest-runner\build\testWorker.js:106:12)</failure>
    </testcase>
  </testsuite>
</testsuites>